2018-08-01 16:15:51.040  INFO 14140 --- [main] com.simba.RealtimeApiApplicationStart    : The following profiles are active: dev
2018-08-01 16:15:51.054  INFO 14140 --- [main] ationConfigEmbeddedWebApplicationContext : Refreshing org.springframework.boot.context.embedded.AnnotationConfigEmbeddedWebApplicationContext@2392212b: startup date [Wed Aug 01 16:15:51 CST 2018]; parent: org.springframework.context.annotation.AnnotationConfigApplicationContext@934b6cb
2018-08-01 16:15:52.373  INFO 14140 --- [main] o.s.b.f.s.DefaultListableBeanFactory     : Overriding bean definition for bean 'druidServlet' with a different definition: replacing [Root bean: class [null]; scope=; abstract=false; lazyInit=false; autowireMode=3; dependencyCheck=0; autowireCandidate=true; primary=false; factoryBeanName=kaptchaConfiguration; factoryMethodName=druidServlet; initMethodName=null; destroyMethodName=(inferred); defined in class path resource [com/simba/kaptcha/KaptchaConfiguration.class]] with [Root bean: class [null]; scope=; abstract=false; lazyInit=false; autowireMode=3; dependencyCheck=0; autowireCandidate=true; primary=false; factoryBeanName=druidConfiguration; factoryMethodName=druidServlet; initMethodName=null; destroyMethodName=(inferred); defined in class path resource [com/simba/framework/util/jdbc/DruidConfiguration.class]]
2018-08-01 16:15:52.374  INFO 14140 --- [main] o.s.b.f.s.DefaultListableBeanFactory     : Overriding bean definition for bean 'filterRegistrationBean' with a different definition: replacing [Root bean: class [null]; scope=; abstract=false; lazyInit=false; autowireMode=3; dependencyCheck=0; autowireCandidate=true; primary=false; factoryBeanName=sessionConfig; factoryMethodName=filterRegistrationBean; initMethodName=null; destroyMethodName=(inferred); defined in class path resource [com/simba/framework/session/config/SessionConfig.class]] with [Root bean: class [null]; scope=; abstract=false; lazyInit=false; autowireMode=3; dependencyCheck=0; autowireCandidate=true; primary=false; factoryBeanName=druidConfiguration; factoryMethodName=filterRegistrationBean; initMethodName=null; destroyMethodName=(inferred); defined in class path resource [com/simba/framework/util/jdbc/DruidConfiguration.class]]
2018-08-01 16:15:52.655  INFO 14140 --- [main] .s.d.r.c.RepositoryConfigurationDelegate : Multiple Spring Data modules found, entering strict repository configuration mode!
2018-08-01 16:15:53.086  INFO 14140 --- [main] o.s.cloud.context.scope.GenericScope     : BeanFactory id=cc539dc8-2acd-3334-be3c-8ceceeb6b8be
2018-08-01 16:15:53.159  INFO 14140 --- [main] f.a.AutowiredAnnotationBeanPostProcessor : JSR-330 'javax.inject.Inject' annotation found and supported for autowiring
2018-08-01 16:15:53.643  INFO 14140 --- [main] trationDelegate$BeanPostProcessorChecker : Bean 'org.springframework.transaction.annotation.ProxyTransactionManagementConfiguration' of type [org.springframework.transaction.annotation.ProxyTransactionManagementConfiguration$$EnhancerBySpringCGLIB$$9bc76627] is not eligible for getting processed by all BeanPostProcessors (for example: not eligible for auto-proxying)
2018-08-01 16:15:53.808  INFO 14140 --- [main] trationDelegate$BeanPostProcessorChecker : Bean 'org.springframework.cache.annotation.ProxyCachingConfiguration' of type [org.springframework.cache.annotation.ProxyCachingConfiguration$$EnhancerBySpringCGLIB$$e4d99c45] is not eligible for getting processed by all BeanPostProcessors (for example: not eligible for auto-proxying)
2018-08-01 16:15:53.847  INFO 14140 --- [main] trationDelegate$BeanPostProcessorChecker : Bean 'org.springframework.boot.autoconfigure.cache.CacheAutoConfiguration' of type [org.springframework.boot.autoconfigure.cache.CacheAutoConfiguration$$EnhancerBySpringCGLIB$$d94d60e9] is not eligible for getting processed by all BeanPostProcessors (for example: not eligible for auto-proxying)
2018-08-01 16:15:53.892  INFO 14140 --- [main] trationDelegate$BeanPostProcessorChecker : Bean 'spring.cache-org.springframework.boot.autoconfigure.cache.CacheProperties' of type [org.springframework.boot.autoconfigure.cache.CacheProperties] is not eligible for getting processed by all BeanPostProcessors (for example: not eligible for auto-proxying)
2018-08-01 16:15:53.913  INFO 14140 --- [main] trationDelegate$BeanPostProcessorChecker : Bean 'cacheManagerCustomizers' of type [org.springframework.boot.autoconfigure.cache.CacheManagerCustomizers] is not eligible for getting processed by all BeanPostProcessors (for example: not eligible for auto-proxying)
2018-08-01 16:15:53.920  INFO 14140 --- [main] trationDelegate$BeanPostProcessorChecker : Bean 'org.springframework.boot.autoconfigure.cache.RedisCacheConfiguration' of type [org.springframework.boot.autoconfigure.cache.RedisCacheConfiguration$$EnhancerBySpringCGLIB$$89defd43] is not eligible for getting processed by all BeanPostProcessors (for example: not eligible for auto-proxying)
2018-08-01 16:15:53.942  INFO 14140 --- [main] trationDelegate$BeanPostProcessorChecker : Bean 'org.springframework.boot.autoconfigure.data.redis.RedisAutoConfiguration$RedisConfiguration' of type [org.springframework.boot.autoconfigure.data.redis.RedisAutoConfiguration$RedisConfiguration$$EnhancerBySpringCGLIB$$e169ebb4] is not eligible for getting processed by all BeanPostProcessors (for example: not eligible for auto-proxying)
2018-08-01 16:15:53.988  INFO 14140 --- [main] trationDelegate$BeanPostProcessorChecker : Bean 'spring.redis-org.springframework.boot.autoconfigure.data.redis.RedisProperties' of type [org.springframework.boot.autoconfigure.data.redis.RedisProperties] is not eligible for getting processed by all BeanPostProcessors (for example: not eligible for auto-proxying)
2018-08-01 16:15:54.024  INFO 14140 --- [main] trationDelegate$BeanPostProcessorChecker : Bean 'org.springframework.boot.autoconfigure.data.redis.RedisAutoConfiguration$RedisConnectionConfiguration' of type [org.springframework.boot.autoconfigure.data.redis.RedisAutoConfiguration$RedisConnectionConfiguration$$EnhancerBySpringCGLIB$$2fc18d36] is not eligible for getting processed by all BeanPostProcessors (for example: not eligible for auto-proxying)
2018-08-01 16:15:54.218  INFO 14140 --- [main] trationDelegate$BeanPostProcessorChecker : Bean 'redisConnectionFactory' of type [org.springframework.data.redis.connection.jedis.JedisConnectionFactory] is not eligible for getting processed by all BeanPostProcessors (for example: not eligible for auto-proxying)
2018-08-01 16:15:54.287  INFO 14140 --- [main] trationDelegate$BeanPostProcessorChecker : Bean 'redisTemplate' of type [org.springframework.data.redis.core.RedisTemplate] is not eligible for getting processed by all BeanPostProcessors (for example: not eligible for auto-proxying)
2018-08-01 16:15:54.412  INFO 14140 --- [main] trationDelegate$BeanPostProcessorChecker : Bean 'cacheManager' of type [org.springframework.data.redis.cache.RedisCacheManager] is not eligible for getting processed by all BeanPostProcessors (for example: not eligible for auto-proxying)
2018-08-01 16:15:54.434  INFO 14140 --- [main] trationDelegate$BeanPostProcessorChecker : Bean 'cacheAutoConfigurationValidator' of type [org.springframework.boot.autoconfigure.cache.CacheAutoConfiguration$CacheManagerValidator] is not eligible for getting processed by all BeanPostProcessors (for example: not eligible for auto-proxying)
2018-08-01 16:15:54.501  INFO 14140 --- [main] trationDelegate$BeanPostProcessorChecker : Bean 'org.springframework.cloud.netflix.metrics.MetricsInterceptorConfiguration$MetricsRestTemplateConfiguration' of type [org.springframework.cloud.netflix.metrics.MetricsInterceptorConfiguration$MetricsRestTemplateConfiguration$$EnhancerBySpringCGLIB$$cdf40c68] is not eligible for getting processed by all BeanPostProcessors (for example: not eligible for auto-proxying)
2018-08-01 16:15:54.618  INFO 14140 --- [main] trationDelegate$BeanPostProcessorChecker : Bean 'org.springframework.cloud.autoconfigure.ConfigurationPropertiesRebinderAutoConfiguration' of type [org.springframework.cloud.autoconfigure.ConfigurationPropertiesRebinderAutoConfiguration$$EnhancerBySpringCGLIB$$b7e16924] is not eligible for getting processed by all BeanPostProcessors (for example: not eligible for auto-proxying)
2018-08-01 16:15:55.190  INFO 14140 --- [main] s.b.c.e.t.TomcatEmbeddedServletContainer : Tomcat initialized with port(s): 6987 (http)
2018-08-01 16:15:55.200  INFO 14140 --- [main] o.apache.catalina.core.StandardService   : Starting service Tomcat
2018-08-01 16:15:55.200  INFO 14140 --- [main] org.apache.catalina.core.StandardEngine  : Starting Servlet Engine: Apache Tomcat/8.5.14
2018-08-01 16:15:55.354  INFO 14140 --- [localhost-startStop-1] o.a.c.c.C.[Tomcat].[localhost].[/]       : Initializing Spring embedded WebApplicationContext
2018-08-01 16:15:55.354  INFO 14140 --- [localhost-startStop-1] o.s.web.context.ContextLoader            : Root WebApplicationContext: initialization completed in 4300 ms
2018-08-01 16:15:55.387  INFO 14140 --- [localhost-startStop-1] c.s.f.util.jdbc.DruidConfiguration       : =====================init Druid Servlet Configuration 
2018-08-01 16:15:55.481  INFO 14140 --- [localhost-startStop-1] c.s.f.session.config.SessionConfig       : =====================init session listener Configuration==============================
2018-08-01 16:15:55.495  INFO 14140 --- [localhost-startStop-1] c.s.f.util.jdbc.DruidConfiguration       : =====================init Druid filter Configuration 
2018-08-01 16:15:56.318  INFO 14140 --- [localhost-startStop-1] o.s.b.w.servlet.ServletRegistrationBean  : Mapping servlet: 'statViewServlet' to [/druid/*]
2018-08-01 16:15:56.319  INFO 14140 --- [localhost-startStop-1] o.s.b.w.servlet.ServletRegistrationBean  : Mapping servlet: 'dispatcherServlet' to [/]
2018-08-01 16:15:56.325  INFO 14140 --- [localhost-startStop-1] o.s.b.w.servlet.FilterRegistrationBean   : Mapping filter: 'metricsFilter' to: [/*]
2018-08-01 16:15:56.326  INFO 14140 --- [localhost-startStop-1] o.s.b.w.servlet.FilterRegistrationBean   : Mapping filter: 'characterEncodingFilter' to: [/*]
2018-08-01 16:15:56.326  INFO 14140 --- [localhost-startStop-1] o.s.b.w.servlet.FilterRegistrationBean   : Mapping filter: 'hiddenHttpMethodFilter' to: [/*]
2018-08-01 16:15:56.326  INFO 14140 --- [localhost-startStop-1] o.s.b.w.servlet.FilterRegistrationBean   : Mapping filter: 'httpPutFormContentFilter' to: [/*]
2018-08-01 16:15:56.326  INFO 14140 --- [localhost-startStop-1] o.s.b.w.servlet.FilterRegistrationBean   : Mapping filter: 'requestContextFilter' to: [/*]
2018-08-01 16:15:56.326  INFO 14140 --- [localhost-startStop-1] o.s.b.w.servlet.FilterRegistrationBean   : Mapping filter: 'webRequestLoggingFilter' to: [/*]
2018-08-01 16:15:56.326  INFO 14140 --- [localhost-startStop-1] o.s.b.w.servlet.FilterRegistrationBean   : Mapping filter: 'webStatFilter' to urls: [/*]
2018-08-01 16:15:56.326  INFO 14140 --- [localhost-startStop-1] o.s.b.w.servlet.FilterRegistrationBean   : Mapping filter: 'sessionFilter' to: [/*]
2018-08-01 16:15:56.327  INFO 14140 --- [localhost-startStop-1] o.s.b.w.servlet.FilterRegistrationBean   : Mapping filter: 'applicationContextIdFilter' to: [/*]
2018-08-01 16:15:56.346  INFO 14140 --- [localhost-startStop-1] c.simba.framework.session.SessionFilter  : *****************获取配置文件设置session过期时间为:1800000
2018-08-01 16:15:56.350  INFO 14140 --- [localhost-startStop-1] c.s.f.session.DisSessionRequestWrapper   : ****************设置session过期时间为1800000
2018-08-01 16:15:56.480  INFO 14140 --- [main] o.s.s.concurrent.ThreadPoolTaskExecutor  : Initializing ExecutorService  'taskExecutor'
2018-08-01 16:15:56.727  INFO 14140 --- [main] c.s.f.distributed.DistributedUtil        : 订阅集群频道成功
2018-08-01 16:15:56.767  INFO 14140 --- [main] com.simba.cache.RedisUtil                : pool:redis.clients.jedis.JedisPool@2f73f0c7
2018-08-01 16:15:56.828  INFO 14140 --- [main] com.simba.cache.RedisClusterUtil         : 没有配置redis集群(redis.cluster.address)[ip1:port1,ip2:port2]，不启动redis集群客户端
2018-08-01 16:15:56.874  INFO 14140 --- [main] c.s.f.u.a.ApplicationContextUtil         : ****************************init ApplicationContext successfully:org.springframework.boot.context.embedded.AnnotationConfigEmbeddedWebApplicationContext
2018-08-01 16:15:56.896  INFO 14140 --- [main] c.s.f.u.b.PageParameterBeanPostProcessor : 注入集群方法:com.simba.cluster.registryTable.RegistryTableClusterExecute
2018-08-01 16:15:58.130  INFO 14140 --- [main] com.simba.framework.util.jdbc.Jdbc       : init
2018-08-01 16:15:58.252  INFO 14140 --- [main] com.simba.framework.util.jdbc.Jdbc       : sql:select * from registryTable
2018-08-01 16:15:58.520  INFO 14140 --- [main] com.alibaba.druid.pool.DruidDataSource   : {dataSource-1} inited
2018-08-01 16:15:58.614  INFO 14140 --- [main] com.simba.framework.util.jdbc.Jdbc       : result size:9 sql:select * from registryTable
2018-08-01 16:15:58.915  INFO 14140 --- [main] c.s.f.u.b.PageParameterBeanPostProcessor : 注入集群方法:com.simba.websocket.distributed.UserIdMessageClusterExecute
2018-08-01 16:16:01.084  INFO 14140 --- [main] o.a.c.c.C.[Tomcat].[localhost].[/]       : jolokia: No access restrictor found, access to any MBean is allowed
2018-08-01 16:16:01.838  INFO 14140 --- [main] s.w.s.m.m.a.RequestMappingHandlerMapping : Mapped "{[/captcha/get],methods=[GET]}" onto public void com.simba.controller.CaptchaController.get(javax.servlet.http.HttpServletRequest,javax.servlet.http.HttpServletResponse) throws java.io.IOException
2018-08-01 16:16:01.839  INFO 14140 --- [main] s.w.s.m.m.a.RequestMappingHandlerMapping : Mapped "{[/download/download],methods=[GET]}" onto public void com.simba.controller.DownloadController.download(java.lang.String,javax.servlet.http.HttpServletResponse)
2018-08-01 16:16:01.840  INFO 14140 --- [main] s.w.s.m.m.a.RequestMappingHandlerMapping : Mapped "{[/myerror]}" onto public java.lang.String com.simba.controller.ErrorPageController.error()
2018-08-01 16:16:01.840  INFO 14140 --- [main] s.w.s.m.m.a.RequestMappingHandlerMapping : Mapped "{[/myforbid]}" onto public java.lang.String com.simba.controller.ErrorPageController.forbid()
2018-08-01 16:16:01.840  INFO 14140 --- [main] s.w.s.m.m.a.RequestMappingHandlerMapping : Mapped "{[/mynopage]}" onto public java.lang.String com.simba.controller.ErrorPageController.nopage()
2018-08-01 16:16:01.841  INFO 14140 --- [main] s.w.s.m.m.a.RequestMappingHandlerMapping : Mapped "{[/ping],methods=[GET]}" onto public java.lang.String com.simba.controller.PingController.ping()
2018-08-01 16:16:01.843  INFO 14140 --- [main] s.w.s.m.m.a.RequestMappingHandlerMapping : Mapped "{[/qrcode/read],methods=[POST]}" onto public java.lang.String com.simba.controller.QrcodeController.read(org.springframework.web.multipart.MultipartFile) throws java.io.IOException,com.google.zxing.NotFoundException
2018-08-01 16:16:01.844  INFO 14140 --- [main] s.w.s.m.m.a.RequestMappingHandlerMapping : Mapped "{[/qrcode/download],methods=[GET]}" onto public void com.simba.controller.QrcodeController.download(java.lang.String,java.lang.Integer,java.lang.Integer,javax.servlet.http.HttpServletResponse) throws java.io.IOException,com.google.zxing.WriterException
2018-08-01 16:16:01.845  INFO 14140 --- [main] s.w.s.m.m.a.RequestMappingHandlerMapping : Mapped "{[/session/getSid],methods=[GET]}" onto public java.lang.String com.simba.controller.SessionController.getSid(javax.servlet.http.HttpServletRequest)
2018-08-01 16:16:01.847  INFO 14140 --- [main] s.w.s.m.m.a.RequestMappingHandlerMapping : Mapped "{[/kaptcha/check]}" onto public com.simba.framework.util.json.JsonResult com.simba.kaptcha.KaptchaController.check(java.lang.String,javax.servlet.http.HttpSession)
2018-08-01 16:16:01.849  INFO 14140 --- [main] s.w.s.m.m.a.RequestMappingHandlerMapping : Mapped "{[/api/registry/get]}" onto public com.simba.framework.util.json.JsonResult com.simba.registry.controller.api.RegistryApiController.get(java.lang.String)
2018-08-01 16:16:01.852  INFO 14140 --- [main] s.w.s.m.m.a.RequestMappingHandlerMapping : Mapped "{[/registryTable/add]}" onto public java.lang.String com.simba.registry.controller.RegistryTableController.add(com.simba.registry.model.RegistryTable,org.springframework.ui.ModelMap)
2018-08-01 16:16:01.853  INFO 14140 --- [main] s.w.s.m.m.a.RequestMappingHandlerMapping : Mapped "{[/registryTable/count]}" onto public com.simba.framework.util.json.JsonResult com.simba.registry.controller.RegistryTableController.count(int)
2018-08-01 16:16:01.853  INFO 14140 --- [main] s.w.s.m.m.a.RequestMappingHandlerMapping : Mapped "{[/registryTable/update]}" onto public java.lang.String com.simba.registry.controller.RegistryTableController.update(com.simba.registry.model.RegistryTable,org.springframework.ui.ModelMap)
2018-08-01 16:16:01.853  INFO 14140 --- [main] s.w.s.m.m.a.RequestMappingHandlerMapping : Mapped "{[/registryTable/delete]}" onto public com.simba.framework.util.json.JsonResult com.simba.registry.controller.RegistryTableController.delete(int,org.springframework.ui.ModelMap)
2018-08-01 16:16:01.853  INFO 14140 --- [main] s.w.s.m.m.a.RequestMappingHandlerMapping : Mapped "{[/registryTable/list]}" onto public java.lang.String com.simba.registry.controller.RegistryTableController.list(java.lang.Integer,org.springframework.ui.ModelMap)
2018-08-01 16:16:01.853  INFO 14140 --- [main] s.w.s.m.m.a.RequestMappingHandlerMapping : Mapped "{[/registryTable/toAdd]}" onto public java.lang.String com.simba.registry.controller.RegistryTableController.toAdd(int,org.springframework.ui.ModelMap)
2018-08-01 16:16:01.853  INFO 14140 --- [main] s.w.s.m.m.a.RequestMappingHandlerMapping : Mapped "{[/registryTable/getList]}" onto public java.lang.String com.simba.registry.controller.RegistryTableController.getList(int,com.simba.framework.util.jdbc.Pager,org.springframework.ui.ModelMap)
2018-08-01 16:16:01.865  INFO 14140 --- [main] s.w.s.m.m.a.RequestMappingHandlerMapping : Mapped "{[/registryTable/toUpdate]}" onto public java.lang.String com.simba.registry.controller.RegistryTableController.toUpdate(int,org.springframework.ui.ModelMap)
2018-08-01 16:16:01.865  INFO 14140 --- [main] s.w.s.m.m.a.RequestMappingHandlerMapping : Mapped "{[/registryTable/batchDelete]}" onto public com.simba.framework.util.json.JsonResult com.simba.registry.controller.RegistryTableController.batchDelete(java.lang.Integer[],org.springframework.ui.ModelMap)
2018-08-01 16:16:01.866  INFO 14140 --- [main] s.w.s.m.m.a.RequestMappingHandlerMapping : Mapped "{[/registryTable/exportSql]}" onto public void com.simba.registry.controller.RegistryTableController.exportSql(javax.servlet.http.HttpServletResponse) throws freemarker.template.TemplateNotFoundException,freemarker.template.MalformedTemplateNameException,java.text.ParseException,java.io.IOException,freemarker.template.TemplateException
2018-08-01 16:16:01.867  INFO 14140 --- [main] s.w.s.m.m.a.RequestMappingHandlerMapping : Mapped "{[/registryType/add]}" onto public java.lang.String com.simba.registry.controller.RegistryTypeController.add(com.simba.registry.model.RegistryType)
2018-08-01 16:16:01.868  INFO 14140 --- [main] s.w.s.m.m.a.RequestMappingHandlerMapping : Mapped "{[/registryType/update]}" onto public java.lang.String com.simba.registry.controller.RegistryTypeController.update(com.simba.registry.model.RegistryType)
2018-08-01 16:16:01.868  INFO 14140 --- [main] s.w.s.m.m.a.RequestMappingHandlerMapping : Mapped "{[/registryType/delete]}" onto public com.simba.framework.util.json.JsonResult com.simba.registry.controller.RegistryTypeController.delete(int,org.springframework.ui.ModelMap)
2018-08-01 16:16:01.868  INFO 14140 --- [main] s.w.s.m.m.a.RequestMappingHandlerMapping : Mapped "{[/registryType/list]}" onto public java.lang.String com.simba.registry.controller.RegistryTypeController.list(java.lang.Integer,org.springframework.ui.ModelMap)
2018-08-01 16:16:01.868  INFO 14140 --- [main] s.w.s.m.m.a.RequestMappingHandlerMapping : Mapped "{[/registryType/toAdd]}" onto public java.lang.String com.simba.registry.controller.RegistryTypeController.toAdd(int,org.springframework.ui.ModelMap)
2018-08-01 16:16:01.869  INFO 14140 --- [main] s.w.s.m.m.a.RequestMappingHandlerMapping : Mapped "{[/registryType/toUpdate]}" onto public java.lang.String com.simba.registry.controller.RegistryTypeController.toUpdate(int,org.springframework.ui.ModelMap)
2018-08-01 16:16:01.869  INFO 14140 --- [main] s.w.s.m.m.a.RequestMappingHandlerMapping : Mapped "{[/registryType/batchDelete]}" onto public com.simba.framework.util.json.JsonResult com.simba.registry.controller.RegistryTypeController.batchDelete(java.lang.Integer[],org.springframework.ui.ModelMap)
2018-08-01 16:16:01.869  INFO 14140 --- [main] s.w.s.m.m.a.RequestMappingHandlerMapping : Mapped "{[/registryType/getRegistryTypeTree]}" onto public java.util.List<com.simba.bootstrap.model.TreeViewData> com.simba.registry.controller.RegistryTypeController.getRegistryTypeTree()
2018-08-01 16:16:01.870  INFO 14140 --- [main] s.w.s.m.m.a.RequestMappingHandlerMapping : Mapped "{[/registryType/getRegistryTypeList]}" onto public java.lang.String com.simba.registry.controller.RegistryTypeController.getRegistryTypeList(int,org.springframework.ui.ModelMap)
2018-08-01 16:16:01.877  INFO 14140 --- [main] s.w.s.m.m.a.RequestMappingHandlerMapping : Mapped "{[/realTimeMessage/add]}" onto public java.lang.String com.simba.controller.RealTimeMessageController.add(com.simba.model.RealTimeMessage)
2018-08-01 16:16:01.878  INFO 14140 --- [main] s.w.s.m.m.a.RequestMappingHandlerMapping : Mapped "{[/realTimeMessage/count]}" onto public com.simba.framework.util.json.JsonResult com.simba.controller.RealTimeMessageController.count(com.simba.model.form.RealTimeMessageSearchForm)
2018-08-01 16:16:01.878  INFO 14140 --- [main] s.w.s.m.m.a.RequestMappingHandlerMapping : Mapped "{[/realTimeMessage/update]}" onto public java.lang.String com.simba.controller.RealTimeMessageController.update(com.simba.model.RealTimeMessage)
2018-08-01 16:16:01.878  INFO 14140 --- [main] s.w.s.m.m.a.RequestMappingHandlerMapping : Mapped "{[/realTimeMessage/delete]}" onto public com.simba.framework.util.json.JsonResult com.simba.controller.RealTimeMessageController.delete(java.lang.Long,org.springframework.ui.ModelMap)
2018-08-01 16:16:01.878  INFO 14140 --- [main] s.w.s.m.m.a.RequestMappingHandlerMapping : Mapped "{[/realTimeMessage/list]}" onto public java.lang.String com.simba.controller.RealTimeMessageController.list()
2018-08-01 16:16:01.878  INFO 14140 --- [main] s.w.s.m.m.a.RequestMappingHandlerMapping : Mapped "{[/realTimeMessage/toAdd]}" onto public java.lang.String com.simba.controller.RealTimeMessageController.toAdd()
2018-08-01 16:16:01.879  INFO 14140 --- [main] s.w.s.m.m.a.RequestMappingHandlerMapping : Mapped "{[/realTimeMessage/getList]}" onto public java.lang.String com.simba.controller.RealTimeMessageController.getList(com.simba.framework.util.jdbc.Pager,com.simba.model.form.RealTimeMessageSearchForm,org.springframework.ui.ModelMap)
2018-08-01 16:16:01.879  INFO 14140 --- [main] s.w.s.m.m.a.RequestMappingHandlerMapping : Mapped "{[/realTimeMessage/toUpdate]}" onto public java.lang.String com.simba.controller.RealTimeMessageController.toUpdate(java.lang.Long,org.springframework.ui.ModelMap)
2018-08-01 16:16:01.879  INFO 14140 --- [main] s.w.s.m.m.a.RequestMappingHandlerMapping : Mapped "{[/realTimeMessage/batchDelete]}" onto public com.simba.framework.util.json.JsonResult com.simba.controller.RealTimeMessageController.batchDelete(java.lang.Long[],org.springframework.ui.ModelMap)
2018-08-01 16:16:01.879  INFO 14140 --- [main] s.w.s.m.m.a.RequestMappingHandlerMapping : Mapped "{[/realTimeMessage/monitoring]}" onto public java.lang.String com.simba.controller.RealTimeMessageController.monitoring(org.springframework.ui.ModelMap)
2018-08-01 16:16:01.879  INFO 14140 --- [main] s.w.s.m.m.a.RequestMappingHandlerMapping : Mapped "{[/server/api/realTimeMessage/send]}" onto public com.simba.framework.util.json.JsonResult com.simba.controller.server.api.SendRealTimeMessageController.sendByUserId(java.lang.String,java.lang.String,java.lang.String)
2018-08-01 16:16:01.882  INFO 14140 --- [main] s.w.s.m.m.a.RequestMappingHandlerMapping : Mapped "{[/swagger-resources/configuration/ui]}" onto public org.springframework.http.ResponseEntity<springfox.documentation.swagger.web.UiConfiguration> springfox.documentation.swagger.web.ApiResourceController.uiConfiguration()
2018-08-01 16:16:01.884  INFO 14140 --- [main] s.w.s.m.m.a.RequestMappingHandlerMapping : Mapped "{[/swagger-resources]}" onto public org.springframework.http.ResponseEntity<java.util.List<springfox.documentation.swagger.web.SwaggerResource>> springfox.documentation.swagger.web.ApiResourceController.swaggerResources()
2018-08-01 16:16:01.885  INFO 14140 --- [main] s.w.s.m.m.a.RequestMappingHandlerMapping : Mapped "{[/swagger-resources/configuration/security]}" onto public org.springframework.http.ResponseEntity<springfox.documentation.swagger.web.SecurityConfiguration> springfox.documentation.swagger.web.ApiResourceController.securityConfiguration()
2018-08-01 16:16:01.888  INFO 14140 --- [main] s.w.s.m.m.a.RequestMappingHandlerMapping : Mapped "{[/error]}" onto public org.springframework.http.ResponseEntity<java.util.Map<java.lang.String, java.lang.Object>> org.springframework.boot.autoconfigure.web.BasicErrorController.error(javax.servlet.http.HttpServletRequest)
2018-08-01 16:16:01.889  INFO 14140 --- [main] s.w.s.m.m.a.RequestMappingHandlerMapping : Mapped "{[/error],produces=[text/html]}" onto public org.springframework.web.servlet.ModelAndView org.springframework.boot.autoconfigure.web.BasicErrorController.errorHtml(javax.servlet.http.HttpServletRequest,javax.servlet.http.HttpServletResponse)
2018-08-01 16:16:01.999  WARN 14140 --- [main] c.n.c.sources.URLConfigurationSource     : No URLs will be polled as dynamic configuration sources.
2018-08-01 16:16:01.999  INFO 14140 --- [main] c.n.c.sources.URLConfigurationSource     : To enable URLs as dynamic configuration sources, define System property archaius.configurationSource.additionalUrls or make config.properties available on classpath.
2018-08-01 16:16:02.010  INFO 14140 --- [main] c.netflix.config.DynamicPropertyFactory  : DynamicPropertyFactory is initialized with configuration sources: com.netflix.config.ConcurrentCompositeConfiguration@c8d20bb
2018-08-01 16:16:04.547  INFO 14140 --- [main] o.s.b.a.e.mvc.EndpointHandlerMapping     : Mapped "{[/configprops || /configprops.json],methods=[GET],produces=[application/vnd.spring-boot.actuator.v1+json || application/json]}" onto public java.lang.Object org.springframework.boot.actuate.endpoint.mvc.EndpointMvcAdapter.invoke()
2018-08-01 16:16:04.548  INFO 14140 --- [main] o.s.b.a.e.mvc.EndpointHandlerMapping     : Mapped "{[/features || /features.json],methods=[GET],produces=[application/vnd.spring-boot.actuator.v1+json || application/json]}" onto public java.lang.Object org.springframework.boot.actuate.endpoint.mvc.EndpointMvcAdapter.invoke()
2018-08-01 16:16:04.549  INFO 14140 --- [main] o.s.b.a.e.mvc.EndpointHandlerMapping     : Mapped "{[/logfile || /logfile.json],methods=[GET || HEAD]}" onto public void org.springframework.boot.actuate.endpoint.mvc.LogFileMvcEndpoint.invoke(javax.servlet.http.HttpServletRequest,javax.servlet.http.HttpServletResponse) throws javax.servlet.ServletException,java.io.IOException
2018-08-01 16:16:04.550  INFO 14140 --- [main] o.s.b.a.e.mvc.EndpointHandlerMapping     : Mapped "{[/heapdump || /heapdump.json],methods=[GET],produces=[application/octet-stream]}" onto public void org.springframework.boot.actuate.endpoint.mvc.HeapdumpMvcEndpoint.invoke(boolean,javax.servlet.http.HttpServletRequest,javax.servlet.http.HttpServletResponse) throws java.io.IOException,javax.servlet.ServletException
2018-08-01 16:16:04.551  INFO 14140 --- [main] o.s.b.a.e.mvc.EndpointHandlerMapping     : Mapped "{[/auditevents || /auditevents.json],methods=[GET],produces=[application/vnd.spring-boot.actuator.v1+json || application/json]}" onto public org.springframework.http.ResponseEntity<?> org.springframework.boot.actuate.endpoint.mvc.AuditEventsMvcEndpoint.findByPrincipalAndAfterAndType(java.lang.String,java.util.Date,java.lang.String)
2018-08-01 16:16:04.552  INFO 14140 --- [main] o.s.b.a.e.mvc.EndpointHandlerMapping     : Mapped "{[/service-registry/instance-status],methods=[GET]}" onto public org.springframework.http.ResponseEntity org.springframework.cloud.client.serviceregistry.endpoint.ServiceRegistryEndpoint.getStatus()
2018-08-01 16:16:04.552  INFO 14140 --- [main] o.s.b.a.e.mvc.EndpointHandlerMapping     : Mapped "{[/service-registry/instance-status],methods=[POST]}" onto public org.springframework.http.ResponseEntity<?> org.springframework.cloud.client.serviceregistry.endpoint.ServiceRegistryEndpoint.setStatus(java.lang.String)
2018-08-01 16:16:04.552  INFO 14140 --- [main] o.s.b.a.e.mvc.EndpointHandlerMapping     : Mapped "{[/archaius || /archaius.json],methods=[GET],produces=[application/vnd.spring-boot.actuator.v1+json || application/json]}" onto public java.lang.Object org.springframework.boot.actuate.endpoint.mvc.EndpointMvcAdapter.invoke()
2018-08-01 16:16:04.552  INFO 14140 --- [main] o.s.b.a.e.mvc.EndpointHandlerMapping     : Mapped "{[/hystrix.stream/**]}" onto public org.springframework.web.servlet.ModelAndView org.springframework.cloud.netflix.endpoint.ServletWrappingEndpoint.handle(javax.servlet.http.HttpServletRequest,javax.servlet.http.HttpServletResponse) throws java.lang.Exception
2018-08-01 16:16:04.554  INFO 14140 --- [main] o.s.b.a.e.mvc.EndpointHandlerMapping     : Mapped "{[/loggers/{name:.*}],methods=[GET],produces=[application/vnd.spring-boot.actuator.v1+json || application/json]}" onto public java.lang.Object org.springframework.boot.actuate.endpoint.mvc.LoggersMvcEndpoint.get(java.lang.String)
2018-08-01 16:16:04.554  INFO 14140 --- [main] o.s.b.a.e.mvc.EndpointHandlerMapping     : Mapped "{[/loggers/{name:.*}],methods=[POST],consumes=[application/vnd.spring-boot.actuator.v1+json || application/json],produces=[application/vnd.spring-boot.actuator.v1+json || application/json]}" onto public java.lang.Object org.springframework.boot.actuate.endpoint.mvc.LoggersMvcEndpoint.set(java.lang.String,java.util.Map<java.lang.String, java.lang.String>)
2018-08-01 16:16:04.554  INFO 14140 --- [main] o.s.b.a.e.mvc.EndpointHandlerMapping     : Mapped "{[/loggers || /loggers.json],methods=[GET],produces=[application/vnd.spring-boot.actuator.v1+json || application/json]}" onto public java.lang.Object org.springframework.boot.actuate.endpoint.mvc.EndpointMvcAdapter.invoke()
2018-08-01 16:16:04.554  INFO 14140 --- [main] o.s.b.a.e.mvc.EndpointHandlerMapping     : Mapped "{[/refresh || /refresh.json],methods=[POST]}" onto public java.lang.Object org.springframework.cloud.endpoint.GenericPostableMvcEndpoint.invoke()
2018-08-01 16:16:04.555  INFO 14140 --- [main] o.s.b.a.e.mvc.EndpointHandlerMapping     : Mapped "{[/autoconfig || /autoconfig.json],methods=[GET],produces=[application/vnd.spring-boot.actuator.v1+json || application/json]}" onto public java.lang.Object org.springframework.boot.actuate.endpoint.mvc.EndpointMvcAdapter.invoke()
2018-08-01 16:16:04.555  INFO 14140 --- [main] o.s.b.a.e.mvc.EndpointHandlerMapping     : Mapped "{[/info || /info.json],methods=[GET],produces=[application/vnd.spring-boot.actuator.v1+json || application/json]}" onto public java.lang.Object org.springframework.boot.actuate.endpoint.mvc.EndpointMvcAdapter.invoke()
2018-08-01 16:16:04.555  INFO 14140 --- [main] o.s.b.a.e.mvc.EndpointHandlerMapping     : Mapped "{[/pause || /pause.json],methods=[POST]}" onto public java.lang.Object org.springframework.cloud.endpoint.GenericPostableMvcEndpoint.invoke()
2018-08-01 16:16:04.556  INFO 14140 --- [main] o.s.b.a.e.mvc.EndpointHandlerMapping     : Mapped "{[/beans || /beans.json],methods=[GET],produces=[application/vnd.spring-boot.actuator.v1+json || application/json]}" onto public java.lang.Object org.springframework.boot.actuate.endpoint.mvc.EndpointMvcAdapter.invoke()
2018-08-01 16:16:04.556  INFO 14140 --- [main] o.s.b.a.e.mvc.EndpointHandlerMapping     : Mapped "{[/health || /health.json],methods=[GET],produces=[application/vnd.spring-boot.actuator.v1+json || application/json]}" onto public java.lang.Object org.springframework.boot.actuate.endpoint.mvc.HealthMvcEndpoint.invoke(javax.servlet.http.HttpServletRequest,java.security.Principal)
2018-08-01 16:16:04.557  INFO 14140 --- [main] o.s.b.a.e.mvc.EndpointHandlerMapping     : Mapped "{[/metrics/{name:.*}],methods=[GET],produces=[application/vnd.spring-boot.actuator.v1+json || application/json]}" onto public java.lang.Object org.springframework.boot.actuate.endpoint.mvc.MetricsMvcEndpoint.value(java.lang.String)
2018-08-01 16:16:04.557  INFO 14140 --- [main] o.s.b.a.e.mvc.EndpointHandlerMapping     : Mapped "{[/metrics || /metrics.json],methods=[GET],produces=[application/vnd.spring-boot.actuator.v1+json || application/json]}" onto public java.lang.Object org.springframework.boot.actuate.endpoint.mvc.EndpointMvcAdapter.invoke()
2018-08-01 16:16:04.557  INFO 14140 --- [main] o.s.b.a.e.mvc.EndpointHandlerMapping     : Mapped "{[/mappings || /mappings.json],methods=[GET],produces=[application/vnd.spring-boot.actuator.v1+json || application/json]}" onto public java.lang.Object org.springframework.boot.actuate.endpoint.mvc.EndpointMvcAdapter.invoke()
2018-08-01 16:16:04.558  INFO 14140 --- [main] o.s.b.a.e.mvc.EndpointHandlerMapping     : Mapped "{[/dump || /dump.json],methods=[GET],produces=[application/vnd.spring-boot.actuator.v1+json || application/json]}" onto public java.lang.Object org.springframework.boot.actuate.endpoint.mvc.EndpointMvcAdapter.invoke()
2018-08-01 16:16:04.558  INFO 14140 --- [main] o.s.b.a.e.mvc.EndpointHandlerMapping     : Mapped "{[/resume || /resume.json],methods=[POST]}" onto public java.lang.Object org.springframework.cloud.endpoint.GenericPostableMvcEndpoint.invoke()
2018-08-01 16:16:04.559  INFO 14140 --- [main] o.s.b.a.e.mvc.EndpointHandlerMapping     : Mapped "{[/env/{name:.*}],methods=[GET],produces=[application/vnd.spring-boot.actuator.v1+json || application/json]}" onto public java.lang.Object org.springframework.boot.actuate.endpoint.mvc.EnvironmentMvcEndpoint.value(java.lang.String)
2018-08-01 16:16:04.559  INFO 14140 --- [main] o.s.b.a.e.mvc.EndpointHandlerMapping     : Mapped "{[/env || /env.json],methods=[GET],produces=[application/vnd.spring-boot.actuator.v1+json || application/json]}" onto public java.lang.Object org.springframework.boot.actuate.endpoint.mvc.EndpointMvcAdapter.invoke()
2018-08-01 16:16:04.559  INFO 14140 --- [main] o.s.b.a.e.mvc.EndpointHandlerMapping     : Mapped "{[/env],methods=[POST]}" onto public java.lang.Object org.springframework.cloud.context.environment.EnvironmentManagerMvcEndpoint.value(java.util.Map<java.lang.String, java.lang.String>)
2018-08-01 16:16:04.559  INFO 14140 --- [main] o.s.b.a.e.mvc.EndpointHandlerMapping     : Mapped "{[/env/reset],methods=[POST]}" onto public java.util.Map<java.lang.String, java.lang.Object> org.springframework.cloud.context.environment.EnvironmentManagerMvcEndpoint.reset()
2018-08-01 16:16:04.561  INFO 14140 --- [main] o.s.b.a.e.mvc.EndpointHandlerMapping     : Mapped "{[/jolokia/**]}" onto public org.springframework.web.servlet.ModelAndView org.springframework.boot.actuate.endpoint.mvc.JolokiaMvcEndpoint.handle(javax.servlet.http.HttpServletRequest,javax.servlet.http.HttpServletResponse) throws java.lang.Exception
2018-08-01 16:16:04.561  INFO 14140 --- [main] o.s.b.a.e.mvc.EndpointHandlerMapping     : Mapped "{[/trace || /trace.json],methods=[GET],produces=[application/vnd.spring-boot.actuator.v1+json || application/json]}" onto public java.lang.Object org.springframework.boot.actuate.endpoint.mvc.EndpointMvcAdapter.invoke()
2018-08-01 16:16:04.561  INFO 14140 --- [main] o.s.b.a.e.mvc.EndpointHandlerMapping     : Mapped "{[/restart || /restart.json],methods=[POST]}" onto public java.lang.Object org.springframework.cloud.context.restart.RestartMvcEndpoint.invoke()
2018-08-01 16:16:04.993  INFO 14140 --- [main] pertySourcedRequestMappingHandlerMapping : Mapped URL path [/v2/api-docs] onto method [public org.springframework.http.ResponseEntity<springfox.documentation.spring.web.json.Json> springfox.documentation.swagger2.web.Swagger2Controller.getDocumentation(java.lang.String,javax.servlet.http.HttpServletRequest)]
2018-08-01 16:16:05.013  INFO 14140 --- [main] com.simba.swagger2.SwaggerConfiguration  : *****************初始化swagger2完成*************************
2018-08-01 16:16:05.098  INFO 14140 --- [main] o.s.s.c.ThreadPoolTaskScheduler          : Initializing ExecutorService  'defaultSockJsTaskScheduler'
2018-08-01 16:16:05.128  WARN 14140 --- [main] o.s.w.s.s.s.WebSocketHandlerMapping      : Neither 'urlMap' nor 'mappings' set on SimpleUrlHandlerMapping
2018-08-01 16:16:05.552  INFO 14140 --- [main] s.w.s.m.m.a.RequestMappingHandlerAdapter : Looking for @ControllerAdvice: org.springframework.boot.context.embedded.AnnotationConfigEmbeddedWebApplicationContext@2392212b: startup date [Wed Aug 01 16:15:51 CST 2018]; parent: org.springframework.context.annotation.AnnotationConfigApplicationContext@934b6cb
2018-08-01 16:16:05.565  INFO 14140 --- [main] s.w.s.m.m.a.RequestMappingHandlerAdapter : Detected ResponseBodyAdvice bean in jsonpAdvice
2018-08-01 16:16:05.725  INFO 14140 --- [main] o.s.w.s.handler.SimpleUrlHandlerMapping  : Mapped URL path [/webjars/**] onto handler of type [class org.springframework.web.servlet.resource.ResourceHttpRequestHandler]
2018-08-01 16:16:05.725  INFO 14140 --- [main] o.s.w.s.handler.SimpleUrlHandlerMapping  : Mapped URL path [/**] onto handler of type [class org.springframework.web.servlet.resource.ResourceHttpRequestHandler]
2018-08-01 16:16:05.766  INFO 14140 --- [main] .m.m.a.ExceptionHandlerExceptionResolver : Detected @ExceptionHandler methods in globalExceptionHandler
2018-08-01 16:16:05.766  INFO 14140 --- [main] .m.m.a.ExceptionHandlerExceptionResolver : Detected ResponseBodyAdvice implementation in jsonpAdvice
2018-08-01 16:16:05.847  INFO 14140 --- [main] o.s.w.s.handler.SimpleUrlHandlerMapping  : Mapped URL path [/**/favicon.ico] onto handler of type [class org.springframework.web.servlet.resource.ResourceHttpRequestHandler]
2018-08-01 16:16:07.240  INFO 14140 --- [main] o.s.ui.freemarker.SpringTemplateLoader   : SpringTemplateLoader for FreeMarker: using resource loader [org.springframework.boot.context.embedded.AnnotationConfigEmbeddedWebApplicationContext@2392212b: startup date [Wed Aug 01 16:15:51 CST 2018]; parent: org.springframework.context.annotation.AnnotationConfigApplicationContext@934b6cb] and template loader path [classpath:/templates/]
2018-08-01 16:16:07.241  INFO 14140 --- [main] o.s.w.s.v.f.FreeMarkerConfigurer         : ClassTemplateLoader for Spring macros added to FreeMarker configuration
2018-08-01 16:16:08.452  WARN 14140 --- [main] c.n.c.sources.URLConfigurationSource     : No URLs will be polled as dynamic configuration sources.
2018-08-01 16:16:08.453  INFO 14140 --- [main] c.n.c.sources.URLConfigurationSource     : To enable URLs as dynamic configuration sources, define System property archaius.configurationSource.additionalUrls or make config.properties available on classpath.
2018-08-01 16:16:09.149  INFO 14140 --- [main] o.s.j.e.a.AnnotationMBeanExporter        : Registering beans for JMX exposure on startup
2018-08-01 16:16:09.151  INFO 14140 --- [main] o.s.j.e.a.AnnotationMBeanExporter        : Bean with name 'dataSource' has been autodetected for JMX exposure
2018-08-01 16:16:09.162  INFO 14140 --- [main] o.s.j.e.a.AnnotationMBeanExporter        : Bean with name 'environmentManager' has been autodetected for JMX exposure
2018-08-01 16:16:09.165  INFO 14140 --- [main] o.s.j.e.a.AnnotationMBeanExporter        : Bean with name 'configurationPropertiesRebinder' has been autodetected for JMX exposure
2018-08-01 16:16:09.165  INFO 14140 --- [main] o.s.j.e.a.AnnotationMBeanExporter        : Bean with name 'refreshEndpoint' has been autodetected for JMX exposure
2018-08-01 16:16:09.166  INFO 14140 --- [main] o.s.j.e.a.AnnotationMBeanExporter        : Bean with name 'restartEndpoint' has been autodetected for JMX exposure
2018-08-01 16:16:09.166  INFO 14140 --- [main] o.s.j.e.a.AnnotationMBeanExporter        : Bean with name 'serviceRegistryEndpoint' has been autodetected for JMX exposure
2018-08-01 16:16:09.167  INFO 14140 --- [main] o.s.j.e.a.AnnotationMBeanExporter        : Bean with name 'refreshScope' has been autodetected for JMX exposure
2018-08-01 16:16:09.170  INFO 14140 --- [main] o.s.j.e.a.AnnotationMBeanExporter        : Located managed bean 'environmentManager': registering with JMX server as MBean [org.springframework.cloud.context.environment:name=environmentManager,type=EnvironmentManager]
2018-08-01 16:16:09.184  INFO 14140 --- [main] o.s.j.e.a.AnnotationMBeanExporter        : Located managed bean 'restartEndpoint': registering with JMX server as MBean [org.springframework.cloud.context.restart:name=restartEndpoint,type=RestartEndpoint]
2018-08-01 16:16:09.198  INFO 14140 --- [main] o.s.j.e.a.AnnotationMBeanExporter        : Located managed bean 'serviceRegistryEndpoint': registering with JMX server as MBean [org.springframework.cloud.client.serviceregistry.endpoint:name=serviceRegistryEndpoint,type=ServiceRegistryEndpoint]
2018-08-01 16:16:09.204  INFO 14140 --- [main] o.s.j.e.a.AnnotationMBeanExporter        : Located managed bean 'refreshScope': registering with JMX server as MBean [org.springframework.cloud.context.scope.refresh:name=refreshScope,type=RefreshScope]
2018-08-01 16:16:09.225  INFO 14140 --- [main] o.s.j.e.a.AnnotationMBeanExporter        : Located managed bean 'configurationPropertiesRebinder': registering with JMX server as MBean [org.springframework.cloud.context.properties:name=configurationPropertiesRebinder,context=2392212b,type=ConfigurationPropertiesRebinder]
2018-08-01 16:16:09.229  INFO 14140 --- [main] o.s.j.e.a.AnnotationMBeanExporter        : Located MBean 'dataSource': registering with JMX server as MBean [com.alibaba.druid.pool:name=dataSource,type=DruidDataSource]
2018-08-01 16:16:09.231  INFO 14140 --- [main] o.s.j.e.a.AnnotationMBeanExporter        : Located managed bean 'refreshEndpoint': registering with JMX server as MBean [org.springframework.cloud.endpoint:name=refreshEndpoint,type=RefreshEndpoint]
2018-08-01 16:16:10.198  INFO 14140 --- [main] o.a.c.c.C.[Tomcat].[localhost].[/]       : jolokia: No access restrictor found, access to any MBean is allowed
2018-08-01 16:16:10.206  INFO 14140 --- [main] o.a.c.c.C.[Tomcat].[localhost].[/]       : jolokia: jolokia:type=Config is already registered. Adding it with jolokia:type=Config,uuid=ce256cc4-826a-4d2e-a3cc-becb54d6c177, but you should revise your setup in order to either use a qualifier or ensure, that only a single agent gets registered (otherwise history functionality might not work)
2018-08-01 16:16:10.206  INFO 14140 --- [main] o.a.c.c.C.[Tomcat].[localhost].[/]       : jolokia: Cannot register (legacy) MBean handler for config store with name jmx4perl:type=Config since it already exists. This is the case if another agent has been already started within the same JVM. The registration is skipped.
2018-08-01 16:16:10.206  INFO 14140 --- [main] o.a.c.c.C.[Tomcat].[localhost].[/]       : jolokia: Jolokia Discovery MBean registration is skipped because there is already one registered.
2018-08-01 16:16:10.326  INFO 14140 --- [main] o.s.c.support.DefaultLifecycleProcessor  : Starting beans in phase 0
2018-08-01 16:16:10.339  INFO 14140 --- [main] o.s.c.n.eureka.InstanceInfoFactory       : Setting initial instance status as: STARTING
2018-08-01 16:16:10.418  INFO 14140 --- [main] com.netflix.discovery.DiscoveryClient    : Initializing Eureka in region us-east-1
2018-08-01 16:16:10.591  INFO 14140 --- [main] c.n.d.provider.DiscoveryJerseyProvider   : Using JSON encoding codec LegacyJacksonJson
2018-08-01 16:16:10.591  INFO 14140 --- [main] c.n.d.provider.DiscoveryJerseyProvider   : Using JSON decoding codec LegacyJacksonJson
2018-08-01 16:16:10.665  INFO 14140 --- [main] c.n.d.provider.DiscoveryJerseyProvider   : Using XML encoding codec XStreamXml
2018-08-01 16:16:10.665  INFO 14140 --- [main] c.n.d.provider.DiscoveryJerseyProvider   : Using XML decoding codec XStreamXml
2018-08-01 16:16:10.944  INFO 14140 --- [main] c.n.d.s.r.aws.ConfigClusterResolver      : Resolving eureka endpoints via configuration
2018-08-01 16:16:11.181  INFO 14140 --- [main] com.netflix.discovery.DiscoveryClient    : Disable delta property : false
2018-08-01 16:16:11.181  INFO 14140 --- [main] com.netflix.discovery.DiscoveryClient    : Single vip registry refresh property : null
2018-08-01 16:16:11.181  INFO 14140 --- [main] com.netflix.discovery.DiscoveryClient    : Force full registry fetch : false
2018-08-01 16:16:11.181  INFO 14140 --- [main] com.netflix.discovery.DiscoveryClient    : Application is null : false
2018-08-01 16:16:11.181  INFO 14140 --- [main] com.netflix.discovery.DiscoveryClient    : Registered Applications size is zero : true
2018-08-01 16:16:11.181  INFO 14140 --- [main] com.netflix.discovery.DiscoveryClient    : Application version is -1: true
2018-08-01 16:16:11.181  INFO 14140 --- [main] com.netflix.discovery.DiscoveryClient    : Getting all instance registry info from the eureka server
2018-08-01 16:16:11.393  INFO 14140 --- [main] com.netflix.discovery.DiscoveryClient    : The response status is 200
2018-08-01 16:16:11.397  INFO 14140 --- [main] com.netflix.discovery.DiscoveryClient    : Starting heartbeat executor: renew interval is: 30
2018-08-01 16:16:11.402  INFO 14140 --- [main] c.n.discovery.InstanceInfoReplicator     : InstanceInfoReplicator onDemand update allowed rate per min is 4
2018-08-01 16:16:11.408  INFO 14140 --- [main] com.netflix.discovery.DiscoveryClient    : Discovery Client initialized at timestamp 1533111371408 with initial instances count: 2
2018-08-01 16:16:11.602  INFO 14140 --- [main] o.s.c.n.e.s.EurekaServiceRegistry        : Registering application realtimeuser with eureka with status UP
2018-08-01 16:16:11.604  INFO 14140 --- [main] com.netflix.discovery.DiscoveryClient    : Saw local status change event StatusChangeEvent [timestamp=1533111371604, current=UP, previous=STARTING]
2018-08-01 16:16:11.638  INFO 14140 --- [DiscoveryClient-InstanceInfoReplicator-0] com.netflix.discovery.DiscoveryClient    : DiscoveryClient_REALTIMEUSER/caozhejun.UT.CN:realtimeuser:6987: registering service...
2018-08-01 16:16:11.688  INFO 14140 --- [DiscoveryClient-InstanceInfoReplicator-0] com.netflix.discovery.DiscoveryClient    : DiscoveryClient_REALTIMEUSER/caozhejun.UT.CN:realtimeuser:6987 - registration status: 204
2018-08-01 16:16:11.706  INFO 14140 --- [main] o.s.c.support.DefaultLifecycleProcessor  : Starting beans in phase 2147483647
2018-08-01 16:16:11.706  INFO 14140 --- [main] d.s.w.p.DocumentationPluginsBootstrapper : Context refreshed
2018-08-01 16:16:11.735  INFO 14140 --- [main] d.s.w.p.DocumentationPluginsBootstrapper : Found 1 custom documentation plugin(s)
2018-08-01 16:16:11.798  INFO 14140 --- [main] s.d.s.w.s.ApiListingReferenceScanner     : Scanning for api listing references
2018-08-01 16:16:11.832  INFO 14140 --- [main] ration$HystrixMetricsPollerConfiguration : Starting poller
2018-08-01 16:16:11.918  INFO 14140 --- [main] s.b.c.e.t.TomcatEmbeddedServletContainer : Tomcat started on port(s): 6987 (http)
2018-08-01 16:16:11.919  INFO 14140 --- [main] .s.c.n.e.s.EurekaAutoServiceRegistration : Updating port to 6987
2018-08-01 16:16:11.925  INFO 14140 --- [main] com.simba.RealtimeApiApplicationStart    : Started RealtimeApiApplicationStart in 22.489 seconds (JVM running for 24.506)
2018-08-01 16:19:21.246  INFO 14140 --- [http-nio-6987-exec-1] o.a.c.c.C.[Tomcat].[localhost].[/]       : Initializing Spring FrameworkServlet 'dispatcherServlet'
2018-08-01 16:19:21.246  INFO 14140 --- [http-nio-6987-exec-1] o.s.web.servlet.DispatcherServlet        : FrameworkServlet 'dispatcherServlet': initialization started
2018-08-01 16:19:21.289  INFO 14140 --- [http-nio-6987-exec-1] o.s.web.servlet.DispatcherServlet        : FrameworkServlet 'dispatcherServlet': initialization completed in 42 ms
2018-08-01 16:19:21.334  INFO 14140 --- [http-nio-6987-exec-1] c.s.c.s.a.SendRealTimeMessageController  : 接收到需要推送给用户[appid:cloud][userId:1]的内容:null
2018-08-01 16:19:21.346  INFO 14140 --- [http-nio-6987-exec-1] c.s.f.distributed.RedisDistributedImpl   : 发布消息成功，共有订阅方3个
2018-08-01 16:19:21.371  INFO 14140 --- [Thread-6] c.s.f.distributed.RedisReceiveMessage    : 接收到集群distributedChannel的消息:ClusterMessage [classFullPath=com.simba.websocket.distributed.UserIdMessageClusterExecute, data=UserIdMessageData [userId=1, content=null, appid=cloud]]
2018-08-01 16:19:21.371  INFO 14140 --- [Thread-6] c.s.w.d.UserIdMessageClusterExecute      : 接收到集群处理消息:UserIdMessageData [userId=1, content=null, appid=cloud]
2018-08-01 16:19:21.371  INFO 14140 --- [Thread-6] c.s.w.d.UserIdMessageClusterExecute      : 此服务器上连接的用户有******[]******
2018-08-01 16:19:21.371  INFO 14140 --- [Thread-6] c.s.w.d.UserIdMessageClusterExecute      : 此服务器上连接的用户有******[]******，没有用户:1
2018-08-01 16:19:21.371  INFO 14140 --- [Thread-6] c.s.f.distributed.RedisReceiveMessage    : com.simba.websocket.distributed.UserIdMessageClusterExecute执行完成
2018-08-01 16:19:58.468  INFO 14140 --- [http-nio-6987-exec-7] c.s.c.s.a.SendRealTimeMessageController  : 接收到需要推送给用户[appid:cloud][userId:1]的内容:null
2018-08-01 16:19:58.469  INFO 14140 --- [http-nio-6987-exec-7] c.s.f.distributed.RedisDistributedImpl   : 发布消息成功，共有订阅方3个
2018-08-01 16:19:58.469  INFO 14140 --- [Thread-6] c.s.f.distributed.RedisReceiveMessage    : 接收到集群distributedChannel的消息:ClusterMessage [classFullPath=com.simba.websocket.distributed.UserIdMessageClusterExecute, data=UserIdMessageData [userId=1, content=null, appid=cloud]]
2018-08-01 16:19:58.469  INFO 14140 --- [Thread-6] c.s.w.d.UserIdMessageClusterExecute      : 接收到集群处理消息:UserIdMessageData [userId=1, content=null, appid=cloud]
2018-08-01 16:19:58.470  INFO 14140 --- [Thread-6] c.s.w.d.UserIdMessageClusterExecute      : 此服务器上连接的用户有******[]******
2018-08-01 16:19:58.470  INFO 14140 --- [Thread-6] c.s.w.d.UserIdMessageClusterExecute      : 此服务器上连接的用户有******[]******，没有用户:1
2018-08-01 16:19:58.470  INFO 14140 --- [Thread-6] c.s.f.distributed.RedisReceiveMessage    : com.simba.websocket.distributed.UserIdMessageClusterExecute执行完成
2018-08-01 16:19:59.200  INFO 14140 --- [http-nio-6987-exec-9] c.s.c.s.a.SendRealTimeMessageController  : 接收到需要推送给用户[appid:cloud][userId:1]的内容:null
2018-08-01 16:19:59.203  INFO 14140 --- [http-nio-6987-exec-9] c.s.f.distributed.RedisDistributedImpl   : 发布消息成功，共有订阅方3个
2018-08-01 16:19:59.203  INFO 14140 --- [Thread-6] c.s.f.distributed.RedisReceiveMessage    : 接收到集群distributedChannel的消息:ClusterMessage [classFullPath=com.simba.websocket.distributed.UserIdMessageClusterExecute, data=UserIdMessageData [userId=1, content=null, appid=cloud]]
2018-08-01 16:19:59.204  INFO 14140 --- [Thread-6] c.s.w.d.UserIdMessageClusterExecute      : 接收到集群处理消息:UserIdMessageData [userId=1, content=null, appid=cloud]
2018-08-01 16:19:59.204  INFO 14140 --- [Thread-6] c.s.w.d.UserIdMessageClusterExecute      : 此服务器上连接的用户有******[]******
2018-08-01 16:19:59.204  INFO 14140 --- [Thread-6] c.s.w.d.UserIdMessageClusterExecute      : 此服务器上连接的用户有******[]******，没有用户:1
2018-08-01 16:19:59.204  INFO 14140 --- [Thread-6] c.s.f.distributed.RedisReceiveMessage    : com.simba.websocket.distributed.UserIdMessageClusterExecute执行完成
2018-08-01 16:19:59.390  INFO 14140 --- [http-nio-6987-exec-6] c.s.c.s.a.SendRealTimeMessageController  : 接收到需要推送给用户[appid:cloud][userId:1]的内容:null
2018-08-01 16:19:59.390  INFO 14140 --- [http-nio-6987-exec-6] c.s.f.distributed.RedisDistributedImpl   : 发布消息成功，共有订阅方3个
2018-08-01 16:19:59.391  INFO 14140 --- [Thread-6] c.s.f.distributed.RedisReceiveMessage    : 接收到集群distributedChannel的消息:ClusterMessage [classFullPath=com.simba.websocket.distributed.UserIdMessageClusterExecute, data=UserIdMessageData [userId=1, content=null, appid=cloud]]
2018-08-01 16:19:59.391  INFO 14140 --- [Thread-6] c.s.w.d.UserIdMessageClusterExecute      : 接收到集群处理消息:UserIdMessageData [userId=1, content=null, appid=cloud]
2018-08-01 16:19:59.391  INFO 14140 --- [Thread-6] c.s.w.d.UserIdMessageClusterExecute      : 此服务器上连接的用户有******[]******
2018-08-01 16:19:59.391  INFO 14140 --- [Thread-6] c.s.w.d.UserIdMessageClusterExecute      : 此服务器上连接的用户有******[]******，没有用户:1
2018-08-01 16:19:59.391  INFO 14140 --- [Thread-6] c.s.f.distributed.RedisReceiveMessage    : com.simba.websocket.distributed.UserIdMessageClusterExecute执行完成
2018-08-01 16:19:59.538  INFO 14140 --- [http-nio-6987-exec-1] c.s.c.s.a.SendRealTimeMessageController  : 接收到需要推送给用户[appid:cloud][userId:1]的内容:null
2018-08-01 16:19:59.539  INFO 14140 --- [http-nio-6987-exec-1] c.s.f.distributed.RedisDistributedImpl   : 发布消息成功，共有订阅方3个
2018-08-01 16:19:59.539  INFO 14140 --- [Thread-6] c.s.f.distributed.RedisReceiveMessage    : 接收到集群distributedChannel的消息:ClusterMessage [classFullPath=com.simba.websocket.distributed.UserIdMessageClusterExecute, data=UserIdMessageData [userId=1, content=null, appid=cloud]]
2018-08-01 16:19:59.539  INFO 14140 --- [Thread-6] c.s.w.d.UserIdMessageClusterExecute      : 接收到集群处理消息:UserIdMessageData [userId=1, content=null, appid=cloud]
2018-08-01 16:19:59.539  INFO 14140 --- [Thread-6] c.s.w.d.UserIdMessageClusterExecute      : 此服务器上连接的用户有******[]******
2018-08-01 16:19:59.540  INFO 14140 --- [Thread-6] c.s.w.d.UserIdMessageClusterExecute      : 此服务器上连接的用户有******[]******，没有用户:1
2018-08-01 16:19:59.540  INFO 14140 --- [Thread-6] c.s.f.distributed.RedisReceiveMessage    : com.simba.websocket.distributed.UserIdMessageClusterExecute执行完成
2018-08-01 16:19:59.685  INFO 14140 --- [http-nio-6987-exec-5] c.s.c.s.a.SendRealTimeMessageController  : 接收到需要推送给用户[appid:cloud][userId:1]的内容:null
2018-08-01 16:19:59.686  INFO 14140 --- [Thread-6] c.s.f.distributed.RedisReceiveMessage    : 接收到集群distributedChannel的消息:ClusterMessage [classFullPath=com.simba.websocket.distributed.UserIdMessageClusterExecute, data=UserIdMessageData [userId=1, content=null, appid=cloud]]
2018-08-01 16:19:59.686  INFO 14140 --- [Thread-6] c.s.w.d.UserIdMessageClusterExecute      : 接收到集群处理消息:UserIdMessageData [userId=1, content=null, appid=cloud]
2018-08-01 16:19:59.687  INFO 14140 --- [http-nio-6987-exec-5] c.s.f.distributed.RedisDistributedImpl   : 发布消息成功，共有订阅方3个
2018-08-01 16:19:59.687  INFO 14140 --- [Thread-6] c.s.w.d.UserIdMessageClusterExecute      : 此服务器上连接的用户有******[]******
2018-08-01 16:19:59.687  INFO 14140 --- [Thread-6] c.s.w.d.UserIdMessageClusterExecute      : 此服务器上连接的用户有******[]******，没有用户:1
2018-08-01 16:19:59.687  INFO 14140 --- [Thread-6] c.s.f.distributed.RedisReceiveMessage    : com.simba.websocket.distributed.UserIdMessageClusterExecute执行完成
2018-08-01 16:19:59.822  INFO 14140 --- [http-nio-6987-exec-7] c.s.c.s.a.SendRealTimeMessageController  : 接收到需要推送给用户[appid:cloud][userId:1]的内容:null
2018-08-01 16:19:59.823  INFO 14140 --- [http-nio-6987-exec-7] c.s.f.distributed.RedisDistributedImpl   : 发布消息成功，共有订阅方3个
2018-08-01 16:19:59.823  INFO 14140 --- [Thread-6] c.s.f.distributed.RedisReceiveMessage    : 接收到集群distributedChannel的消息:ClusterMessage [classFullPath=com.simba.websocket.distributed.UserIdMessageClusterExecute, data=UserIdMessageData [userId=1, content=null, appid=cloud]]
2018-08-01 16:19:59.823  INFO 14140 --- [Thread-6] c.s.w.d.UserIdMessageClusterExecute      : 接收到集群处理消息:UserIdMessageData [userId=1, content=null, appid=cloud]
2018-08-01 16:19:59.823  INFO 14140 --- [Thread-6] c.s.w.d.UserIdMessageClusterExecute      : 此服务器上连接的用户有******[]******
2018-08-01 16:19:59.823  INFO 14140 --- [Thread-6] c.s.w.d.UserIdMessageClusterExecute      : 此服务器上连接的用户有******[]******，没有用户:1
2018-08-01 16:19:59.823  INFO 14140 --- [Thread-6] c.s.f.distributed.RedisReceiveMessage    : com.simba.websocket.distributed.UserIdMessageClusterExecute执行完成
2018-08-01 16:19:59.961  INFO 14140 --- [http-nio-6987-exec-9] c.s.c.s.a.SendRealTimeMessageController  : 接收到需要推送给用户[appid:cloud][userId:1]的内容:null
2018-08-01 16:19:59.962  INFO 14140 --- [http-nio-6987-exec-9] c.s.f.distributed.RedisDistributedImpl   : 发布消息成功，共有订阅方3个
2018-08-01 16:19:59.962  INFO 14140 --- [Thread-6] c.s.f.distributed.RedisReceiveMessage    : 接收到集群distributedChannel的消息:ClusterMessage [classFullPath=com.simba.websocket.distributed.UserIdMessageClusterExecute, data=UserIdMessageData [userId=1, content=null, appid=cloud]]
2018-08-01 16:19:59.963  INFO 14140 --- [Thread-6] c.s.w.d.UserIdMessageClusterExecute      : 接收到集群处理消息:UserIdMessageData [userId=1, content=null, appid=cloud]
2018-08-01 16:19:59.963  INFO 14140 --- [Thread-6] c.s.w.d.UserIdMessageClusterExecute      : 此服务器上连接的用户有******[]******
2018-08-01 16:19:59.963  INFO 14140 --- [Thread-6] c.s.w.d.UserIdMessageClusterExecute      : 此服务器上连接的用户有******[]******，没有用户:1
2018-08-01 16:19:59.963  INFO 14140 --- [Thread-6] c.s.f.distributed.RedisReceiveMessage    : com.simba.websocket.distributed.UserIdMessageClusterExecute执行完成
2018-08-01 16:20:00.112  INFO 14140 --- [http-nio-6987-exec-6] c.s.c.s.a.SendRealTimeMessageController  : 接收到需要推送给用户[appid:cloud][userId:1]的内容:null
2018-08-01 16:20:00.113  INFO 14140 --- [http-nio-6987-exec-6] c.s.f.distributed.RedisDistributedImpl   : 发布消息成功，共有订阅方3个
2018-08-01 16:20:00.113  INFO 14140 --- [Thread-6] c.s.f.distributed.RedisReceiveMessage    : 接收到集群distributedChannel的消息:ClusterMessage [classFullPath=com.simba.websocket.distributed.UserIdMessageClusterExecute, data=UserIdMessageData [userId=1, content=null, appid=cloud]]
2018-08-01 16:20:00.113  INFO 14140 --- [Thread-6] c.s.w.d.UserIdMessageClusterExecute      : 接收到集群处理消息:UserIdMessageData [userId=1, content=null, appid=cloud]
2018-08-01 16:20:00.113  INFO 14140 --- [Thread-6] c.s.w.d.UserIdMessageClusterExecute      : 此服务器上连接的用户有******[]******
2018-08-01 16:20:00.113  INFO 14140 --- [Thread-6] c.s.w.d.UserIdMessageClusterExecute      : 此服务器上连接的用户有******[]******，没有用户:1
2018-08-01 16:20:00.113  INFO 14140 --- [Thread-6] c.s.f.distributed.RedisReceiveMessage    : com.simba.websocket.distributed.UserIdMessageClusterExecute执行完成
2018-08-01 16:20:00.266  INFO 14140 --- [http-nio-6987-exec-1] c.s.c.s.a.SendRealTimeMessageController  : 接收到需要推送给用户[appid:cloud][userId:1]的内容:null
2018-08-01 16:20:00.267  INFO 14140 --- [http-nio-6987-exec-1] c.s.f.distributed.RedisDistributedImpl   : 发布消息成功，共有订阅方3个
2018-08-01 16:20:00.267  INFO 14140 --- [Thread-6] c.s.f.distributed.RedisReceiveMessage    : 接收到集群distributedChannel的消息:ClusterMessage [classFullPath=com.simba.websocket.distributed.UserIdMessageClusterExecute, data=UserIdMessageData [userId=1, content=null, appid=cloud]]
2018-08-01 16:20:00.267  INFO 14140 --- [Thread-6] c.s.w.d.UserIdMessageClusterExecute      : 接收到集群处理消息:UserIdMessageData [userId=1, content=null, appid=cloud]
2018-08-01 16:20:00.267  INFO 14140 --- [Thread-6] c.s.w.d.UserIdMessageClusterExecute      : 此服务器上连接的用户有******[]******
2018-08-01 16:20:00.267  INFO 14140 --- [Thread-6] c.s.w.d.UserIdMessageClusterExecute      : 此服务器上连接的用户有******[]******，没有用户:1
2018-08-01 16:20:00.267  INFO 14140 --- [Thread-6] c.s.f.distributed.RedisReceiveMessage    : com.simba.websocket.distributed.UserIdMessageClusterExecute执行完成
2018-08-01 16:20:00.431  INFO 14140 --- [http-nio-6987-exec-5] c.s.c.s.a.SendRealTimeMessageController  : 接收到需要推送给用户[appid:cloud][userId:1]的内容:null
2018-08-01 16:20:00.432  INFO 14140 --- [http-nio-6987-exec-5] c.s.f.distributed.RedisDistributedImpl   : 发布消息成功，共有订阅方3个
2018-08-01 16:20:00.432  INFO 14140 --- [Thread-6] c.s.f.distributed.RedisReceiveMessage    : 接收到集群distributedChannel的消息:ClusterMessage [classFullPath=com.simba.websocket.distributed.UserIdMessageClusterExecute, data=UserIdMessageData [userId=1, content=null, appid=cloud]]
2018-08-01 16:20:00.433  INFO 14140 --- [Thread-6] c.s.w.d.UserIdMessageClusterExecute      : 接收到集群处理消息:UserIdMessageData [userId=1, content=null, appid=cloud]
2018-08-01 16:20:00.433  INFO 14140 --- [Thread-6] c.s.w.d.UserIdMessageClusterExecute      : 此服务器上连接的用户有******[]******
2018-08-01 16:20:00.433  INFO 14140 --- [Thread-6] c.s.w.d.UserIdMessageClusterExecute      : 此服务器上连接的用户有******[]******，没有用户:1
2018-08-01 16:20:00.433  INFO 14140 --- [Thread-6] c.s.f.distributed.RedisReceiveMessage    : com.simba.websocket.distributed.UserIdMessageClusterExecute执行完成
2018-08-01 16:20:23.634  INFO 14140 --- [RMI TCP Connection(2)-127.0.0.1] inMXBeanRegistrar$SpringApplicationAdmin : Application shutdown requested.
2018-08-01 16:20:23.634  INFO 14140 --- [RMI TCP Connection(2)-127.0.0.1] ationConfigEmbeddedWebApplicationContext : Closing org.springframework.boot.context.embedded.AnnotationConfigEmbeddedWebApplicationContext@2392212b: startup date [Wed Aug 01 16:15:51 CST 2018]; parent: org.springframework.context.annotation.AnnotationConfigApplicationContext@934b6cb
2018-08-01 16:20:23.635  INFO 14140 --- [RMI TCP Connection(2)-127.0.0.1] o.s.c.n.e.s.EurekaServiceRegistry        : Unregistering application realtimeuser with eureka with status DOWN
2018-08-01 16:20:23.635  WARN 14140 --- [RMI TCP Connection(2)-127.0.0.1] com.netflix.discovery.DiscoveryClient    : Saw local status change event StatusChangeEvent [timestamp=1533111623635, current=DOWN, previous=UP]
2018-08-01 16:20:23.635  INFO 14140 --- [DiscoveryClient-InstanceInfoReplicator-0] com.netflix.discovery.DiscoveryClient    : DiscoveryClient_REALTIMEUSER/caozhejun.UT.CN:realtimeuser:6987: registering service...
2018-08-01 16:20:23.635  INFO 14140 --- [RMI TCP Connection(2)-127.0.0.1] com.netflix.discovery.DiscoveryClient    : Shutting down DiscoveryClient ...
2018-08-01 16:20:23.636  INFO 14140 --- [RMI TCP Connection(2)-127.0.0.1] com.netflix.discovery.DiscoveryClient    : Unregistering ...
2018-08-01 16:20:23.641  INFO 14140 --- [DiscoveryClient-InstanceInfoReplicator-0] com.netflix.discovery.DiscoveryClient    : DiscoveryClient_REALTIMEUSER/caozhejun.UT.CN:realtimeuser:6987 - registration status: 204
2018-08-01 16:20:23.643  INFO 14140 --- [RMI TCP Connection(2)-127.0.0.1] com.netflix.discovery.DiscoveryClient    : DiscoveryClient_REALTIMEUSER/caozhejun.UT.CN:realtimeuser:6987 - deregister  status: 200
2018-08-01 16:20:23.645  INFO 14140 --- [RMI TCP Connection(2)-127.0.0.1] com.netflix.discovery.DiscoveryClient    : Completed shut down of DiscoveryClient
2018-08-01 16:20:23.647  INFO 14140 --- [RMI TCP Connection(2)-127.0.0.1] o.s.c.support.DefaultLifecycleProcessor  : Stopping beans in phase 2147483647
2018-08-01 16:20:23.649  INFO 14140 --- [RMI TCP Connection(2)-127.0.0.1] o.s.c.support.DefaultLifecycleProcessor  : Stopping beans in phase 0
2018-08-01 16:20:23.652  INFO 14140 --- [RMI TCP Connection(2)-127.0.0.1] o.s.j.e.a.AnnotationMBeanExporter        : Unregistering JMX-exposed beans on shutdown
2018-08-01 16:20:23.652  INFO 14140 --- [RMI TCP Connection(2)-127.0.0.1] o.s.j.e.a.AnnotationMBeanExporter        : Unregistering JMX-exposed beans
2018-08-01 16:20:23.666  WARN 14140 --- [RMI TCP Connection(2)-127.0.0.1] c.n.c.sources.URLConfigurationSource     : No URLs will be polled as dynamic configuration sources.
2018-08-01 16:20:23.666  INFO 14140 --- [RMI TCP Connection(2)-127.0.0.1] c.n.c.sources.URLConfigurationSource     : To enable URLs as dynamic configuration sources, define System property archaius.configurationSource.additionalUrls or make config.properties available on classpath.
2018-08-01 16:20:23.670  INFO 14140 --- [RMI TCP Connection(2)-127.0.0.1] o.s.s.c.ThreadPoolTaskScheduler          : Shutting down ExecutorService 'defaultSockJsTaskScheduler'
2018-08-01 16:20:23.673  INFO 14140 --- [RMI TCP Connection(2)-127.0.0.1] com.simba.framework.util.jdbc.Jdbc       : destroy
2018-08-01 16:20:23.679  INFO 14140 --- [RMI TCP Connection(2)-127.0.0.1] com.alibaba.druid.pool.DruidDataSource   : {dataSource-1} closed
2018-08-01 16:20:23.680  INFO 14140 --- [RMI TCP Connection(2)-127.0.0.1] o.s.s.concurrent.ThreadPoolTaskExecutor  : Shutting down ExecutorService 'taskExecutor'
2018-08-01 16:20:23.917  INFO 14140 --- [RMI TCP Connection(2)-127.0.0.1] o.apache.catalina.core.StandardService   : Stopping service Tomcat
2018-08-01 16:20:23.920  INFO 14140 --- [localhost-startStop-2] o.a.c.c.C.[Tomcat].[localhost].[/]       : Destroying Spring FrameworkServlet 'dispatcherServlet'
