2017-10-12 18:58:58.071  INFO 7108 --- [main] com.simba.TurbineApplication             : The following profiles are active: dev
2017-10-12 18:58:58.102  INFO 7108 --- [main] ationConfigEmbeddedWebApplicationContext : Refreshing org.springframework.boot.context.embedded.AnnotationConfigEmbeddedWebApplicationContext@585ac855: startup date [Thu Oct 12 18:58:58 CST 2017]; parent: org.springframework.context.annotation.AnnotationConfigApplicationContext@6d167f58
2017-10-12 18:59:00.947  INFO 7108 --- [main] o.s.cloud.context.scope.GenericScope     : BeanFactory id=ad3e2c07-649b-3004-a585-bab4660ada7d
2017-10-12 18:59:00.973  INFO 7108 --- [main] f.a.AutowiredAnnotationBeanPostProcessor : JSR-330 'javax.inject.Inject' annotation found and supported for autowiring
2017-10-12 18:59:01.060  INFO 7108 --- [main] trationDelegate$BeanPostProcessorChecker : Bean 'org.springframework.cloud.netflix.metrics.MetricsInterceptorConfiguration$MetricsRestTemplateConfiguration' of type [org.springframework.cloud.netflix.metrics.MetricsInterceptorConfiguration$MetricsRestTemplateConfiguration$$EnhancerBySpringCGLIB$$b0e14775] is not eligible for getting processed by all BeanPostProcessors (for example: not eligible for auto-proxying)
2017-10-12 18:59:01.110  INFO 7108 --- [main] trationDelegate$BeanPostProcessorChecker : Bean 'org.springframework.cloud.autoconfigure.ConfigurationPropertiesRebinderAutoConfiguration' of type [org.springframework.cloud.autoconfigure.ConfigurationPropertiesRebinderAutoConfiguration$$EnhancerBySpringCGLIB$$9acea431] is not eligible for getting processed by all BeanPostProcessors (for example: not eligible for auto-proxying)
2017-10-12 18:59:01.572  INFO 7108 --- [main] s.b.c.e.t.TomcatEmbeddedServletContainer : Tomcat initialized with port(s): 6868 (http)
2017-10-12 18:59:01.581  INFO 7108 --- [main] o.apache.catalina.core.StandardService   : Starting service Tomcat
2017-10-12 18:59:01.582  INFO 7108 --- [main] org.apache.catalina.core.StandardEngine  : Starting Servlet Engine: Apache Tomcat/8.5.14
2017-10-12 18:59:01.849  INFO 7108 --- [localhost-startStop-1] o.a.c.c.C.[.[localhost].[/turbine]       : Initializing Spring embedded WebApplicationContext
2017-10-12 18:59:01.849  INFO 7108 --- [localhost-startStop-1] o.s.web.context.ContextLoader            : Root WebApplicationContext: initialization completed in 3747 ms
2017-10-12 18:59:02.148  INFO 7108 --- [localhost-startStop-1] o.s.b.w.servlet.ServletRegistrationBean  : Mapping servlet: 'turbineStreamServlet' to [/turbine.stream]
2017-10-12 18:59:02.149  INFO 7108 --- [localhost-startStop-1] o.s.b.w.servlet.ServletRegistrationBean  : Mapping servlet: 'dispatcherServlet' to [/]
2017-10-12 18:59:02.153  INFO 7108 --- [localhost-startStop-1] o.s.b.w.servlet.FilterRegistrationBean   : Mapping filter: 'metricsFilter' to: [/*]
2017-10-12 18:59:02.153  INFO 7108 --- [localhost-startStop-1] o.s.b.w.servlet.FilterRegistrationBean   : Mapping filter: 'characterEncodingFilter' to: [/*]
2017-10-12 18:59:02.153  INFO 7108 --- [localhost-startStop-1] o.s.b.w.servlet.FilterRegistrationBean   : Mapping filter: 'hiddenHttpMethodFilter' to: [/*]
2017-10-12 18:59:02.153  INFO 7108 --- [localhost-startStop-1] o.s.b.w.servlet.FilterRegistrationBean   : Mapping filter: 'httpPutFormContentFilter' to: [/*]
2017-10-12 18:59:02.154  INFO 7108 --- [localhost-startStop-1] o.s.b.w.servlet.FilterRegistrationBean   : Mapping filter: 'requestContextFilter' to: [/*]
2017-10-12 18:59:02.154  INFO 7108 --- [localhost-startStop-1] o.s.b.w.servlet.FilterRegistrationBean   : Mapping filter: 'webRequestLoggingFilter' to: [/*]
2017-10-12 18:59:02.154  INFO 7108 --- [localhost-startStop-1] o.s.b.w.servlet.FilterRegistrationBean   : Mapping filter: 'applicationContextIdFilter' to: [/*]
2017-10-12 18:59:03.116  INFO 7108 --- [main] s.w.s.m.m.a.RequestMappingHandlerAdapter : Looking for @ControllerAdvice: org.springframework.boot.context.embedded.AnnotationConfigEmbeddedWebApplicationContext@585ac855: startup date [Thu Oct 12 18:58:58 CST 2017]; parent: org.springframework.context.annotation.AnnotationConfigApplicationContext@6d167f58
2017-10-12 18:59:03.215  INFO 7108 --- [main] s.w.s.m.m.a.RequestMappingHandlerMapping : Mapped "{[/error]}" onto public org.springframework.http.ResponseEntity<java.util.Map<java.lang.String, java.lang.Object>> org.springframework.boot.autoconfigure.web.BasicErrorController.error(javax.servlet.http.HttpServletRequest)
2017-10-12 18:59:03.216  INFO 7108 --- [main] s.w.s.m.m.a.RequestMappingHandlerMapping : Mapped "{[/error],produces=[text/html]}" onto public org.springframework.web.servlet.ModelAndView org.springframework.boot.autoconfigure.web.BasicErrorController.errorHtml(javax.servlet.http.HttpServletRequest,javax.servlet.http.HttpServletResponse)
2017-10-12 18:59:03.250  INFO 7108 --- [main] o.s.w.s.handler.SimpleUrlHandlerMapping  : Mapped URL path [/webjars/**] onto handler of type [class org.springframework.web.servlet.resource.ResourceHttpRequestHandler]
2017-10-12 18:59:03.250  INFO 7108 --- [main] o.s.w.s.handler.SimpleUrlHandlerMapping  : Mapped URL path [/**] onto handler of type [class org.springframework.web.servlet.resource.ResourceHttpRequestHandler]
2017-10-12 18:59:03.297  INFO 7108 --- [main] o.s.w.s.handler.SimpleUrlHandlerMapping  : Mapped URL path [/**/favicon.ico] onto handler of type [class org.springframework.web.servlet.resource.ResourceHttpRequestHandler]
2017-10-12 18:59:04.710  WARN 7108 --- [main] c.n.c.sources.URLConfigurationSource     : No URLs will be polled as dynamic configuration sources.
2017-10-12 18:59:04.711  INFO 7108 --- [main] c.n.c.sources.URLConfigurationSource     : To enable URLs as dynamic configuration sources, define System property archaius.configurationSource.additionalUrls or make config.properties available on classpath.
2017-10-12 18:59:04.717  WARN 7108 --- [main] c.n.c.sources.URLConfigurationSource     : No URLs will be polled as dynamic configuration sources.
2017-10-12 18:59:04.717  INFO 7108 --- [main] c.n.c.sources.URLConfigurationSource     : To enable URLs as dynamic configuration sources, define System property archaius.configurationSource.additionalUrls or make config.properties available on classpath.
2017-10-12 18:59:04.881  INFO 7108 --- [main] o.s.j.e.a.AnnotationMBeanExporter        : Registering beans for JMX exposure on startup
2017-10-12 18:59:04.891  INFO 7108 --- [main] o.s.j.e.a.AnnotationMBeanExporter        : Bean with name 'environmentManager' has been autodetected for JMX exposure
2017-10-12 18:59:04.893  INFO 7108 --- [main] o.s.j.e.a.AnnotationMBeanExporter        : Bean with name 'configurationPropertiesRebinder' has been autodetected for JMX exposure
2017-10-12 18:59:04.896  INFO 7108 --- [main] o.s.j.e.a.AnnotationMBeanExporter        : Bean with name 'refreshEndpoint' has been autodetected for JMX exposure
2017-10-12 18:59:04.899  INFO 7108 --- [main] o.s.j.e.a.AnnotationMBeanExporter        : Bean with name 'restartEndpoint' has been autodetected for JMX exposure
2017-10-12 18:59:04.901  INFO 7108 --- [main] o.s.j.e.a.AnnotationMBeanExporter        : Bean with name 'serviceRegistryEndpoint' has been autodetected for JMX exposure
2017-10-12 18:59:04.902  INFO 7108 --- [main] o.s.j.e.a.AnnotationMBeanExporter        : Bean with name 'refreshScope' has been autodetected for JMX exposure
2017-10-12 18:59:04.904  INFO 7108 --- [main] o.s.j.e.a.AnnotationMBeanExporter        : Located managed bean 'environmentManager': registering with JMX server as MBean [org.springframework.cloud.context.environment:name=environmentManager,type=EnvironmentManager]
2017-10-12 18:59:04.923  INFO 7108 --- [main] o.s.j.e.a.AnnotationMBeanExporter        : Located managed bean 'restartEndpoint': registering with JMX server as MBean [org.springframework.cloud.context.restart:name=restartEndpoint,type=RestartEndpoint]
2017-10-12 18:59:04.939  INFO 7108 --- [main] o.s.j.e.a.AnnotationMBeanExporter        : Located managed bean 'serviceRegistryEndpoint': registering with JMX server as MBean [org.springframework.cloud.client.serviceregistry.endpoint:name=serviceRegistryEndpoint,type=ServiceRegistryEndpoint]
2017-10-12 18:59:04.958  INFO 7108 --- [main] o.s.j.e.a.AnnotationMBeanExporter        : Located managed bean 'refreshScope': registering with JMX server as MBean [org.springframework.cloud.context.scope.refresh:name=refreshScope,type=RefreshScope]
2017-10-12 18:59:04.971  INFO 7108 --- [main] o.s.j.e.a.AnnotationMBeanExporter        : Located managed bean 'configurationPropertiesRebinder': registering with JMX server as MBean [org.springframework.cloud.context.properties:name=configurationPropertiesRebinder,context=585ac855,type=ConfigurationPropertiesRebinder]
2017-10-12 18:59:04.976  INFO 7108 --- [main] o.s.j.e.a.AnnotationMBeanExporter        : Located managed bean 'refreshEndpoint': registering with JMX server as MBean [org.springframework.cloud.endpoint:name=refreshEndpoint,type=RefreshEndpoint]
2017-10-12 18:59:04.984  INFO 7108 --- [main] ationConfigEmbeddedWebApplicationContext : Refreshing org.springframework.boot.context.embedded.AnnotationConfigEmbeddedWebApplicationContext@506aa618: startup date [Thu Oct 12 18:59:04 CST 2017]; parent: org.springframework.boot.context.embedded.AnnotationConfigEmbeddedWebApplicationContext@585ac855
2017-10-12 18:59:05.079  INFO 7108 --- [main] o.s.b.f.s.DefaultListableBeanFactory     : Overriding bean definition for bean 'handlerExceptionResolver' with a different definition: replacing [Root bean: class [null]; scope=; abstract=false; lazyInit=false; autowireMode=3; dependencyCheck=0; autowireCandidate=true; primary=false; factoryBeanName=org.springframework.web.servlet.config.annotation.DelegatingWebMvcConfiguration; factoryMethodName=handlerExceptionResolver; initMethodName=null; destroyMethodName=(inferred); defined in org.springframework.web.servlet.config.annotation.DelegatingWebMvcConfiguration] with [Root bean: class [null]; scope=; abstract=false; lazyInit=false; autowireMode=3; dependencyCheck=0; autowireCandidate=true; primary=false; factoryBeanName=endpointWebMvcChildContextConfiguration; factoryMethodName=compositeHandlerExceptionResolver; initMethodName=null; destroyMethodName=(inferred); defined in org.springframework.boot.actuate.autoconfigure.EndpointWebMvcChildContextConfiguration]
2017-10-12 18:59:05.104  INFO 7108 --- [main] f.a.AutowiredAnnotationBeanPostProcessor : JSR-330 'javax.inject.Inject' annotation found and supported for autowiring
2017-10-12 18:59:05.130  INFO 7108 --- [main] s.b.c.e.t.TomcatEmbeddedServletContainer : Tomcat initialized with port(s): 6869 (http)
2017-10-12 18:59:05.131  INFO 7108 --- [main] o.apache.catalina.core.StandardService   : Starting service Tomcat
2017-10-12 18:59:05.131  INFO 7108 --- [main] org.apache.catalina.core.StandardEngine  : Starting Servlet Engine: Apache Tomcat/8.5.14
2017-10-12 18:59:05.300  INFO 7108 --- [localhost-startStop-1] o.a.c.c.C.[Tomcat-1].[localhost].[/]     : Initializing Spring embedded WebApplicationContext
2017-10-12 18:59:05.300  INFO 7108 --- [localhost-startStop-1] o.s.web.context.ContextLoader            : Root WebApplicationContext: initialization completed in 316 ms
2017-10-12 18:59:05.304  INFO 7108 --- [localhost-startStop-1] o.s.b.w.servlet.ServletRegistrationBean  : Mapping servlet: 'dispatcherServlet' to [/]
2017-10-12 18:59:06.134  INFO 7108 --- [main] o.s.b.a.e.mvc.EndpointHandlerMapping     : Mapped "{[/auditevents || /auditevents.json],methods=[GET],produces=[application/vnd.spring-boot.actuator.v1+json || application/json]}" onto public org.springframework.http.ResponseEntity<?> org.springframework.boot.actuate.endpoint.mvc.AuditEventsMvcEndpoint.findByPrincipalAndAfterAndType(java.lang.String,java.util.Date,java.lang.String)
2017-10-12 18:59:06.135  INFO 7108 --- [main] o.s.b.a.e.mvc.EndpointHandlerMapping     : Mapped "{[/env/{name:.*}],methods=[GET],produces=[application/vnd.spring-boot.actuator.v1+json || application/json]}" onto public java.lang.Object org.springframework.boot.actuate.endpoint.mvc.EnvironmentMvcEndpoint.value(java.lang.String)
2017-10-12 18:59:06.136  INFO 7108 --- [main] o.s.b.a.e.mvc.EndpointHandlerMapping     : Mapped "{[/env || /env.json],methods=[GET],produces=[application/vnd.spring-boot.actuator.v1+json || application/json]}" onto public java.lang.Object org.springframework.boot.actuate.endpoint.mvc.EndpointMvcAdapter.invoke()
2017-10-12 18:59:06.137  INFO 7108 --- [main] o.s.b.a.e.mvc.EndpointHandlerMapping     : Mapped "{[/archaius || /archaius.json],methods=[GET],produces=[application/vnd.spring-boot.actuator.v1+json || application/json]}" onto public java.lang.Object org.springframework.boot.actuate.endpoint.mvc.EndpointMvcAdapter.invoke()
2017-10-12 18:59:06.139  INFO 7108 --- [main] o.s.b.a.e.mvc.EndpointHandlerMapping     : Mapped "{[/metrics/{name:.*}],methods=[GET],produces=[application/vnd.spring-boot.actuator.v1+json || application/json]}" onto public java.lang.Object org.springframework.boot.actuate.endpoint.mvc.MetricsMvcEndpoint.value(java.lang.String)
2017-10-12 18:59:06.139  INFO 7108 --- [main] o.s.b.a.e.mvc.EndpointHandlerMapping     : Mapped "{[/metrics || /metrics.json],methods=[GET],produces=[application/vnd.spring-boot.actuator.v1+json || application/json]}" onto public java.lang.Object org.springframework.boot.actuate.endpoint.mvc.EndpointMvcAdapter.invoke()
2017-10-12 18:59:06.140  INFO 7108 --- [main] o.s.b.a.e.mvc.EndpointHandlerMapping     : Mapped "{[/refresh || /refresh.json],methods=[POST]}" onto public java.lang.Object org.springframework.cloud.endpoint.GenericPostableMvcEndpoint.invoke()
2017-10-12 18:59:06.141  INFO 7108 --- [main] o.s.b.a.e.mvc.EndpointHandlerMapping     : Mapped "{[/features || /features.json],methods=[GET],produces=[application/vnd.spring-boot.actuator.v1+json || application/json]}" onto public java.lang.Object org.springframework.boot.actuate.endpoint.mvc.EndpointMvcAdapter.invoke()
2017-10-12 18:59:06.141  INFO 7108 --- [main] o.s.b.a.e.mvc.EndpointHandlerMapping     : Mapped "{[/dump || /dump.json],methods=[GET],produces=[application/vnd.spring-boot.actuator.v1+json || application/json]}" onto public java.lang.Object org.springframework.boot.actuate.endpoint.mvc.EndpointMvcAdapter.invoke()
2017-10-12 18:59:06.143  INFO 7108 --- [main] o.s.b.a.e.mvc.EndpointHandlerMapping     : Mapped "{[/health || /health.json],methods=[GET],produces=[application/vnd.spring-boot.actuator.v1+json || application/json]}" onto public java.lang.Object org.springframework.boot.actuate.endpoint.mvc.HealthMvcEndpoint.invoke(javax.servlet.http.HttpServletRequest,java.security.Principal)
2017-10-12 18:59:06.144  INFO 7108 --- [main] o.s.b.a.e.mvc.EndpointHandlerMapping     : Mapped "{[/service-registry/instance-status],methods=[GET]}" onto public org.springframework.http.ResponseEntity org.springframework.cloud.client.serviceregistry.endpoint.ServiceRegistryEndpoint.getStatus()
2017-10-12 18:59:06.145  INFO 7108 --- [main] o.s.b.a.e.mvc.EndpointHandlerMapping     : Mapped "{[/service-registry/instance-status],methods=[POST]}" onto public org.springframework.http.ResponseEntity<?> org.springframework.cloud.client.serviceregistry.endpoint.ServiceRegistryEndpoint.setStatus(java.lang.String)
2017-10-12 18:59:06.146  INFO 7108 --- [main] o.s.b.a.e.mvc.EndpointHandlerMapping     : Mapped "{[/autoconfig || /autoconfig.json],methods=[GET],produces=[application/vnd.spring-boot.actuator.v1+json || application/json]}" onto public java.lang.Object org.springframework.boot.actuate.endpoint.mvc.EndpointMvcAdapter.invoke()
2017-10-12 18:59:06.146  INFO 7108 --- [main] o.s.b.a.e.mvc.EndpointHandlerMapping     : Mapped "{[/info || /info.json],methods=[GET],produces=[application/vnd.spring-boot.actuator.v1+json || application/json]}" onto public java.lang.Object org.springframework.boot.actuate.endpoint.mvc.EndpointMvcAdapter.invoke()
2017-10-12 18:59:06.148  INFO 7108 --- [main] o.s.b.a.e.mvc.EndpointHandlerMapping     : Mapped "{[/loggers/{name:.*}],methods=[GET],produces=[application/vnd.spring-boot.actuator.v1+json || application/json]}" onto public java.lang.Object org.springframework.boot.actuate.endpoint.mvc.LoggersMvcEndpoint.get(java.lang.String)
2017-10-12 18:59:06.148  INFO 7108 --- [main] o.s.b.a.e.mvc.EndpointHandlerMapping     : Mapped "{[/loggers/{name:.*}],methods=[POST],consumes=[application/vnd.spring-boot.actuator.v1+json || application/json],produces=[application/vnd.spring-boot.actuator.v1+json || application/json]}" onto public java.lang.Object org.springframework.boot.actuate.endpoint.mvc.LoggersMvcEndpoint.set(java.lang.String,java.util.Map<java.lang.String, java.lang.String>)
2017-10-12 18:59:06.149  INFO 7108 --- [main] o.s.b.a.e.mvc.EndpointHandlerMapping     : Mapped "{[/loggers || /loggers.json],methods=[GET],produces=[application/vnd.spring-boot.actuator.v1+json || application/json]}" onto public java.lang.Object org.springframework.boot.actuate.endpoint.mvc.EndpointMvcAdapter.invoke()
2017-10-12 18:59:06.149  INFO 7108 --- [main] o.s.b.a.e.mvc.EndpointHandlerMapping     : Mapped "{[/pause || /pause.json],methods=[POST]}" onto public java.lang.Object org.springframework.cloud.endpoint.GenericPostableMvcEndpoint.invoke()
2017-10-12 18:59:06.151  INFO 7108 --- [main] o.s.b.a.e.mvc.EndpointHandlerMapping     : Mapped "{[/heapdump || /heapdump.json],methods=[GET],produces=[application/octet-stream]}" onto public void org.springframework.boot.actuate.endpoint.mvc.HeapdumpMvcEndpoint.invoke(boolean,javax.servlet.http.HttpServletRequest,javax.servlet.http.HttpServletResponse) throws java.io.IOException,javax.servlet.ServletException
2017-10-12 18:59:06.152  INFO 7108 --- [main] o.s.b.a.e.mvc.EndpointHandlerMapping     : Mapped "{[/restart || /restart.json],methods=[POST]}" onto public java.lang.Object org.springframework.cloud.context.restart.RestartMvcEndpoint.invoke()
2017-10-12 18:59:06.155  INFO 7108 --- [main] o.s.b.a.e.mvc.EndpointHandlerMapping     : Mapped "{[/beans || /beans.json],methods=[GET],produces=[application/vnd.spring-boot.actuator.v1+json || application/json]}" onto public java.lang.Object org.springframework.boot.actuate.endpoint.mvc.EndpointMvcAdapter.invoke()
2017-10-12 18:59:06.155  INFO 7108 --- [main] o.s.b.a.e.mvc.EndpointHandlerMapping     : Mapped "{[/mappings || /mappings.json],methods=[GET],produces=[application/vnd.spring-boot.actuator.v1+json || application/json]}" onto public java.lang.Object org.springframework.boot.actuate.endpoint.mvc.EndpointMvcAdapter.invoke()
2017-10-12 18:59:06.156  INFO 7108 --- [main] o.s.b.a.e.mvc.EndpointHandlerMapping     : Mapped "{[/configprops || /configprops.json],methods=[GET],produces=[application/vnd.spring-boot.actuator.v1+json || application/json]}" onto public java.lang.Object org.springframework.boot.actuate.endpoint.mvc.EndpointMvcAdapter.invoke()
2017-10-12 18:59:06.157  INFO 7108 --- [main] o.s.b.a.e.mvc.EndpointHandlerMapping     : Mapped "{[/trace || /trace.json],methods=[GET],produces=[application/vnd.spring-boot.actuator.v1+json || application/json]}" onto public java.lang.Object org.springframework.boot.actuate.endpoint.mvc.EndpointMvcAdapter.invoke()
2017-10-12 18:59:06.162  INFO 7108 --- [main] o.s.b.a.e.mvc.EndpointHandlerMapping     : Mapped "{[/env],methods=[POST]}" onto public java.lang.Object org.springframework.cloud.context.environment.EnvironmentManagerMvcEndpoint.value(java.util.Map<java.lang.String, java.lang.String>)
2017-10-12 18:59:06.162  INFO 7108 --- [main] o.s.b.a.e.mvc.EndpointHandlerMapping     : Mapped "{[/env/reset],methods=[POST]}" onto public java.util.Map<java.lang.String, java.lang.Object> org.springframework.cloud.context.environment.EnvironmentManagerMvcEndpoint.reset()
2017-10-12 18:59:06.164  INFO 7108 --- [main] o.s.b.a.e.mvc.EndpointHandlerMapping     : Mapped "{[/logfile || /logfile.json],methods=[GET || HEAD]}" onto public void org.springframework.boot.actuate.endpoint.mvc.LogFileMvcEndpoint.invoke(javax.servlet.http.HttpServletRequest,javax.servlet.http.HttpServletResponse) throws javax.servlet.ServletException,java.io.IOException
2017-10-12 18:59:06.165  INFO 7108 --- [main] o.s.b.a.e.mvc.EndpointHandlerMapping     : Mapped "{[/resume || /resume.json],methods=[POST]}" onto public java.lang.Object org.springframework.cloud.endpoint.GenericPostableMvcEndpoint.invoke()
2017-10-12 18:59:06.179  INFO 7108 --- [main] s.w.s.m.m.a.RequestMappingHandlerMapping : Mapped "{[/error]}" onto public java.util.Map<java.lang.String, java.lang.Object> org.springframework.boot.actuate.endpoint.mvc.ManagementErrorEndpoint.invoke()
2017-10-12 18:59:06.186  INFO 7108 --- [main] o.s.w.s.handler.SimpleUrlHandlerMapping  : Mapped URL path [/webjars/**] onto handler of type [class org.springframework.web.servlet.resource.ResourceHttpRequestHandler]
2017-10-12 18:59:06.187  INFO 7108 --- [main] o.s.w.s.handler.SimpleUrlHandlerMapping  : Mapped URL path [/**] onto handler of type [class org.springframework.web.servlet.resource.ResourceHttpRequestHandler]
2017-10-12 18:59:06.203  INFO 7108 --- [main] s.w.s.m.m.a.RequestMappingHandlerAdapter : Looking for @ControllerAdvice: org.springframework.boot.context.embedded.AnnotationConfigEmbeddedWebApplicationContext@506aa618: startup date [Thu Oct 12 18:59:04 CST 2017]; parent: org.springframework.boot.context.embedded.AnnotationConfigEmbeddedWebApplicationContext@585ac855
2017-10-12 18:59:07.514  INFO 7108 --- [main] s.b.c.e.t.TomcatEmbeddedServletContainer : Tomcat started on port(s): 6869 (http)
2017-10-12 18:59:07.515  INFO 7108 --- [main] .s.c.n.e.s.EurekaAutoServiceRegistration : Updating port to 6869
2017-10-12 18:59:07.525  INFO 7108 --- [main] o.s.c.n.eureka.InstanceInfoFactory       : Setting initial instance status as: STARTING
2017-10-12 18:59:07.578  INFO 7108 --- [main] com.netflix.discovery.DiscoveryClient    : Initializing Eureka in region us-east-1
2017-10-12 18:59:07.831  INFO 7108 --- [main] c.n.d.provider.DiscoveryJerseyProvider   : Using JSON encoding codec LegacyJacksonJson
2017-10-12 18:59:07.832  INFO 7108 --- [main] c.n.d.provider.DiscoveryJerseyProvider   : Using JSON decoding codec LegacyJacksonJson
2017-10-12 18:59:08.126  INFO 7108 --- [main] c.n.d.provider.DiscoveryJerseyProvider   : Using XML encoding codec XStreamXml
2017-10-12 18:59:08.127  INFO 7108 --- [main] c.n.d.provider.DiscoveryJerseyProvider   : Using XML decoding codec XStreamXml
2017-10-12 18:59:08.369  INFO 7108 --- [main] c.n.d.s.r.aws.ConfigClusterResolver      : Resolving eureka endpoints via configuration
2017-10-12 18:59:08.483  INFO 7108 --- [main] com.netflix.discovery.DiscoveryClient    : Disable delta property : false
2017-10-12 18:59:08.484  INFO 7108 --- [main] com.netflix.discovery.DiscoveryClient    : Single vip registry refresh property : null
2017-10-12 18:59:08.484  INFO 7108 --- [main] com.netflix.discovery.DiscoveryClient    : Force full registry fetch : false
2017-10-12 18:59:08.484  INFO 7108 --- [main] com.netflix.discovery.DiscoveryClient    : Application is null : false
2017-10-12 18:59:08.484  INFO 7108 --- [main] com.netflix.discovery.DiscoveryClient    : Registered Applications size is zero : true
2017-10-12 18:59:08.484  INFO 7108 --- [main] com.netflix.discovery.DiscoveryClient    : Application version is -1: true
2017-10-12 18:59:08.484  INFO 7108 --- [main] com.netflix.discovery.DiscoveryClient    : Getting all instance registry info from the eureka server
2017-10-12 18:59:08.618  INFO 7108 --- [main] com.netflix.discovery.DiscoveryClient    : The response status is 200
2017-10-12 18:59:08.619  INFO 7108 --- [main] com.netflix.discovery.DiscoveryClient    : Starting heartbeat executor: renew interval is: 30
2017-10-12 18:59:08.622  INFO 7108 --- [main] c.n.discovery.InstanceInfoReplicator     : InstanceInfoReplicator onDemand update allowed rate per min is 4
2017-10-12 18:59:08.625  INFO 7108 --- [main] com.netflix.discovery.DiscoveryClient    : Discovery Client initialized at timestamp 1507805948625 with initial instances count: 0
2017-10-12 18:59:08.672  INFO 7108 --- [main] o.s.c.n.e.s.EurekaServiceRegistry        : Registering application simbabootserveradmin with eureka with status UP
2017-10-12 18:59:08.673  INFO 7108 --- [main] com.netflix.discovery.DiscoveryClient    : Saw local status change event StatusChangeEvent [timestamp=1507805948673, current=UP, previous=STARTING]
2017-10-12 18:59:08.675  INFO 7108 --- [DiscoveryClient-InstanceInfoReplicator-0] com.netflix.discovery.DiscoveryClient    : DiscoveryClient_SIMBABOOTSERVERADMIN/caozhejun.UT.CN:simbabootserveradmin:6868: registering service...
2017-10-12 18:59:08.865  INFO 7108 --- [DiscoveryClient-InstanceInfoReplicator-0] com.netflix.discovery.DiscoveryClient    : DiscoveryClient_SIMBABOOTSERVERADMIN/caozhejun.UT.CN:simbabootserveradmin:6868 - registration status: 204
2017-10-12 18:59:09.033  INFO 7108 --- [main] o.s.c.support.DefaultLifecycleProcessor  : Starting beans in phase 0
2017-10-12 18:59:09.043  INFO 7108 --- [main] o.s.c.n.turbine.SpringAggregatorFactory  : Could not find monitors: []
2017-10-12 18:59:09.181  INFO 7108 --- [main] c.n.t.monitor.cluster.ClusterMonitor     : Registering event handler for cluster monitor: StaticListener_For_Aggregator
2017-10-12 18:59:09.183  INFO 7108 --- [main] c.n.t.handler.TurbineDataDispatcher      : 

Just added and starting handler tuple: StaticListener_For_Aggregator
2017-10-12 18:59:09.183  INFO 7108 --- [main] c.n.t.monitor.cluster.ClusterMonitor     : All event handlers for cluster monitor: [StaticListener_For_Aggregator]
2017-10-12 18:59:09.183  INFO 7108 --- [main] c.n.t.monitor.cluster.ClusterMonitor     : Starting up the cluster monitor for default_agg
2017-10-12 18:59:09.186  INFO 7108 --- [main] c.n.t.discovery.InstanceObservable       : Starting InstanceObservable at frequency: 60000 millis
2017-10-12 18:59:09.188  INFO 7108 --- [Timer-0] o.s.c.n.t.CommonsInstanceDiscovery       : Fetching instance list for apps: [USER]
2017-10-12 18:59:09.188  INFO 7108 --- [Timer-0] o.s.c.n.turbine.EurekaInstanceDiscovery  : Fetching instances for app: USER
2017-10-12 18:59:09.189  WARN 7108 --- [Timer-0] o.s.c.n.turbine.EurekaInstanceDiscovery  : Eureka returned null for app: USER
2017-10-12 18:59:09.189  INFO 7108 --- [Timer-0] c.n.t.discovery.InstanceObservable       : Retrieved hosts from InstanceDiscovery: 0
2017-10-12 18:59:09.189  INFO 7108 --- [Timer-0] c.n.t.discovery.InstanceObservable       : Found hosts that have been previously terminated: 0
2017-10-12 18:59:09.189  INFO 7108 --- [Timer-0] c.n.t.discovery.InstanceObservable       : Hosts up:0, hosts down: 0
2017-10-12 18:59:09.246  INFO 7108 --- [main] s.b.c.e.t.TomcatEmbeddedServletContainer : Tomcat started on port(s): 6868 (http)
2017-10-12 18:59:09.250  INFO 7108 --- [main] com.simba.TurbineApplication             : Started TurbineApplication in 16.866 seconds (JVM running for 17.916)
2017-10-12 18:59:38.743  INFO 7108 --- [DiscoveryClient-CacheRefreshExecutor-0] com.netflix.discovery.DiscoveryClient    : Disable delta property : false
2017-10-12 18:59:38.743  INFO 7108 --- [DiscoveryClient-CacheRefreshExecutor-0] com.netflix.discovery.DiscoveryClient    : Single vip registry refresh property : null
2017-10-12 18:59:38.743  INFO 7108 --- [DiscoveryClient-CacheRefreshExecutor-0] com.netflix.discovery.DiscoveryClient    : Force full registry fetch : false
2017-10-12 18:59:38.743  INFO 7108 --- [DiscoveryClient-CacheRefreshExecutor-0] com.netflix.discovery.DiscoveryClient    : Application is null : false
2017-10-12 18:59:38.743  INFO 7108 --- [DiscoveryClient-CacheRefreshExecutor-0] com.netflix.discovery.DiscoveryClient    : Registered Applications size is zero : true
2017-10-12 18:59:38.743  INFO 7108 --- [DiscoveryClient-CacheRefreshExecutor-0] com.netflix.discovery.DiscoveryClient    : Application version is -1: false
2017-10-12 18:59:38.743  INFO 7108 --- [DiscoveryClient-CacheRefreshExecutor-0] com.netflix.discovery.DiscoveryClient    : Getting all instance registry info from the eureka server
2017-10-12 18:59:38.881  INFO 7108 --- [DiscoveryClient-CacheRefreshExecutor-0] com.netflix.discovery.DiscoveryClient    : The response status is 200
2017-10-12 19:00:09.188  INFO 7108 --- [Timer-0] o.s.c.n.t.CommonsInstanceDiscovery       : Fetching instance list for apps: [USER]
2017-10-12 19:00:09.188  INFO 7108 --- [Timer-0] o.s.c.n.turbine.EurekaInstanceDiscovery  : Fetching instances for app: USER
2017-10-12 19:00:09.189  WARN 7108 --- [Timer-0] o.s.c.n.turbine.EurekaInstanceDiscovery  : Eureka returned null for app: USER
2017-10-12 19:00:09.189  INFO 7108 --- [Timer-0] c.n.t.discovery.InstanceObservable       : Retrieved hosts from InstanceDiscovery: 0
2017-10-12 19:00:09.189  INFO 7108 --- [Timer-0] c.n.t.discovery.InstanceObservable       : Found hosts that have been previously terminated: 0
2017-10-12 19:00:09.189  INFO 7108 --- [Timer-0] c.n.t.discovery.InstanceObservable       : Hosts up:0, hosts down: 0
2017-10-12 19:01:09.188  INFO 7108 --- [Timer-0] o.s.c.n.t.CommonsInstanceDiscovery       : Fetching instance list for apps: [USER]
2017-10-12 19:01:09.188  INFO 7108 --- [Timer-0] o.s.c.n.turbine.EurekaInstanceDiscovery  : Fetching instances for app: USER
2017-10-12 19:01:09.189  WARN 7108 --- [Timer-0] o.s.c.n.turbine.EurekaInstanceDiscovery  : Eureka returned null for app: USER
2017-10-12 19:01:09.189  INFO 7108 --- [Timer-0] c.n.t.discovery.InstanceObservable       : Retrieved hosts from InstanceDiscovery: 0
2017-10-12 19:01:09.189  INFO 7108 --- [Timer-0] c.n.t.discovery.InstanceObservable       : Found hosts that have been previously terminated: 0
2017-10-12 19:01:09.189  INFO 7108 --- [Timer-0] c.n.t.discovery.InstanceObservable       : Hosts up:0, hosts down: 0
2017-10-12 19:01:25.365  INFO 7108 --- [http-nio-6868-exec-3] c.n.t.s.servlet.TurbineStreamServlet     : FilterCriteria: []
2017-10-12 19:01:25.365  INFO 7108 --- [http-nio-6868-exec-7] c.n.t.s.servlet.TurbineStreamServlet     : FilterCriteria: []
2017-10-12 19:01:25.366  INFO 7108 --- [http-nio-6868-exec-3] c.n.t.s.servlet.TurbineStreamServlet     : StatsType filters: []
2017-10-12 19:01:25.366  INFO 7108 --- [http-nio-6868-exec-7] c.n.t.s.servlet.TurbineStreamServlet     : StatsType filters: []
2017-10-12 19:01:25.371  INFO 7108 --- [http-nio-6868-exec-7] c.n.t.s.TurbineStreamingConnection       : Relevance config: []
2017-10-12 19:01:25.371  INFO 7108 --- [http-nio-6868-exec-3] c.n.t.s.TurbineStreamingConnection       : Relevance config: []
2017-10-12 19:01:25.371  INFO 7108 --- [http-nio-6868-exec-7] c.n.t.s.TurbineStreamingConnection       : Relevance metrics config: {}
2017-10-12 19:01:25.371  INFO 7108 --- [http-nio-6868-exec-3] c.n.t.s.TurbineStreamingConnection       : Relevance metrics config: {}
2017-10-12 19:01:25.371  INFO 7108 --- [http-nio-6868-exec-3] c.n.t.monitor.cluster.ClusterMonitor     : Registering event handler for cluster monitor: StreamingHandler_d69bfea4-478a-4379-add3-472578a8bffb
2017-10-12 19:01:25.371  INFO 7108 --- [http-nio-6868-exec-7] c.n.t.monitor.cluster.ClusterMonitor     : Registering event handler for cluster monitor: StreamingHandler_0d03fa6b-8b25-4f1e-9933-def78f4553ba
2017-10-12 19:01:25.372  INFO 7108 --- [http-nio-6868-exec-3] c.n.t.handler.TurbineDataDispatcher      : 

Just added and starting handler tuple: StreamingHandler_d69bfea4-478a-4379-add3-472578a8bffb
2017-10-12 19:01:25.372  INFO 7108 --- [http-nio-6868-exec-7] c.n.t.handler.TurbineDataDispatcher      : 

Just added and starting handler tuple: StreamingHandler_0d03fa6b-8b25-4f1e-9933-def78f4553ba
2017-10-12 19:01:25.373  INFO 7108 --- [http-nio-6868-exec-7] c.n.turbine.data.AggDataFromCluster      : Per handler dispacher started for: StreamingHandler_0d03fa6b-8b25-4f1e-9933-def78f4553ba
2017-10-12 19:01:25.373  INFO 7108 --- [http-nio-6868-exec-3] c.n.turbine.data.AggDataFromCluster      : Per handler dispacher started for: StreamingHandler_d69bfea4-478a-4379-add3-472578a8bffb
2017-10-12 19:01:25.373  INFO 7108 --- [http-nio-6868-exec-3] c.n.t.monitor.cluster.ClusterMonitor     : All event handlers for cluster monitor: [StaticListener_For_Aggregator, StreamingHandler_0d03fa6b-8b25-4f1e-9933-def78f4553ba, StreamingHandler_d69bfea4-478a-4379-add3-472578a8bffb]
2017-10-12 19:01:25.373  INFO 7108 --- [http-nio-6868-exec-7] c.n.t.monitor.cluster.ClusterMonitor     : All event handlers for cluster monitor: [StaticListener_For_Aggregator, StreamingHandler_0d03fa6b-8b25-4f1e-9933-def78f4553ba, StreamingHandler_d69bfea4-478a-4379-add3-472578a8bffb]
2017-10-12 19:01:25.373  INFO 7108 --- [http-nio-6868-exec-3] c.n.t.monitor.cluster.ClusterMonitor     : Starting up the cluster monitor for default_agg
2017-10-12 19:01:25.374  INFO 7108 --- [http-nio-6868-exec-7] c.n.t.monitor.cluster.ClusterMonitor     : Starting up the cluster monitor for default_agg
2017-10-12 19:01:50.772  INFO 7108 --- [http-nio-6868-exec-2] c.n.t.s.servlet.TurbineStreamServlet     : FilterCriteria: []
2017-10-12 19:01:50.773  INFO 7108 --- [http-nio-6868-exec-2] c.n.t.s.servlet.TurbineStreamServlet     : StatsType filters: []
2017-10-12 19:01:50.773  INFO 7108 --- [http-nio-6868-exec-2] c.n.t.s.TurbineStreamingConnection       : Relevance config: []
2017-10-12 19:01:50.773  INFO 7108 --- [http-nio-6868-exec-2] c.n.t.s.TurbineStreamingConnection       : Relevance metrics config: {}
2017-10-12 19:01:50.773  INFO 7108 --- [http-nio-6868-exec-2] c.n.t.monitor.cluster.ClusterMonitor     : Registering event handler for cluster monitor: StreamingHandler_19fa43e6-fdd5-433d-9b69-f0dc042b9cdd
2017-10-12 19:01:50.773  INFO 7108 --- [http-nio-6868-exec-2] c.n.t.handler.TurbineDataDispatcher      : 

Just added and starting handler tuple: StreamingHandler_19fa43e6-fdd5-433d-9b69-f0dc042b9cdd
2017-10-12 19:01:50.773  INFO 7108 --- [http-nio-6868-exec-2] c.n.turbine.data.AggDataFromCluster      : Per handler dispacher started for: StreamingHandler_19fa43e6-fdd5-433d-9b69-f0dc042b9cdd
2017-10-12 19:01:50.773  INFO 7108 --- [http-nio-6868-exec-2] c.n.t.monitor.cluster.ClusterMonitor     : All event handlers for cluster monitor: [StaticListener_For_Aggregator, StreamingHandler_0d03fa6b-8b25-4f1e-9933-def78f4553ba, StreamingHandler_d69bfea4-478a-4379-add3-472578a8bffb, StreamingHandler_19fa43e6-fdd5-433d-9b69-f0dc042b9cdd]
2017-10-12 19:01:50.773  INFO 7108 --- [http-nio-6868-exec-2] c.n.t.monitor.cluster.ClusterMonitor     : Starting up the cluster monitor for default_agg
2017-10-12 19:02:09.188  INFO 7108 --- [Timer-0] o.s.c.n.t.CommonsInstanceDiscovery       : Fetching instance list for apps: [USER]
2017-10-12 19:02:09.188  INFO 7108 --- [Timer-0] o.s.c.n.turbine.EurekaInstanceDiscovery  : Fetching instances for app: USER
2017-10-12 19:02:09.189  WARN 7108 --- [Timer-0] o.s.c.n.turbine.EurekaInstanceDiscovery  : Eureka returned null for app: USER
2017-10-12 19:02:09.189  INFO 7108 --- [Timer-0] c.n.t.discovery.InstanceObservable       : Retrieved hosts from InstanceDiscovery: 0
2017-10-12 19:02:09.189  INFO 7108 --- [Timer-0] c.n.t.discovery.InstanceObservable       : Found hosts that have been previously terminated: 0
2017-10-12 19:02:09.189  INFO 7108 --- [Timer-0] c.n.t.discovery.InstanceObservable       : Hosts up:0, hosts down: 0
2017-10-12 19:03:09.188  INFO 7108 --- [Timer-0] o.s.c.n.t.CommonsInstanceDiscovery       : Fetching instance list for apps: [USER]
2017-10-12 19:03:09.188  INFO 7108 --- [Timer-0] o.s.c.n.turbine.EurekaInstanceDiscovery  : Fetching instances for app: USER
2017-10-12 19:03:09.188  WARN 7108 --- [Timer-0] o.s.c.n.turbine.EurekaInstanceDiscovery  : Eureka returned null for app: USER
2017-10-12 19:03:09.189  INFO 7108 --- [Timer-0] c.n.t.discovery.InstanceObservable       : Retrieved hosts from InstanceDiscovery: 0
2017-10-12 19:03:09.189  INFO 7108 --- [Timer-0] c.n.t.discovery.InstanceObservable       : Found hosts that have been previously terminated: 0
2017-10-12 19:03:09.189  INFO 7108 --- [Timer-0] c.n.t.discovery.InstanceObservable       : Hosts up:0, hosts down: 0
2017-10-12 19:03:35.994  INFO 7108 --- [RMI TCP Connection(2)-127.0.0.1] inMXBeanRegistrar$SpringApplicationAdmin : Application shutdown requested.
2017-10-12 19:03:35.994  INFO 7108 --- [RMI TCP Connection(2)-127.0.0.1] ationConfigEmbeddedWebApplicationContext : Closing org.springframework.boot.context.embedded.AnnotationConfigEmbeddedWebApplicationContext@585ac855: startup date [Thu Oct 12 18:58:58 CST 2017]; parent: org.springframework.context.annotation.AnnotationConfigApplicationContext@6d167f58
2017-10-12 19:03:35.995  INFO 7108 --- [RMI TCP Connection(2)-127.0.0.1] o.s.c.n.e.s.EurekaServiceRegistry        : Unregistering application simbabootserveradmin with eureka with status DOWN
2017-10-12 19:03:35.995  WARN 7108 --- [RMI TCP Connection(2)-127.0.0.1] com.netflix.discovery.DiscoveryClient    : Saw local status change event StatusChangeEvent [timestamp=1507806215995, current=DOWN, previous=UP]
2017-10-12 19:03:35.995  INFO 7108 --- [RMI TCP Connection(2)-127.0.0.1] com.netflix.discovery.DiscoveryClient    : Shutting down DiscoveryClient ...
2017-10-12 19:03:35.995  INFO 7108 --- [RMI TCP Connection(2)-127.0.0.1] com.netflix.discovery.DiscoveryClient    : Unregistering ...
2017-10-12 19:03:36.003  INFO 7108 --- [RMI TCP Connection(2)-127.0.0.1] com.netflix.discovery.DiscoveryClient    : DiscoveryClient_SIMBABOOTSERVERADMIN/caozhejun.UT.CN:simbabootserveradmin:6868 - deregister  status: 200
2017-10-12 19:03:36.006  INFO 7108 --- [RMI TCP Connection(2)-127.0.0.1] com.netflix.discovery.DiscoveryClient    : Completed shut down of DiscoveryClient
2017-10-12 19:03:36.006  INFO 7108 --- [RMI TCP Connection(2)-127.0.0.1] ationConfigEmbeddedWebApplicationContext : Closing org.springframework.boot.context.embedded.AnnotationConfigEmbeddedWebApplicationContext@506aa618: startup date [Thu Oct 12 18:59:04 CST 2017]; parent: org.springframework.boot.context.embedded.AnnotationConfigEmbeddedWebApplicationContext@585ac855
2017-10-12 19:03:36.007  INFO 7108 --- [RMI TCP Connection(2)-127.0.0.1] o.s.c.n.e.s.EurekaServiceRegistry        : Unregistering application simbabootserveradmin with eureka with status DOWN
2017-10-12 19:03:36.129  INFO 7108 --- [RMI TCP Connection(2)-127.0.0.1] o.apache.catalina.core.StandardService   : Stopping service Tomcat
2017-10-12 19:03:36.143  INFO 7108 --- [RMI TCP Connection(2)-127.0.0.1] o.s.c.support.DefaultLifecycleProcessor  : Stopping beans in phase 0
2017-10-12 19:03:36.147  INFO 7108 --- [RMI TCP Connection(2)-127.0.0.1] o.s.j.e.a.AnnotationMBeanExporter        : Unregistering JMX-exposed beans on shutdown
2017-10-12 19:03:36.147  INFO 7108 --- [RMI TCP Connection(2)-127.0.0.1] o.s.j.e.a.AnnotationMBeanExporter        : Unregistering JMX-exposed beans
