2018-07-26 10:59:02.846  INFO 10632 --- [main] com.simba.AutoDeployApplicationStart     : Starting AutoDeployApplicationStart on caozhejun with PID 10632 (F:\gitcode\simba\framework\simba-auto-deploy\target\classes started by caozhejun in F:\gitcode\simba\framework\simba-auto-deploy)
2018-07-26 10:59:02.848  INFO 10632 --- [main] com.simba.AutoDeployApplicationStart     : The following profiles are active: dev
2018-07-26 10:59:03.368  INFO 10632 --- [main] ationConfigEmbeddedWebApplicationContext : Refreshing org.springframework.boot.context.embedded.AnnotationConfigEmbeddedWebApplicationContext@4b5d6a01: startup date [Thu Jul 26 10:59:03 CST 2018]; root of context hierarchy
2018-07-26 10:59:04.983  INFO 10632 --- [main] o.s.b.f.s.DefaultListableBeanFactory     : Overriding bean definition for bean 'druidServlet' with a different definition: replacing [Root bean: class [null]; scope=; abstract=false; lazyInit=false; autowireMode=3; dependencyCheck=0; autowireCandidate=true; primary=false; factoryBeanName=kaptchaConfiguration; factoryMethodName=druidServlet; initMethodName=null; destroyMethodName=(inferred); defined in class path resource [com/simba/kaptcha/KaptchaConfiguration.class]] with [Root bean: class [null]; scope=; abstract=false; lazyInit=false; autowireMode=3; dependencyCheck=0; autowireCandidate=true; primary=false; factoryBeanName=druidConfiguration; factoryMethodName=druidServlet; initMethodName=null; destroyMethodName=(inferred); defined in class path resource [com/simba/framework/util/jdbc/DruidConfiguration.class]]
2018-07-26 10:59:04.996  INFO 10632 --- [main] o.s.b.f.s.DefaultListableBeanFactory     : Overriding bean definition for bean 'filterRegistrationBean' with a different definition: replacing [Root bean: class [null]; scope=; abstract=false; lazyInit=false; autowireMode=3; dependencyCheck=0; autowireCandidate=true; primary=false; factoryBeanName=sessionConfig; factoryMethodName=filterRegistrationBean; initMethodName=null; destroyMethodName=(inferred); defined in class path resource [com/simba/framework/session/config/SessionConfig.class]] with [Root bean: class [null]; scope=; abstract=false; lazyInit=false; autowireMode=3; dependencyCheck=0; autowireCandidate=true; primary=false; factoryBeanName=druidConfiguration; factoryMethodName=filterRegistrationBean; initMethodName=null; destroyMethodName=(inferred); defined in class path resource [com/simba/framework/util/jdbc/DruidConfiguration.class]]
2018-07-26 10:59:05.367  INFO 10632 --- [main] .s.d.r.c.RepositoryConfigurationDelegate : Multiple Spring Data modules found, entering strict repository configuration mode!
2018-07-26 10:59:06.263  INFO 10632 --- [main] trationDelegate$BeanPostProcessorChecker : Bean 'org.springframework.transaction.annotation.ProxyTransactionManagementConfiguration' of type [org.springframework.transaction.annotation.ProxyTransactionManagementConfiguration$$EnhancerBySpringCGLIB$$c5803cd8] is not eligible for getting processed by all BeanPostProcessors (for example: not eligible for auto-proxying)
2018-07-26 10:59:06.428  INFO 10632 --- [main] trationDelegate$BeanPostProcessorChecker : Bean 'org.springframework.cache.annotation.ProxyCachingConfiguration' of type [org.springframework.cache.annotation.ProxyCachingConfiguration$$EnhancerBySpringCGLIB$$e9272f6] is not eligible for getting processed by all BeanPostProcessors (for example: not eligible for auto-proxying)
2018-07-26 10:59:06.465  INFO 10632 --- [main] trationDelegate$BeanPostProcessorChecker : Bean 'org.springframework.boot.autoconfigure.cache.CacheAutoConfiguration' of type [org.springframework.boot.autoconfigure.cache.CacheAutoConfiguration$$EnhancerBySpringCGLIB$$306379a] is not eligible for getting processed by all BeanPostProcessors (for example: not eligible for auto-proxying)
2018-07-26 10:59:06.531  INFO 10632 --- [main] trationDelegate$BeanPostProcessorChecker : Bean 'spring.cache-org.springframework.boot.autoconfigure.cache.CacheProperties' of type [org.springframework.boot.autoconfigure.cache.CacheProperties] is not eligible for getting processed by all BeanPostProcessors (for example: not eligible for auto-proxying)
2018-07-26 10:59:06.547  INFO 10632 --- [main] trationDelegate$BeanPostProcessorChecker : Bean 'cacheManagerCustomizers' of type [org.springframework.boot.autoconfigure.cache.CacheManagerCustomizers] is not eligible for getting processed by all BeanPostProcessors (for example: not eligible for auto-proxying)
2018-07-26 10:59:06.554  INFO 10632 --- [main] trationDelegate$BeanPostProcessorChecker : Bean 'org.springframework.boot.autoconfigure.cache.RedisCacheConfiguration' of type [org.springframework.boot.autoconfigure.cache.RedisCacheConfiguration$$EnhancerBySpringCGLIB$$b397d3f4] is not eligible for getting processed by all BeanPostProcessors (for example: not eligible for auto-proxying)
2018-07-26 10:59:06.568  INFO 10632 --- [main] trationDelegate$BeanPostProcessorChecker : Bean 'org.springframework.boot.autoconfigure.data.redis.RedisAutoConfiguration$RedisConfiguration' of type [org.springframework.boot.autoconfigure.data.redis.RedisAutoConfiguration$RedisConfiguration$$EnhancerBySpringCGLIB$$b22c265] is not eligible for getting processed by all BeanPostProcessors (for example: not eligible for auto-proxying)
2018-07-26 10:59:06.598  INFO 10632 --- [main] trationDelegate$BeanPostProcessorChecker : Bean 'spring.redis-org.springframework.boot.autoconfigure.data.redis.RedisProperties' of type [org.springframework.boot.autoconfigure.data.redis.RedisProperties] is not eligible for getting processed by all BeanPostProcessors (for example: not eligible for auto-proxying)
2018-07-26 10:59:06.621  INFO 10632 --- [main] trationDelegate$BeanPostProcessorChecker : Bean 'org.springframework.boot.autoconfigure.data.redis.RedisAutoConfiguration$RedisConnectionConfiguration' of type [org.springframework.boot.autoconfigure.data.redis.RedisAutoConfiguration$RedisConnectionConfiguration$$EnhancerBySpringCGLIB$$597a63e7] is not eligible for getting processed by all BeanPostProcessors (for example: not eligible for auto-proxying)
2018-07-26 10:59:06.829  INFO 10632 --- [main] trationDelegate$BeanPostProcessorChecker : Bean 'redisConnectionFactory' of type [org.springframework.data.redis.connection.jedis.JedisConnectionFactory] is not eligible for getting processed by all BeanPostProcessors (for example: not eligible for auto-proxying)
2018-07-26 10:59:06.901  INFO 10632 --- [main] trationDelegate$BeanPostProcessorChecker : Bean 'redisTemplate' of type [org.springframework.data.redis.core.RedisTemplate] is not eligible for getting processed by all BeanPostProcessors (for example: not eligible for auto-proxying)
2018-07-26 10:59:07.002  INFO 10632 --- [main] trationDelegate$BeanPostProcessorChecker : Bean 'cacheManager' of type [org.springframework.data.redis.cache.RedisCacheManager] is not eligible for getting processed by all BeanPostProcessors (for example: not eligible for auto-proxying)
2018-07-26 10:59:07.021  INFO 10632 --- [main] trationDelegate$BeanPostProcessorChecker : Bean 'cacheAutoConfigurationValidator' of type [org.springframework.boot.autoconfigure.cache.CacheAutoConfiguration$CacheManagerValidator] is not eligible for getting processed by all BeanPostProcessors (for example: not eligible for auto-proxying)
2018-07-26 10:59:07.582  INFO 10632 --- [main] s.b.c.e.t.TomcatEmbeddedServletContainer : Tomcat initialized with port(s): 9696 (http)
2018-07-26 10:59:07.595  INFO 10632 --- [main] o.apache.catalina.core.StandardService   : Starting service Tomcat
2018-07-26 10:59:07.597  INFO 10632 --- [main] org.apache.catalina.core.StandardEngine  : Starting Servlet Engine: Apache Tomcat/8.5.14
2018-07-26 10:59:07.783  INFO 10632 --- [localhost-startStop-1] o.a.c.c.C.[Tomcat].[localhost].[/]       : Initializing Spring embedded WebApplicationContext
2018-07-26 10:59:07.784  INFO 10632 --- [localhost-startStop-1] o.s.web.context.ContextLoader            : Root WebApplicationContext: initialization completed in 4418 ms
2018-07-26 10:59:07.811  INFO 10632 --- [localhost-startStop-1] c.s.f.util.jdbc.DruidConfiguration       : =====================init Druid Servlet Configuration 
2018-07-26 10:59:07.876  INFO 10632 --- [localhost-startStop-1] c.s.f.session.config.SessionConfig       : =====================init session listener Configuration==============================
2018-07-26 10:59:07.885  INFO 10632 --- [localhost-startStop-1] c.s.f.util.jdbc.DruidConfiguration       : =====================init Druid filter Configuration 
2018-07-26 10:59:08.416  INFO 10632 --- [localhost-startStop-1] o.s.b.w.servlet.ServletRegistrationBean  : Mapping servlet: 'statViewServlet' to [/druid/*]
2018-07-26 10:59:08.418  INFO 10632 --- [localhost-startStop-1] o.s.b.w.servlet.ServletRegistrationBean  : Mapping servlet: 'dispatcherServlet' to [/]
2018-07-26 10:59:08.426  INFO 10632 --- [localhost-startStop-1] o.s.b.w.servlet.FilterRegistrationBean   : Mapping filter: 'metricsFilter' to: [/*]
2018-07-26 10:59:08.426  INFO 10632 --- [localhost-startStop-1] o.s.b.w.servlet.FilterRegistrationBean   : Mapping filter: 'characterEncodingFilter' to: [/*]
2018-07-26 10:59:08.427  INFO 10632 --- [localhost-startStop-1] o.s.b.w.servlet.FilterRegistrationBean   : Mapping filter: 'hiddenHttpMethodFilter' to: [/*]
2018-07-26 10:59:08.427  INFO 10632 --- [localhost-startStop-1] o.s.b.w.servlet.FilterRegistrationBean   : Mapping filter: 'httpPutFormContentFilter' to: [/*]
2018-07-26 10:59:08.427  INFO 10632 --- [localhost-startStop-1] o.s.b.w.servlet.FilterRegistrationBean   : Mapping filter: 'requestContextFilter' to: [/*]
2018-07-26 10:59:08.428  INFO 10632 --- [localhost-startStop-1] o.s.b.w.servlet.FilterRegistrationBean   : Mapping filter: 'webRequestLoggingFilter' to: [/*]
2018-07-26 10:59:08.428  INFO 10632 --- [localhost-startStop-1] o.s.b.w.servlet.FilterRegistrationBean   : Mapping filter: 'webStatFilter' to urls: [/*]
2018-07-26 10:59:08.429  INFO 10632 --- [localhost-startStop-1] o.s.b.w.servlet.FilterRegistrationBean   : Mapping filter: 'sessionFilter' to: [/*]
2018-07-26 10:59:08.429  INFO 10632 --- [localhost-startStop-1] o.s.b.w.servlet.FilterRegistrationBean   : Mapping filter: 'applicationContextIdFilter' to: [/*]
2018-07-26 10:59:08.452  INFO 10632 --- [localhost-startStop-1] c.simba.framework.session.SessionFilter  : *****************获取配置文件设置session过期时间为:1800000
2018-07-26 10:59:08.459  INFO 10632 --- [localhost-startStop-1] c.s.f.session.DisSessionRequestWrapper   : ****************设置session过期时间为1800000
2018-07-26 10:59:08.573  INFO 10632 --- [main] o.s.s.concurrent.ThreadPoolTaskExecutor  : Initializing ExecutorService  'taskExecutor'
2018-07-26 10:59:08.750  INFO 10632 --- [main] c.s.f.distributed.DistributedUtil        : 订阅集群频道成功
2018-07-26 10:59:08.772  INFO 10632 --- [main] c.s.f.u.a.ApplicationContextUtil         : ****************************init ApplicationContext successfully:org.springframework.boot.context.embedded.AnnotationConfigEmbeddedWebApplicationContext
2018-07-26 10:59:09.595  INFO 10632 --- [main] com.simba.framework.util.jdbc.Jdbc       : init
2018-07-26 10:59:10.086  INFO 10632 --- [main] c.s.f.u.b.PageParameterBeanPostProcessor : 注入页面扩展参数:sessOrgId
2018-07-26 10:59:10.091  INFO 10632 --- [main] c.s.f.u.b.PageParameterBeanPostProcessor : 注入页面扩展参数:sessOrgName
2018-07-26 10:59:10.097  INFO 10632 --- [main] c.s.f.u.b.PageParameterBeanPostProcessor : 注入页面扩展参数:sessAccount
2018-07-26 10:59:10.102  INFO 10632 --- [main] c.s.f.u.b.PageParameterBeanPostProcessor : 注入页面扩展参数:sessName
2018-07-26 10:59:10.630  INFO 10632 --- [main] com.alibaba.druid.pool.DruidDataSource   : {dataSource-1} inited
2018-07-26 10:59:10.819  INFO 10632 --- [main] com.simba.framework.util.jdbc.Jdbc       : result size:5 sql:select column_name from information_schema.COLUMNS where table_name = 'userExt' and table_schema = 'autodeploy' 
2018-07-26 10:59:10.923  INFO 10632 --- [main] com.simba.framework.util.jdbc.Jdbc       : result size:4 sql:select column_name from information_schema.COLUMNS where table_name = 'orgExt' and table_schema = 'autodeploy' 
2018-07-26 10:59:11.156  INFO 10632 --- [main] com.simba.cache.RedisUtil                : pool:redis.clients.jedis.JedisPool@a63643e
2018-07-26 10:59:11.424  INFO 10632 --- [main] c.s.f.u.b.PageParameterBeanPostProcessor : 注入集群方法:com.simba.cluster.registryTable.RegistryTableClusterExecute
2018-07-26 10:59:11.467  INFO 10632 --- [main] com.simba.framework.util.jdbc.Jdbc       : sql:select * from registryTable
2018-07-26 10:59:11.509  INFO 10632 --- [main] com.simba.framework.util.jdbc.Jdbc       : result size:9 sql:select * from registryTable
2018-07-26 10:59:11.638  INFO 10632 --- [main] c.s.f.u.b.PageParameterBeanPostProcessor : 注入集群方法:com.simba.cluster.JobClusterExecute
2018-07-26 10:59:11.643  INFO 10632 --- [main] c.s.f.u.b.PageParameterBeanPostProcessor : 注入集群方法:com.simba.cluster.JobScheduleClusterExecute
2018-07-26 10:59:11.682  INFO 10632 --- [main] com.simba.framework.util.jdbc.Jdbc       : sql:select * from job
2018-07-26 10:59:11.708  INFO 10632 --- [main] com.simba.framework.util.jdbc.Jdbc       : result size:0 sql:select * from job
2018-07-26 10:59:11.715  INFO 10632 --- [main] com.simba.framework.util.jdbc.Jdbc       : result size:0 sql:select * from job where status = 'waiting' 
2018-07-26 10:59:11.717  INFO 10632 --- [main] com.simba.framework.util.jdbc.Jdbc       : sql:select * from job
2018-07-26 10:59:11.719  INFO 10632 --- [main] com.simba.framework.util.jdbc.Jdbc       : result size:0 sql:select * from job
2018-07-26 10:59:11.849  INFO 10632 --- [main] com.simba.cache.RedisClusterUtil         : 没有配置redis集群(redis.cluster.address)[ip1:port1,ip2:port2]，不启动redis集群客户端
2018-07-26 10:59:13.306  INFO 10632 --- [main] s.w.s.m.m.a.RequestMappingHandlerMapping : Mapped "{[/captcha/get],methods=[GET]}" onto public void com.simba.controller.CaptchaController.get(javax.servlet.http.HttpServletRequest,javax.servlet.http.HttpServletResponse) throws java.io.IOException
2018-07-26 10:59:13.307  INFO 10632 --- [main] s.w.s.m.m.a.RequestMappingHandlerMapping : Mapped "{[/download/download],methods=[GET]}" onto public void com.simba.controller.DownloadController.download(java.lang.String,javax.servlet.http.HttpServletResponse)
2018-07-26 10:59:13.308  INFO 10632 --- [main] s.w.s.m.m.a.RequestMappingHandlerMapping : Mapped "{[/myerror]}" onto public java.lang.String com.simba.controller.ErrorPageController.error()
2018-07-26 10:59:13.309  INFO 10632 --- [main] s.w.s.m.m.a.RequestMappingHandlerMapping : Mapped "{[/myforbid]}" onto public java.lang.String com.simba.controller.ErrorPageController.forbid()
2018-07-26 10:59:13.309  INFO 10632 --- [main] s.w.s.m.m.a.RequestMappingHandlerMapping : Mapped "{[/mynopage]}" onto public java.lang.String com.simba.controller.ErrorPageController.nopage()
2018-07-26 10:59:13.310  INFO 10632 --- [main] s.w.s.m.m.a.RequestMappingHandlerMapping : Mapped "{[/ping],methods=[GET]}" onto public java.lang.String com.simba.controller.PingController.ping()
2018-07-26 10:59:13.313  INFO 10632 --- [main] s.w.s.m.m.a.RequestMappingHandlerMapping : Mapped "{[/qrcode/read],methods=[POST]}" onto public java.lang.String com.simba.controller.QrcodeController.read(org.springframework.web.multipart.MultipartFile) throws java.io.IOException,com.google.zxing.NotFoundException
2018-07-26 10:59:13.314  INFO 10632 --- [main] s.w.s.m.m.a.RequestMappingHandlerMapping : Mapped "{[/qrcode/download],methods=[GET]}" onto public void com.simba.controller.QrcodeController.download(java.lang.String,java.lang.Integer,java.lang.Integer,javax.servlet.http.HttpServletResponse) throws java.io.IOException,com.google.zxing.WriterException
2018-07-26 10:59:13.314  INFO 10632 --- [main] s.w.s.m.m.a.RequestMappingHandlerMapping : Mapped "{[/session/getSid],methods=[GET]}" onto public java.lang.String com.simba.controller.SessionController.getSid(javax.servlet.http.HttpServletRequest)
2018-07-26 10:59:13.315  INFO 10632 --- [main] s.w.s.m.m.a.RequestMappingHandlerMapping : Mapped "{[/kaptcha/check]}" onto public com.simba.framework.util.json.JsonResult com.simba.kaptcha.KaptchaController.check(java.lang.String,javax.servlet.http.HttpSession)
2018-07-26 10:59:13.317  INFO 10632 --- [main] s.w.s.m.m.a.RequestMappingHandlerMapping : Mapped "{[/projectPackage/create]}" onto public java.lang.String com.simba.controller.ProjectPackageController.create(org.springframework.ui.ModelMap)
2018-07-26 10:59:13.318  INFO 10632 --- [main] s.w.s.m.m.a.RequestMappingHandlerMapping : Mapped "{[/projectPackage/projectPackage]}" onto public void com.simba.controller.ProjectPackageController.projectPackage(com.simba.model.ProjectPackage,javax.servlet.http.HttpServletResponse) throws net.lingala.zip4j.exception.ZipException,java.io.IOException
2018-07-26 10:59:13.322  INFO 10632 --- [main] s.w.s.m.m.a.RequestMappingHandlerMapping : Mapped "{[/projectVersion/add]}" onto public java.lang.String com.simba.controller.ProjectVersionController.add(com.simba.model.ProjectVersion,org.springframework.web.multipart.MultipartFile) throws java.lang.IllegalStateException,java.io.IOException
2018-07-26 10:59:13.322  INFO 10632 --- [main] s.w.s.m.m.a.RequestMappingHandlerMapping : Mapped "{[/projectVersion/count]}" onto public com.simba.framework.util.json.JsonResult com.simba.controller.ProjectVersionController.count()
2018-07-26 10:59:13.323  INFO 10632 --- [main] s.w.s.m.m.a.RequestMappingHandlerMapping : Mapped "{[/projectVersion/update]}" onto public java.lang.String com.simba.controller.ProjectVersionController.update(com.simba.model.ProjectVersion,org.springframework.web.multipart.MultipartFile) throws java.lang.IllegalStateException,java.io.IOException
2018-07-26 10:59:13.323  INFO 10632 --- [main] s.w.s.m.m.a.RequestMappingHandlerMapping : Mapped "{[/projectVersion/delete]}" onto public com.simba.framework.util.json.JsonResult com.simba.controller.ProjectVersionController.delete(java.lang.Integer,org.springframework.ui.ModelMap)
2018-07-26 10:59:13.324  INFO 10632 --- [main] s.w.s.m.m.a.RequestMappingHandlerMapping : Mapped "{[/projectVersion/list]}" onto public java.lang.String com.simba.controller.ProjectVersionController.list()
2018-07-26 10:59:13.324  INFO 10632 --- [main] s.w.s.m.m.a.RequestMappingHandlerMapping : Mapped "{[/projectVersion/toAdd]}" onto public java.lang.String com.simba.controller.ProjectVersionController.toAdd()
2018-07-26 10:59:13.324  INFO 10632 --- [main] s.w.s.m.m.a.RequestMappingHandlerMapping : Mapped "{[/projectVersion/getList]}" onto public java.lang.String com.simba.controller.ProjectVersionController.getList(com.simba.framework.util.jdbc.Pager,org.springframework.ui.ModelMap)
2018-07-26 10:59:13.324  INFO 10632 --- [main] s.w.s.m.m.a.RequestMappingHandlerMapping : Mapped "{[/projectVersion/toUpdate]}" onto public java.lang.String com.simba.controller.ProjectVersionController.toUpdate(java.lang.Integer,org.springframework.ui.ModelMap)
2018-07-26 10:59:13.325  INFO 10632 --- [main] s.w.s.m.m.a.RequestMappingHandlerMapping : Mapped "{[/projectVersion/batchDelete]}" onto public com.simba.framework.util.json.JsonResult com.simba.controller.ProjectVersionController.batchDelete(java.lang.Integer[],org.springframework.ui.ModelMap)
2018-07-26 10:59:13.326  INFO 10632 --- [main] s.w.s.m.m.a.RequestMappingHandlerMapping : Mapped "{[/projectVersion/download]}" onto public void com.simba.controller.ProjectVersionController.download(int,javax.servlet.http.HttpServletResponse)
2018-07-26 10:59:13.328  INFO 10632 --- [main] s.w.s.m.m.a.RequestMappingHandlerMapping : Mapped "{[/deployLog/add]}" onto public java.lang.String com.simba.controller.DeployLogController.add(com.simba.model.DeployLog)
2018-07-26 10:59:13.329  INFO 10632 --- [main] s.w.s.m.m.a.RequestMappingHandlerMapping : Mapped "{[/deployLog/count]}" onto public com.simba.framework.util.json.JsonResult com.simba.controller.DeployLogController.count()
2018-07-26 10:59:13.331  INFO 10632 --- [main] s.w.s.m.m.a.RequestMappingHandlerMapping : Mapped "{[/deployLog/update]}" onto public java.lang.String com.simba.controller.DeployLogController.update(com.simba.model.DeployLog)
2018-07-26 10:59:13.331  INFO 10632 --- [main] s.w.s.m.m.a.RequestMappingHandlerMapping : Mapped "{[/deployLog/delete]}" onto public com.simba.framework.util.json.JsonResult com.simba.controller.DeployLogController.delete(java.lang.Long,org.springframework.ui.ModelMap)
2018-07-26 10:59:13.332  INFO 10632 --- [main] s.w.s.m.m.a.RequestMappingHandlerMapping : Mapped "{[/deployLog/list]}" onto public java.lang.String com.simba.controller.DeployLogController.list()
2018-07-26 10:59:13.332  INFO 10632 --- [main] s.w.s.m.m.a.RequestMappingHandlerMapping : Mapped "{[/deployLog/toAdd]}" onto public java.lang.String com.simba.controller.DeployLogController.toAdd()
2018-07-26 10:59:13.332  INFO 10632 --- [main] s.w.s.m.m.a.RequestMappingHandlerMapping : Mapped "{[/deployLog/getList]}" onto public java.lang.String com.simba.controller.DeployLogController.getList(com.simba.framework.util.jdbc.Pager,org.springframework.ui.ModelMap)
2018-07-26 10:59:13.332  INFO 10632 --- [main] s.w.s.m.m.a.RequestMappingHandlerMapping : Mapped "{[/deployLog/toUpdate]}" onto public java.lang.String com.simba.controller.DeployLogController.toUpdate(java.lang.Long,org.springframework.ui.ModelMap)
2018-07-26 10:59:13.332  INFO 10632 --- [main] s.w.s.m.m.a.RequestMappingHandlerMapping : Mapped "{[/deployLog/batchDelete]}" onto public com.simba.framework.util.json.JsonResult com.simba.controller.DeployLogController.batchDelete(java.lang.Long[],org.springframework.ui.ModelMap)
2018-07-26 10:59:13.336  INFO 10632 --- [main] s.w.s.m.m.a.RequestMappingHandlerMapping : Mapped "{[/devProject/add]}" onto public java.lang.String com.simba.controller.DevProjectController.add(com.simba.model.DevProject,java.lang.String[]) throws org.eclipse.jgit.api.errors.InvalidRemoteException,org.eclipse.jgit.api.errors.TransportException,org.eclipse.jgit.api.errors.GitAPIException,org.tmatesoft.svn.core.SVNException
2018-07-26 10:59:13.337  INFO 10632 --- [main] s.w.s.m.m.a.RequestMappingHandlerMapping : Mapped "{[/devProject/count]}" onto public com.simba.framework.util.json.JsonResult com.simba.controller.DevProjectController.count()
2018-07-26 10:59:13.338  INFO 10632 --- [main] s.w.s.m.m.a.RequestMappingHandlerMapping : Mapped "{[/devProject/update]}" onto public java.lang.String com.simba.controller.DevProjectController.update(com.simba.model.DevProject,java.lang.String[]) throws org.eclipse.jgit.api.errors.InvalidRemoteException,org.eclipse.jgit.api.errors.TransportException,org.eclipse.jgit.api.errors.GitAPIException,org.tmatesoft.svn.core.SVNException
2018-07-26 10:59:13.338  INFO 10632 --- [main] s.w.s.m.m.a.RequestMappingHandlerMapping : Mapped "{[/devProject/delete]}" onto public com.simba.framework.util.json.JsonResult com.simba.controller.DevProjectController.delete(java.lang.Integer,org.springframework.ui.ModelMap)
2018-07-26 10:59:13.338  INFO 10632 --- [main] s.w.s.m.m.a.RequestMappingHandlerMapping : Mapped "{[/devProject/list]}" onto public java.lang.String com.simba.controller.DevProjectController.list()
2018-07-26 10:59:13.338  INFO 10632 --- [main] s.w.s.m.m.a.RequestMappingHandlerMapping : Mapped "{[/devProject/copy]}" onto public com.simba.framework.util.json.JsonResult com.simba.controller.DevProjectController.copy(java.lang.Integer) throws org.eclipse.jgit.api.errors.InvalidRemoteException,org.eclipse.jgit.api.errors.TransportException,org.eclipse.jgit.api.errors.GitAPIException,org.tmatesoft.svn.core.SVNException
2018-07-26 10:59:13.338  INFO 10632 --- [main] s.w.s.m.m.a.RequestMappingHandlerMapping : Mapped "{[/devProject/toAdd]}" onto public java.lang.String com.simba.controller.DevProjectController.toAdd(org.springframework.ui.ModelMap)
2018-07-26 10:59:13.339  INFO 10632 --- [main] s.w.s.m.m.a.RequestMappingHandlerMapping : Mapped "{[/devProject/getList]}" onto public java.lang.String com.simba.controller.DevProjectController.getList(com.simba.framework.util.jdbc.Pager,org.springframework.ui.ModelMap)
2018-07-26 10:59:13.339  INFO 10632 --- [main] s.w.s.m.m.a.RequestMappingHandlerMapping : Mapped "{[/devProject/toUpdate]}" onto public java.lang.String com.simba.controller.DevProjectController.toUpdate(java.lang.Integer,org.springframework.ui.ModelMap)
2018-07-26 10:59:13.339  INFO 10632 --- [main] s.w.s.m.m.a.RequestMappingHandlerMapping : Mapped "{[/devProject/batchDelete]}" onto public com.simba.framework.util.json.JsonResult com.simba.controller.DevProjectController.batchDelete(java.lang.Integer[],org.springframework.ui.ModelMap)
2018-07-26 10:59:13.339  INFO 10632 --- [main] s.w.s.m.m.a.RequestMappingHandlerMapping : Mapped "{[/devProject/showBindServers]}" onto public java.lang.String com.simba.controller.DevProjectController.showBindServers(int,org.springframework.ui.ModelMap)
2018-07-26 10:59:13.339  INFO 10632 --- [main] s.w.s.m.m.a.RequestMappingHandlerMapping : Mapped "{[/devProject/bindServers]}" onto public com.simba.framework.util.json.JsonResult com.simba.controller.DevProjectController.bindServers(int,java.lang.String[])
2018-07-26 10:59:13.339  INFO 10632 --- [main] s.w.s.m.m.a.RequestMappingHandlerMapping : Mapped "{[/devProject/publishAll]}" onto public com.simba.framework.util.json.JsonResult com.simba.controller.DevProjectController.publishAll(int) throws java.io.IOException,org.eclipse.jgit.api.errors.WrongRepositoryStateException,org.eclipse.jgit.api.errors.InvalidConfigurationException,org.eclipse.jgit.api.errors.InvalidRemoteException,org.eclipse.jgit.api.errors.CanceledException,org.eclipse.jgit.api.errors.RefNotFoundException,org.eclipse.jgit.api.errors.RefNotAdvertisedException,org.eclipse.jgit.api.errors.NoHeadException,org.eclipse.jgit.api.errors.TransportException,org.eclipse.jgit.api.errors.GitAPIException,org.tmatesoft.svn.core.SVNException
2018-07-26 10:59:13.340  INFO 10632 --- [main] s.w.s.m.m.a.RequestMappingHandlerMapping : Mapped "{[/devProject/showPublishSome]}" onto public java.lang.String com.simba.controller.DevProjectController.showPublishSome(int,org.springframework.ui.ModelMap)
2018-07-26 10:59:13.340  INFO 10632 --- [main] s.w.s.m.m.a.RequestMappingHandlerMapping : Mapped "{[/devProject/showRollbackSome]}" onto public java.lang.String com.simba.controller.DevProjectController.showRollbackSome(int,org.springframework.ui.ModelMap)
2018-07-26 10:59:13.340  INFO 10632 --- [main] s.w.s.m.m.a.RequestMappingHandlerMapping : Mapped "{[/devProject/refreshCode]}" onto public com.simba.framework.util.json.JsonResult com.simba.controller.DevProjectController.refreshCode(int) throws org.eclipse.jgit.api.errors.InvalidRemoteException,org.eclipse.jgit.api.errors.TransportException,org.eclipse.jgit.api.errors.GitAPIException,org.tmatesoft.svn.core.SVNException
2018-07-26 10:59:13.340  INFO 10632 --- [main] s.w.s.m.m.a.RequestMappingHandlerMapping : Mapped "{[/devProject/rollbackAll]}" onto public com.simba.framework.util.json.JsonResult com.simba.controller.DevProjectController.rollbackAll(int) throws java.io.IOException,org.eclipse.jgit.api.errors.WrongRepositoryStateException,org.eclipse.jgit.api.errors.InvalidConfigurationException,org.eclipse.jgit.api.errors.InvalidRemoteException,org.eclipse.jgit.api.errors.CanceledException,org.eclipse.jgit.api.errors.RefNotFoundException,org.eclipse.jgit.api.errors.RefNotAdvertisedException,org.eclipse.jgit.api.errors.NoHeadException,org.eclipse.jgit.api.errors.TransportException,org.eclipse.jgit.api.errors.GitAPIException,org.tmatesoft.svn.core.SVNException
2018-07-26 10:59:13.340  INFO 10632 --- [main] s.w.s.m.m.a.RequestMappingHandlerMapping : Mapped "{[/devProject/publishSomeServers]}" onto public com.simba.framework.util.json.JsonResult com.simba.controller.DevProjectController.publishSomeServers(int,java.lang.String[]) throws java.io.IOException,org.eclipse.jgit.api.errors.WrongRepositoryStateException,org.eclipse.jgit.api.errors.InvalidConfigurationException,org.eclipse.jgit.api.errors.InvalidRemoteException,org.eclipse.jgit.api.errors.CanceledException,org.eclipse.jgit.api.errors.RefNotFoundException,org.eclipse.jgit.api.errors.RefNotAdvertisedException,org.eclipse.jgit.api.errors.NoHeadException,org.eclipse.jgit.api.errors.TransportException,org.eclipse.jgit.api.errors.GitAPIException,org.tmatesoft.svn.core.SVNException
2018-07-26 10:59:13.340  INFO 10632 --- [main] s.w.s.m.m.a.RequestMappingHandlerMapping : Mapped "{[/devProject/rollbackSomeServers]}" onto public com.simba.framework.util.json.JsonResult com.simba.controller.DevProjectController.rollbackSomeServers(int,java.lang.String[]) throws java.io.IOException,org.eclipse.jgit.api.errors.WrongRepositoryStateException,org.eclipse.jgit.api.errors.InvalidConfigurationException,org.eclipse.jgit.api.errors.InvalidRemoteException,org.eclipse.jgit.api.errors.CanceledException,org.eclipse.jgit.api.errors.RefNotFoundException,org.eclipse.jgit.api.errors.RefNotAdvertisedException,org.eclipse.jgit.api.errors.NoHeadException,org.eclipse.jgit.api.errors.TransportException,org.eclipse.jgit.api.errors.GitAPIException,org.tmatesoft.svn.core.SVNException
2018-07-26 10:59:13.342  INFO 10632 --- [main] s.w.s.m.m.a.RequestMappingHandlerMapping : Mapped "{[/projectPackageResult/add]}" onto public java.lang.String com.simba.controller.ProjectPackageResultController.add(com.simba.model.ProjectPackageResult)
2018-07-26 10:59:13.342  INFO 10632 --- [main] s.w.s.m.m.a.RequestMappingHandlerMapping : Mapped "{[/projectPackageResult/count]}" onto public com.simba.framework.util.json.JsonResult com.simba.controller.ProjectPackageResultController.count()
2018-07-26 10:59:13.342  INFO 10632 --- [main] s.w.s.m.m.a.RequestMappingHandlerMapping : Mapped "{[/projectPackageResult/update]}" onto public java.lang.String com.simba.controller.ProjectPackageResultController.update(com.simba.model.ProjectPackageResult)
2018-07-26 10:59:13.342  INFO 10632 --- [main] s.w.s.m.m.a.RequestMappingHandlerMapping : Mapped "{[/projectPackageResult/delete]}" onto public com.simba.framework.util.json.JsonResult com.simba.controller.ProjectPackageResultController.delete(java.lang.Integer,org.springframework.ui.ModelMap)
2018-07-26 10:59:13.342  INFO 10632 --- [main] s.w.s.m.m.a.RequestMappingHandlerMapping : Mapped "{[/projectPackageResult/list]}" onto public java.lang.String com.simba.controller.ProjectPackageResultController.list()
2018-07-26 10:59:13.342  INFO 10632 --- [main] s.w.s.m.m.a.RequestMappingHandlerMapping : Mapped "{[/projectPackageResult/toAdd]}" onto public java.lang.String com.simba.controller.ProjectPackageResultController.toAdd()
2018-07-26 10:59:13.342  INFO 10632 --- [main] s.w.s.m.m.a.RequestMappingHandlerMapping : Mapped "{[/projectPackageResult/getList]}" onto public java.lang.String com.simba.controller.ProjectPackageResultController.getList(com.simba.framework.util.jdbc.Pager,org.springframework.ui.ModelMap)
2018-07-26 10:59:13.343  INFO 10632 --- [main] s.w.s.m.m.a.RequestMappingHandlerMapping : Mapped "{[/projectPackageResult/toUpdate]}" onto public java.lang.String com.simba.controller.ProjectPackageResultController.toUpdate(java.lang.Integer,org.springframework.ui.ModelMap)
2018-07-26 10:59:13.343  INFO 10632 --- [main] s.w.s.m.m.a.RequestMappingHandlerMapping : Mapped "{[/projectPackageResult/batchDelete]}" onto public com.simba.framework.util.json.JsonResult com.simba.controller.ProjectPackageResultController.batchDelete(java.lang.Integer[],org.springframework.ui.ModelMap)
2018-07-26 10:59:13.344  INFO 10632 --- [main] s.w.s.m.m.a.RequestMappingHandlerMapping : Mapped "{[/projectServer/add]}" onto public java.lang.String com.simba.controller.ProjectServerController.add(com.simba.model.ProjectServer)
2018-07-26 10:59:13.344  INFO 10632 --- [main] s.w.s.m.m.a.RequestMappingHandlerMapping : Mapped "{[/projectServer/count]}" onto public com.simba.framework.util.json.JsonResult com.simba.controller.ProjectServerController.count()
2018-07-26 10:59:13.345  INFO 10632 --- [main] s.w.s.m.m.a.RequestMappingHandlerMapping : Mapped "{[/projectServer/update]}" onto public java.lang.String com.simba.controller.ProjectServerController.update(com.simba.model.ProjectServer)
2018-07-26 10:59:13.345  INFO 10632 --- [main] s.w.s.m.m.a.RequestMappingHandlerMapping : Mapped "{[/projectServer/delete]}" onto public com.simba.framework.util.json.JsonResult com.simba.controller.ProjectServerController.delete(java.lang.Integer,org.springframework.ui.ModelMap)
2018-07-26 10:59:13.345  INFO 10632 --- [main] s.w.s.m.m.a.RequestMappingHandlerMapping : Mapped "{[/projectServer/list]}" onto public java.lang.String com.simba.controller.ProjectServerController.list()
2018-07-26 10:59:13.345  INFO 10632 --- [main] s.w.s.m.m.a.RequestMappingHandlerMapping : Mapped "{[/projectServer/toAdd]}" onto public java.lang.String com.simba.controller.ProjectServerController.toAdd()
2018-07-26 10:59:13.345  INFO 10632 --- [main] s.w.s.m.m.a.RequestMappingHandlerMapping : Mapped "{[/projectServer/getList]}" onto public java.lang.String com.simba.controller.ProjectServerController.getList(com.simba.framework.util.jdbc.Pager,org.springframework.ui.ModelMap)
2018-07-26 10:59:13.345  INFO 10632 --- [main] s.w.s.m.m.a.RequestMappingHandlerMapping : Mapped "{[/projectServer/toUpdate]}" onto public java.lang.String com.simba.controller.ProjectServerController.toUpdate(java.lang.Integer,org.springframework.ui.ModelMap)
2018-07-26 10:59:13.345  INFO 10632 --- [main] s.w.s.m.m.a.RequestMappingHandlerMapping : Mapped "{[/projectServer/batchDelete]}" onto public com.simba.framework.util.json.JsonResult com.simba.controller.ProjectServerController.batchDelete(java.lang.Integer[],org.springframework.ui.ModelMap)
2018-07-26 10:59:13.346  INFO 10632 --- [main] s.w.s.m.m.a.RequestMappingHandlerMapping : Mapped "{[/projectServerRel/add]}" onto public java.lang.String com.simba.controller.ProjectServerRelController.add(com.simba.model.ProjectServerRel)
2018-07-26 10:59:13.347  INFO 10632 --- [main] s.w.s.m.m.a.RequestMappingHandlerMapping : Mapped "{[/projectServerRel/count]}" onto public com.simba.framework.util.json.JsonResult com.simba.controller.ProjectServerRelController.count()
2018-07-26 10:59:13.347  INFO 10632 --- [main] s.w.s.m.m.a.RequestMappingHandlerMapping : Mapped "{[/projectServerRel/update]}" onto public java.lang.String com.simba.controller.ProjectServerRelController.update(com.simba.model.ProjectServerRel)
2018-07-26 10:59:13.347  INFO 10632 --- [main] s.w.s.m.m.a.RequestMappingHandlerMapping : Mapped "{[/projectServerRel/delete]}" onto public com.simba.framework.util.json.JsonResult com.simba.controller.ProjectServerRelController.delete(java.lang.Integer,org.springframework.ui.ModelMap)
2018-07-26 10:59:13.347  INFO 10632 --- [main] s.w.s.m.m.a.RequestMappingHandlerMapping : Mapped "{[/projectServerRel/list]}" onto public java.lang.String com.simba.controller.ProjectServerRelController.list()
2018-07-26 10:59:13.348  INFO 10632 --- [main] s.w.s.m.m.a.RequestMappingHandlerMapping : Mapped "{[/projectServerRel/toAdd]}" onto public java.lang.String com.simba.controller.ProjectServerRelController.toAdd()
2018-07-26 10:59:13.348  INFO 10632 --- [main] s.w.s.m.m.a.RequestMappingHandlerMapping : Mapped "{[/projectServerRel/getList]}" onto public java.lang.String com.simba.controller.ProjectServerRelController.getList(com.simba.framework.util.jdbc.Pager,org.springframework.ui.ModelMap)
2018-07-26 10:59:13.348  INFO 10632 --- [main] s.w.s.m.m.a.RequestMappingHandlerMapping : Mapped "{[/projectServerRel/toUpdate]}" onto public java.lang.String com.simba.controller.ProjectServerRelController.toUpdate(java.lang.Integer,org.springframework.ui.ModelMap)
2018-07-26 10:59:13.348  INFO 10632 --- [main] s.w.s.m.m.a.RequestMappingHandlerMapping : Mapped "{[/projectServerRel/batchDelete]}" onto public com.simba.framework.util.json.JsonResult com.simba.controller.ProjectServerRelController.batchDelete(java.lang.Integer[],org.springframework.ui.ModelMap)
2018-07-26 10:59:13.349  INFO 10632 --- [main] s.w.s.m.m.a.RequestMappingHandlerMapping : Mapped "{[/deploy/receive]}" onto public com.simba.framework.util.json.JsonResult com.simba.controller.DeployController.receive(org.springframework.web.multipart.MultipartHttpServletRequest,org.springframework.web.multipart.MultipartFile,com.simba.form.DeployForm) throws java.lang.IllegalStateException,java.io.IOException
2018-07-26 10:59:13.349  INFO 10632 --- [main] s.w.s.m.m.a.RequestMappingHandlerMapping : Mapped "{[/deploy/rollback]}" onto public com.simba.framework.util.json.JsonResult com.simba.controller.DeployController.rollback(javax.servlet.http.HttpServletRequest,java.lang.String[],com.simba.form.DeployForm) throws java.io.IOException
2018-07-26 10:59:13.350  INFO 10632 --- [main] s.w.s.m.m.a.RequestMappingHandlerMapping : Mapped "{[/currentOrgUser/add]}" onto public java.lang.String com.simba.permission.controller.CurrentOrgUserController.add(com.simba.permission.model.User,java.lang.Integer[],javax.servlet.http.HttpServletRequest,org.springframework.ui.ModelMap)
2018-07-26 10:59:13.350  INFO 10632 --- [main] s.w.s.m.m.a.RequestMappingHandlerMapping : Mapped "{[/currentOrgUser/update]}" onto public java.lang.String com.simba.permission.controller.CurrentOrgUserController.update(com.simba.permission.model.User,java.lang.Integer[],javax.servlet.http.HttpServletRequest,org.springframework.ui.ModelMap)
2018-07-26 10:59:13.350  INFO 10632 --- [main] s.w.s.m.m.a.RequestMappingHandlerMapping : Mapped "{[/currentOrgUser/list]}" onto public java.lang.String com.simba.permission.controller.CurrentOrgUserController.list(java.lang.Integer,org.springframework.ui.ModelMap)
2018-07-26 10:59:13.350  INFO 10632 --- [main] s.w.s.m.m.a.RequestMappingHandlerMapping : Mapped "{[/currentOrgUser/toAdd]}" onto public java.lang.String com.simba.permission.controller.CurrentOrgUserController.toAdd(java.lang.Integer,org.springframework.ui.ModelMap)
2018-07-26 10:59:13.350  INFO 10632 --- [main] s.w.s.m.m.a.RequestMappingHandlerMapping : Mapped "{[/currentOrgUser/getUserList]}" onto public java.lang.String com.simba.permission.controller.CurrentOrgUserController.getUserList(int,com.simba.framework.util.jdbc.Pager,org.springframework.ui.ModelMap)
2018-07-26 10:59:13.351  INFO 10632 --- [main] s.w.s.m.m.a.RequestMappingHandlerMapping : Mapped "{[/currentOrgUser/toUpdate]}" onto public java.lang.String com.simba.permission.controller.CurrentOrgUserController.toUpdate(java.lang.String,javax.servlet.http.HttpServletRequest,org.springframework.ui.ModelMap) throws java.io.UnsupportedEncodingException
2018-07-26 10:59:13.351  INFO 10632 --- [main] s.w.s.m.m.a.RequestMappingHandlerMapping : Mapped "{[/home]}" onto public java.lang.String com.simba.permission.controller.HomeController.home()
2018-07-26 10:59:13.351  INFO 10632 --- [main] s.w.s.m.m.a.RequestMappingHandlerMapping : Mapped "{[/]}" onto public java.lang.String com.simba.permission.controller.IndexController.index()
2018-07-26 10:59:13.351  INFO 10632 --- [main] s.w.s.m.m.a.RequestMappingHandlerMapping : Mapped "{[/login/toLogin]}" onto public java.lang.String com.simba.permission.controller.LoginController.toLogin(javax.servlet.http.HttpServletRequest,org.springframework.ui.ModelMap)
2018-07-26 10:59:13.352  INFO 10632 --- [main] s.w.s.m.m.a.RequestMappingHandlerMapping : Mapped "{[/login/logout]}" onto public java.lang.String com.simba.permission.controller.LoginController.logout(javax.servlet.http.HttpServletRequest,org.springframework.ui.ModelMap)
2018-07-26 10:59:13.352  INFO 10632 --- [main] s.w.s.m.m.a.RequestMappingHandlerMapping : Mapped "{[/login/login]}" onto public java.lang.String com.simba.permission.controller.LoginController.login(java.lang.String,java.lang.String,org.springframework.ui.ModelMap,javax.servlet.http.HttpServletRequest)
2018-07-26 10:59:13.354  INFO 10632 --- [main] s.w.s.m.m.a.RequestMappingHandlerMapping : Mapped "{[/org/add]}" onto public java.lang.String com.simba.permission.controller.OrgController.add(com.simba.permission.model.Org,javax.servlet.http.HttpServletRequest)
2018-07-26 10:59:13.354  INFO 10632 --- [main] s.w.s.m.m.a.RequestMappingHandlerMapping : Mapped "{[/org/update]}" onto public java.lang.String com.simba.permission.controller.OrgController.update(com.simba.permission.model.Org,javax.servlet.http.HttpServletRequest)
2018-07-26 10:59:13.354  INFO 10632 --- [main] s.w.s.m.m.a.RequestMappingHandlerMapping : Mapped "{[/org/delete]}" onto public com.simba.framework.util.json.JsonResult com.simba.permission.controller.OrgController.delete(int)
2018-07-26 10:59:13.354  INFO 10632 --- [main] s.w.s.m.m.a.RequestMappingHandlerMapping : Mapped "{[/org/list]}" onto public java.lang.String com.simba.permission.controller.OrgController.list(java.lang.Integer,org.springframework.ui.ModelMap)
2018-07-26 10:59:13.354  INFO 10632 --- [main] s.w.s.m.m.a.RequestMappingHandlerMapping : Mapped "{[/org/toAdd]}" onto public java.lang.String com.simba.permission.controller.OrgController.toAdd(java.lang.Integer,org.springframework.ui.ModelMap)
2018-07-26 10:59:13.355  INFO 10632 --- [main] s.w.s.m.m.a.RequestMappingHandlerMapping : Mapped "{[/org/getOrgTree]}" onto public java.util.List<com.simba.bootstrap.model.TreeViewData> com.simba.permission.controller.OrgController.getOrgTree()
2018-07-26 10:59:13.355  INFO 10632 --- [main] s.w.s.m.m.a.RequestMappingHandlerMapping : Mapped "{[/org/getOrgList]}" onto public java.lang.String com.simba.permission.controller.OrgController.getOrgList(int,org.springframework.ui.ModelMap)
2018-07-26 10:59:13.355  INFO 10632 --- [main] s.w.s.m.m.a.RequestMappingHandlerMapping : Mapped "{[/org/toAssignRole]}" onto public java.lang.String com.simba.permission.controller.OrgController.toAssignRole(int,org.springframework.ui.ModelMap)
2018-07-26 10:59:13.355  INFO 10632 --- [main] s.w.s.m.m.a.RequestMappingHandlerMapping : Mapped "{[/org/assignRole]}" onto public com.simba.framework.util.json.JsonResult com.simba.permission.controller.OrgController.assignRole(java.lang.String[],int,org.springframework.ui.ModelMap)
2018-07-26 10:59:13.355  INFO 10632 --- [main] s.w.s.m.m.a.RequestMappingHandlerMapping : Mapped "{[/org/clearRole]}" onto public com.simba.framework.util.json.JsonResult com.simba.permission.controller.OrgController.clearRole(int)
2018-07-26 10:59:13.355  INFO 10632 --- [main] s.w.s.m.m.a.RequestMappingHandlerMapping : Mapped "{[/org/toUpdate]}" onto public java.lang.String com.simba.permission.controller.OrgController.toUpdate(int,org.springframework.ui.ModelMap)
2018-07-26 10:59:13.355  INFO 10632 --- [main] s.w.s.m.m.a.RequestMappingHandlerMapping : Mapped "{[/org/batchDelete]}" onto public com.simba.framework.util.json.JsonResult com.simba.permission.controller.OrgController.batchDelete(java.lang.Integer[])
2018-07-26 10:59:13.356  INFO 10632 --- [main] s.w.s.m.m.a.RequestMappingHandlerMapping : Mapped "{[/org/exportAllPermission]}" onto public void com.simba.permission.controller.OrgController.exportAllPermission(javax.servlet.http.HttpServletResponse) throws freemarker.template.TemplateNotFoundException,freemarker.template.MalformedTemplateNameException,freemarker.core.ParseException,java.io.IOException,freemarker.template.TemplateException
2018-07-26 10:59:13.357  INFO 10632 --- [main] s.w.s.m.m.a.RequestMappingHandlerMapping : Mapped "{[/permission/add]}" onto public java.lang.String com.simba.permission.controller.PermissionController.add(com.simba.permission.model.Permission)
2018-07-26 10:59:13.357  INFO 10632 --- [main] s.w.s.m.m.a.RequestMappingHandlerMapping : Mapped "{[/permission/update]}" onto public java.lang.String com.simba.permission.controller.PermissionController.update(com.simba.permission.model.Permission)
2018-07-26 10:59:13.357  INFO 10632 --- [main] s.w.s.m.m.a.RequestMappingHandlerMapping : Mapped "{[/permission/delete]}" onto public com.simba.framework.util.json.JsonResult com.simba.permission.controller.PermissionController.delete(int)
2018-07-26 10:59:13.357  INFO 10632 --- [main] s.w.s.m.m.a.RequestMappingHandlerMapping : Mapped "{[/permission/list]}" onto public java.lang.String com.simba.permission.controller.PermissionController.list(java.lang.Integer,org.springframework.ui.ModelMap)
2018-07-26 10:59:13.357  INFO 10632 --- [main] s.w.s.m.m.a.RequestMappingHandlerMapping : Mapped "{[/permission/toAdd]}" onto public java.lang.String com.simba.permission.controller.PermissionController.toAdd(java.lang.Integer,org.springframework.ui.ModelMap)
2018-07-26 10:59:13.358  INFO 10632 --- [main] s.w.s.m.m.a.RequestMappingHandlerMapping : Mapped "{[/permission/hasPermission]}" onto public com.simba.framework.util.json.JsonResult com.simba.permission.controller.PermissionController.hasPermission(java.lang.String,javax.servlet.http.HttpSession)
2018-07-26 10:59:13.358  INFO 10632 --- [main] s.w.s.m.m.a.RequestMappingHandlerMapping : Mapped "{[/permission/toUpdate]}" onto public java.lang.String com.simba.permission.controller.PermissionController.toUpdate(int,org.springframework.ui.ModelMap)
2018-07-26 10:59:13.358  INFO 10632 --- [main] s.w.s.m.m.a.RequestMappingHandlerMapping : Mapped "{[/permission/batchDelete]}" onto public com.simba.framework.util.json.JsonResult com.simba.permission.controller.PermissionController.batchDelete(java.lang.Integer[])
2018-07-26 10:59:13.358  INFO 10632 --- [main] s.w.s.m.m.a.RequestMappingHandlerMapping : Mapped "{[/permission/getPermissionTree]}" onto public java.util.List<com.simba.bootstrap.model.TreeViewData> com.simba.permission.controller.PermissionController.getPermissionTree()
2018-07-26 10:59:13.358  INFO 10632 --- [main] s.w.s.m.m.a.RequestMappingHandlerMapping : Mapped "{[/permission/getPermissionList]}" onto public java.lang.String com.simba.permission.controller.PermissionController.getPermissionList(int,org.springframework.ui.ModelMap)
2018-07-26 10:59:13.359  INFO 10632 --- [main] s.w.s.m.m.a.RequestMappingHandlerMapping : Mapped "{[/role/add]}" onto public java.lang.String com.simba.permission.controller.RoleController.add(com.simba.permission.model.Role)
2018-07-26 10:59:13.359  INFO 10632 --- [main] s.w.s.m.m.a.RequestMappingHandlerMapping : Mapped "{[/role/update]}" onto public java.lang.String com.simba.permission.controller.RoleController.update(com.simba.permission.model.Role)
2018-07-26 10:59:13.359  INFO 10632 --- [main] s.w.s.m.m.a.RequestMappingHandlerMapping : Mapped "{[/role/list]}" onto public java.lang.String com.simba.permission.controller.RoleController.list(org.springframework.ui.ModelMap)
2018-07-26 10:59:13.359  INFO 10632 --- [main] s.w.s.m.m.a.RequestMappingHandlerMapping : Mapped "{[/role/toAdd]}" onto public java.lang.String com.simba.permission.controller.RoleController.toAdd()
2018-07-26 10:59:13.359  INFO 10632 --- [main] s.w.s.m.m.a.RequestMappingHandlerMapping : Mapped "{[/role/assignPermission]}" onto public com.simba.framework.util.json.JsonResult com.simba.permission.controller.RoleController.assignPermission(java.lang.Integer[],java.lang.String)
2018-07-26 10:59:13.360  INFO 10632 --- [main] s.w.s.m.m.a.RequestMappingHandlerMapping : Mapped "{[/role/clearPermission]}" onto public com.simba.framework.util.json.JsonResult com.simba.permission.controller.RoleController.clearPermission(java.lang.String)
2018-07-26 10:59:13.360  INFO 10632 --- [main] s.w.s.m.m.a.RequestMappingHandlerMapping : Mapped "{[/role/toUpdate]}" onto public java.lang.String com.simba.permission.controller.RoleController.toUpdate(java.lang.String,org.springframework.ui.ModelMap) throws java.io.UnsupportedEncodingException
2018-07-26 10:59:13.360  INFO 10632 --- [main] s.w.s.m.m.a.RequestMappingHandlerMapping : Mapped "{[/role/batchDelete]}" onto public com.simba.framework.util.json.JsonResult com.simba.permission.controller.RoleController.batchDelete(java.lang.String[])
2018-07-26 10:59:13.360  INFO 10632 --- [main] s.w.s.m.m.a.RequestMappingHandlerMapping : Mapped "{[/role/toAssignPermission]}" onto public java.lang.String com.simba.permission.controller.RoleController.toAssignPermission(java.lang.String,org.springframework.ui.ModelMap)
2018-07-26 10:59:13.362  INFO 10632 --- [main] s.w.s.m.m.a.RequestMappingHandlerMapping : Mapped "{[/user/add]}" onto public java.lang.String com.simba.permission.controller.UserController.add(com.simba.permission.model.User,java.lang.Integer[],javax.servlet.http.HttpServletRequest,org.springframework.ui.ModelMap)
2018-07-26 10:59:13.362  INFO 10632 --- [main] s.w.s.m.m.a.RequestMappingHandlerMapping : Mapped "{[/user/update]}" onto public java.lang.String com.simba.permission.controller.UserController.update(com.simba.permission.model.User,java.lang.Integer[],javax.servlet.http.HttpServletRequest,org.springframework.ui.ModelMap)
2018-07-26 10:59:13.362  INFO 10632 --- [main] s.w.s.m.m.a.RequestMappingHandlerMapping : Mapped "{[/user/list]}" onto public java.lang.String com.simba.permission.controller.UserController.list(java.lang.Integer,org.springframework.ui.ModelMap)
2018-07-26 10:59:13.362  INFO 10632 --- [main] s.w.s.m.m.a.RequestMappingHandlerMapping : Mapped "{[/user/toAdd]}" onto public java.lang.String com.simba.permission.controller.UserController.toAdd(java.lang.Integer,org.springframework.ui.ModelMap)
2018-07-26 10:59:13.362  INFO 10632 --- [main] s.w.s.m.m.a.RequestMappingHandlerMapping : Mapped "{[/user/getUserList]}" onto public java.lang.String com.simba.permission.controller.UserController.getUserList(int,com.simba.framework.util.jdbc.Pager,org.springframework.ui.ModelMap)
2018-07-26 10:59:13.362  INFO 10632 --- [main] s.w.s.m.m.a.RequestMappingHandlerMapping : Mapped "{[/user/toAssignRole]}" onto public java.lang.String com.simba.permission.controller.UserController.toAssignRole(java.lang.String,org.springframework.ui.ModelMap)
2018-07-26 10:59:13.362  INFO 10632 --- [main] s.w.s.m.m.a.RequestMappingHandlerMapping : Mapped "{[/user/assignRole]}" onto public com.simba.framework.util.json.JsonResult com.simba.permission.controller.UserController.assignRole(java.lang.String[],java.lang.String,org.springframework.ui.ModelMap)
2018-07-26 10:59:13.362  INFO 10632 --- [main] s.w.s.m.m.a.RequestMappingHandlerMapping : Mapped "{[/user/clearRole]}" onto public com.simba.framework.util.json.JsonResult com.simba.permission.controller.UserController.clearRole(java.lang.String)
2018-07-26 10:59:13.363  INFO 10632 --- [main] s.w.s.m.m.a.RequestMappingHandlerMapping : Mapped "{[/user/saveSkin]}" onto public com.simba.framework.util.json.JsonResult com.simba.permission.controller.UserController.saveSkin(java.lang.String,java.lang.String)
2018-07-26 10:59:13.363  INFO 10632 --- [main] s.w.s.m.m.a.RequestMappingHandlerMapping : Mapped "{[/user/getSkin]}" onto public com.simba.framework.util.json.JsonResult com.simba.permission.controller.UserController.getSkin(java.lang.String)
2018-07-26 10:59:13.363  INFO 10632 --- [main] s.w.s.m.m.a.RequestMappingHandlerMapping : Mapped "{[/user/countUser]}" onto public com.simba.framework.util.json.JsonResult com.simba.permission.controller.UserController.countUser(int)
2018-07-26 10:59:13.363  INFO 10632 --- [main] s.w.s.m.m.a.RequestMappingHandlerMapping : Mapped "{[/user/resetPwd]}" onto public com.simba.framework.util.json.JsonResult com.simba.permission.controller.UserController.resetPwd(java.lang.String,org.springframework.ui.ModelMap)
2018-07-26 10:59:13.363  INFO 10632 --- [main] s.w.s.m.m.a.RequestMappingHandlerMapping : Mapped "{[/user/toModifyPwd]}" onto public java.lang.String com.simba.permission.controller.UserController.toModifyPwd()
2018-07-26 10:59:13.363  INFO 10632 --- [main] s.w.s.m.m.a.RequestMappingHandlerMapping : Mapped "{[/user/modifyPwd]}" onto public com.simba.framework.util.json.JsonResult com.simba.permission.controller.UserController.modifyPwd(javax.servlet.http.HttpServletRequest,java.lang.String,java.lang.String,java.lang.String,org.springframework.ui.ModelMap)
2018-07-26 10:59:13.363  INFO 10632 --- [main] s.w.s.m.m.a.RequestMappingHandlerMapping : Mapped "{[/user/toModifyInfo]}" onto public java.lang.String com.simba.permission.controller.UserController.toModifyInfo(javax.servlet.http.HttpServletRequest,org.springframework.ui.ModelMap)
2018-07-26 10:59:13.363  INFO 10632 --- [main] s.w.s.m.m.a.RequestMappingHandlerMapping : Mapped "{[/user/modifyInfo]}" onto public com.simba.framework.util.json.JsonResult com.simba.permission.controller.UserController.modifyInfo(javax.servlet.http.HttpServletRequest,org.springframework.ui.ModelMap)
2018-07-26 10:59:13.363  INFO 10632 --- [main] s.w.s.m.m.a.RequestMappingHandlerMapping : Mapped "{[/user/toUpdate]}" onto public java.lang.String com.simba.permission.controller.UserController.toUpdate(java.lang.String,javax.servlet.http.HttpServletRequest,org.springframework.ui.ModelMap) throws java.io.UnsupportedEncodingException
2018-07-26 10:59:13.364  INFO 10632 --- [main] s.w.s.m.m.a.RequestMappingHandlerMapping : Mapped "{[/user/batchDelete]}" onto public com.simba.framework.util.json.JsonResult com.simba.permission.controller.UserController.batchDelete(java.lang.String[])
2018-07-26 10:59:13.364  INFO 10632 --- [main] s.w.s.m.m.a.RequestMappingHandlerMapping : Mapped "{[/user/getCurrentUserInfo]}" onto public com.simba.framework.util.json.JsonResult com.simba.permission.controller.UserController.getCurrentUserInfo(javax.servlet.http.HttpSession)
2018-07-26 10:59:13.366  INFO 10632 --- [main] s.w.s.m.m.a.RequestMappingHandlerMapping : Mapped "{[/menu/add]}" onto public java.lang.String com.simba.menu.controller.MenuController.add(com.simba.menu.model.Menu)
2018-07-26 10:59:13.366  INFO 10632 --- [main] s.w.s.m.m.a.RequestMappingHandlerMapping : Mapped "{[/menu/update]}" onto public java.lang.String com.simba.menu.controller.MenuController.update(com.simba.menu.model.Menu)
2018-07-26 10:59:13.366  INFO 10632 --- [main] s.w.s.m.m.a.RequestMappingHandlerMapping : Mapped "{[/menu/delete]}" onto public com.simba.framework.util.json.JsonResult com.simba.menu.controller.MenuController.delete(int,org.springframework.ui.ModelMap)
2018-07-26 10:59:13.366  INFO 10632 --- [main] s.w.s.m.m.a.RequestMappingHandlerMapping : Mapped "{[/menu/list]}" onto public java.lang.String com.simba.menu.controller.MenuController.list(java.lang.Integer,org.springframework.ui.ModelMap)
2018-07-26 10:59:13.367  INFO 10632 --- [main] s.w.s.m.m.a.RequestMappingHandlerMapping : Mapped "{[/menu/toAdd]}" onto public java.lang.String com.simba.menu.controller.MenuController.toAdd(int,org.springframework.ui.ModelMap)
2018-07-26 10:59:13.367  INFO 10632 --- [main] s.w.s.m.m.a.RequestMappingHandlerMapping : Mapped "{[/menu/exportAllMenu]}" onto public void com.simba.menu.controller.MenuController.exportAllMenu(javax.servlet.http.HttpServletResponse) throws freemarker.template.TemplateNotFoundException,freemarker.template.MalformedTemplateNameException,freemarker.core.ParseException,java.io.IOException,freemarker.template.TemplateException
2018-07-26 10:59:13.367  INFO 10632 --- [main] s.w.s.m.m.a.RequestMappingHandlerMapping : Mapped "{[/menu/showAllMenus]}" onto public java.lang.String com.simba.menu.controller.MenuController.showAllMenus(javax.servlet.http.HttpServletRequest,org.springframework.ui.ModelMap) throws freemarker.template.TemplateNotFoundException,freemarker.template.MalformedTemplateNameException,freemarker.core.ParseException,java.io.IOException,freemarker.template.TemplateException
2018-07-26 10:59:13.367  INFO 10632 --- [main] s.w.s.m.m.a.RequestMappingHandlerMapping : Mapped "{[/menu/getMenuTree]}" onto public java.util.List<com.simba.bootstrap.model.TreeViewData> com.simba.menu.controller.MenuController.getMenuTree()
2018-07-26 10:59:13.367  INFO 10632 --- [main] s.w.s.m.m.a.RequestMappingHandlerMapping : Mapped "{[/menu/getMenuList]}" onto public java.lang.String com.simba.menu.controller.MenuController.getMenuList(int,org.springframework.ui.ModelMap)
2018-07-26 10:59:13.367  INFO 10632 --- [main] s.w.s.m.m.a.RequestMappingHandlerMapping : Mapped "{[/menu/toUpdate]}" onto public java.lang.String com.simba.menu.controller.MenuController.toUpdate(int,org.springframework.ui.ModelMap)
2018-07-26 10:59:13.367  INFO 10632 --- [main] s.w.s.m.m.a.RequestMappingHandlerMapping : Mapped "{[/menu/batchDelete]}" onto public com.simba.framework.util.json.JsonResult com.simba.menu.controller.MenuController.batchDelete(java.lang.Integer[],org.springframework.ui.ModelMap)
2018-07-26 10:59:13.369  INFO 10632 --- [main] s.w.s.m.m.a.RequestMappingHandlerMapping : Mapped "{[/registryTable/add]}" onto public java.lang.String com.simba.registry.controller.RegistryTableController.add(com.simba.registry.model.RegistryTable,org.springframework.ui.ModelMap)
2018-07-26 10:59:13.369  INFO 10632 --- [main] s.w.s.m.m.a.RequestMappingHandlerMapping : Mapped "{[/registryTable/count]}" onto public com.simba.framework.util.json.JsonResult com.simba.registry.controller.RegistryTableController.count(int)
2018-07-26 10:59:13.370  INFO 10632 --- [main] s.w.s.m.m.a.RequestMappingHandlerMapping : Mapped "{[/registryTable/update]}" onto public java.lang.String com.simba.registry.controller.RegistryTableController.update(com.simba.registry.model.RegistryTable,org.springframework.ui.ModelMap)
2018-07-26 10:59:13.370  INFO 10632 --- [main] s.w.s.m.m.a.RequestMappingHandlerMapping : Mapped "{[/registryTable/delete]}" onto public com.simba.framework.util.json.JsonResult com.simba.registry.controller.RegistryTableController.delete(int,org.springframework.ui.ModelMap)
2018-07-26 10:59:13.370  INFO 10632 --- [main] s.w.s.m.m.a.RequestMappingHandlerMapping : Mapped "{[/registryTable/list]}" onto public java.lang.String com.simba.registry.controller.RegistryTableController.list(java.lang.Integer,org.springframework.ui.ModelMap)
2018-07-26 10:59:13.370  INFO 10632 --- [main] s.w.s.m.m.a.RequestMappingHandlerMapping : Mapped "{[/registryTable/toAdd]}" onto public java.lang.String com.simba.registry.controller.RegistryTableController.toAdd(int,org.springframework.ui.ModelMap)
2018-07-26 10:59:13.370  INFO 10632 --- [main] s.w.s.m.m.a.RequestMappingHandlerMapping : Mapped "{[/registryTable/exportSql]}" onto public void com.simba.registry.controller.RegistryTableController.exportSql(javax.servlet.http.HttpServletResponse) throws freemarker.template.TemplateNotFoundException,freemarker.template.MalformedTemplateNameException,java.text.ParseException,java.io.IOException,freemarker.template.TemplateException
2018-07-26 10:59:13.370  INFO 10632 --- [main] s.w.s.m.m.a.RequestMappingHandlerMapping : Mapped "{[/registryTable/getList]}" onto public java.lang.String com.simba.registry.controller.RegistryTableController.getList(int,com.simba.framework.util.jdbc.Pager,org.springframework.ui.ModelMap)
2018-07-26 10:59:13.370  INFO 10632 --- [main] s.w.s.m.m.a.RequestMappingHandlerMapping : Mapped "{[/registryTable/toUpdate]}" onto public java.lang.String com.simba.registry.controller.RegistryTableController.toUpdate(int,org.springframework.ui.ModelMap)
2018-07-26 10:59:13.370  INFO 10632 --- [main] s.w.s.m.m.a.RequestMappingHandlerMapping : Mapped "{[/registryTable/batchDelete]}" onto public com.simba.framework.util.json.JsonResult com.simba.registry.controller.RegistryTableController.batchDelete(java.lang.Integer[],org.springframework.ui.ModelMap)
2018-07-26 10:59:13.371  INFO 10632 --- [main] s.w.s.m.m.a.RequestMappingHandlerMapping : Mapped "{[/registryType/add]}" onto public java.lang.String com.simba.registry.controller.RegistryTypeController.add(com.simba.registry.model.RegistryType)
2018-07-26 10:59:13.371  INFO 10632 --- [main] s.w.s.m.m.a.RequestMappingHandlerMapping : Mapped "{[/registryType/update]}" onto public java.lang.String com.simba.registry.controller.RegistryTypeController.update(com.simba.registry.model.RegistryType)
2018-07-26 10:59:13.371  INFO 10632 --- [main] s.w.s.m.m.a.RequestMappingHandlerMapping : Mapped "{[/registryType/delete]}" onto public com.simba.framework.util.json.JsonResult com.simba.registry.controller.RegistryTypeController.delete(int,org.springframework.ui.ModelMap)
2018-07-26 10:59:13.375  INFO 10632 --- [main] s.w.s.m.m.a.RequestMappingHandlerMapping : Mapped "{[/registryType/list]}" onto public java.lang.String com.simba.registry.controller.RegistryTypeController.list(java.lang.Integer,org.springframework.ui.ModelMap)
2018-07-26 10:59:13.375  INFO 10632 --- [main] s.w.s.m.m.a.RequestMappingHandlerMapping : Mapped "{[/registryType/toAdd]}" onto public java.lang.String com.simba.registry.controller.RegistryTypeController.toAdd(int,org.springframework.ui.ModelMap)
2018-07-26 10:59:13.375  INFO 10632 --- [main] s.w.s.m.m.a.RequestMappingHandlerMapping : Mapped "{[/registryType/toUpdate]}" onto public java.lang.String com.simba.registry.controller.RegistryTypeController.toUpdate(int,org.springframework.ui.ModelMap)
2018-07-26 10:59:13.375  INFO 10632 --- [main] s.w.s.m.m.a.RequestMappingHandlerMapping : Mapped "{[/registryType/batchDelete]}" onto public com.simba.framework.util.json.JsonResult com.simba.registry.controller.RegistryTypeController.batchDelete(java.lang.Integer[],org.springframework.ui.ModelMap)
2018-07-26 10:59:13.375  INFO 10632 --- [main] s.w.s.m.m.a.RequestMappingHandlerMapping : Mapped "{[/registryType/getRegistryTypeTree]}" onto public java.util.List<com.simba.bootstrap.model.TreeViewData> com.simba.registry.controller.RegistryTypeController.getRegistryTypeTree()
2018-07-26 10:59:13.375  INFO 10632 --- [main] s.w.s.m.m.a.RequestMappingHandlerMapping : Mapped "{[/registryType/getRegistryTypeList]}" onto public java.lang.String com.simba.registry.controller.RegistryTypeController.getRegistryTypeList(int,org.springframework.ui.ModelMap)
2018-07-26 10:59:13.380  INFO 10632 --- [main] s.w.s.m.m.a.RequestMappingHandlerMapping : Mapped "{[/job/add]}" onto public java.lang.String com.simba.job.controller.JobController.add(com.simba.job.model.Job,org.springframework.ui.ModelMap) throws java.text.ParseException
2018-07-26 10:59:13.380  INFO 10632 --- [main] s.w.s.m.m.a.RequestMappingHandlerMapping : Mapped "{[/job/count]}" onto public com.simba.framework.util.json.JsonResult com.simba.job.controller.JobController.count()
2018-07-26 10:59:13.380  INFO 10632 --- [main] s.w.s.m.m.a.RequestMappingHandlerMapping : Mapped "{[/job/update]}" onto public java.lang.String com.simba.job.controller.JobController.update(com.simba.job.model.Job,org.springframework.ui.ModelMap) throws java.text.ParseException
2018-07-26 10:59:13.380  INFO 10632 --- [main] s.w.s.m.m.a.RequestMappingHandlerMapping : Mapped "{[/job/delete]}" onto public com.simba.framework.util.json.JsonResult com.simba.job.controller.JobController.delete(int,org.springframework.ui.ModelMap) throws java.text.ParseException
2018-07-26 10:59:13.380  INFO 10632 --- [main] s.w.s.m.m.a.RequestMappingHandlerMapping : Mapped "{[/job/start]}" onto public com.simba.framework.util.json.JsonResult com.simba.job.controller.JobController.start(int,org.springframework.ui.ModelMap) throws java.text.ParseException
2018-07-26 10:59:13.380  INFO 10632 --- [main] s.w.s.m.m.a.RequestMappingHandlerMapping : Mapped "{[/job/stop]}" onto public com.simba.framework.util.json.JsonResult com.simba.job.controller.JobController.stop(int,org.springframework.ui.ModelMap) throws java.text.ParseException
2018-07-26 10:59:13.381  INFO 10632 --- [main] s.w.s.m.m.a.RequestMappingHandlerMapping : Mapped "{[/job/list]}" onto public java.lang.String com.simba.job.controller.JobController.list()
2018-07-26 10:59:13.382  INFO 10632 --- [main] s.w.s.m.m.a.RequestMappingHandlerMapping : Mapped "{[/job/toAdd]}" onto public java.lang.String com.simba.job.controller.JobController.toAdd()
2018-07-26 10:59:13.382  INFO 10632 --- [main] s.w.s.m.m.a.RequestMappingHandlerMapping : Mapped "{[/job/exportSql]}" onto public void com.simba.job.controller.JobController.exportSql(javax.servlet.http.HttpServletResponse) throws freemarker.template.TemplateNotFoundException,freemarker.template.MalformedTemplateNameException,java.text.ParseException,java.io.IOException,freemarker.template.TemplateException
2018-07-26 10:59:13.382  INFO 10632 --- [main] s.w.s.m.m.a.RequestMappingHandlerMapping : Mapped "{[/job/getList]}" onto public java.lang.String com.simba.job.controller.JobController.getList(com.simba.framework.util.jdbc.Pager,org.springframework.ui.ModelMap)
2018-07-26 10:59:13.382  INFO 10632 --- [main] s.w.s.m.m.a.RequestMappingHandlerMapping : Mapped "{[/job/toUpdate]}" onto public java.lang.String com.simba.job.controller.JobController.toUpdate(int,org.springframework.ui.ModelMap)
2018-07-26 10:59:13.382  INFO 10632 --- [main] s.w.s.m.m.a.RequestMappingHandlerMapping : Mapped "{[/job/batchDelete]}" onto public com.simba.framework.util.json.JsonResult com.simba.job.controller.JobController.batchDelete(java.lang.Integer[],org.springframework.ui.ModelMap) throws java.text.ParseException
2018-07-26 10:59:13.386  INFO 10632 --- [main] s.w.s.m.m.a.RequestMappingHandlerMapping : Mapped "{[/buss/add]}" onto public java.lang.String com.simba.buss.controller.BussController.add(com.simba.buss.model.Buss)
2018-07-26 10:59:13.387  INFO 10632 --- [main] s.w.s.m.m.a.RequestMappingHandlerMapping : Mapped "{[/buss/count]}" onto public com.simba.framework.util.json.JsonResult com.simba.buss.controller.BussController.count()
2018-07-26 10:59:13.387  INFO 10632 --- [main] s.w.s.m.m.a.RequestMappingHandlerMapping : Mapped "{[/buss/update]}" onto public java.lang.String com.simba.buss.controller.BussController.update(com.simba.buss.model.Buss)
2018-07-26 10:59:13.387  INFO 10632 --- [main] s.w.s.m.m.a.RequestMappingHandlerMapping : Mapped "{[/buss/delete]}" onto public com.simba.framework.util.json.JsonResult com.simba.buss.controller.BussController.delete(java.lang.String)
2018-07-26 10:59:13.387  INFO 10632 --- [main] s.w.s.m.m.a.RequestMappingHandlerMapping : Mapped "{[/buss/execute]}" onto public com.simba.framework.util.json.JsonResult com.simba.buss.controller.BussController.execute(javax.servlet.http.HttpServletRequest,java.lang.String)
2018-07-26 10:59:13.387  INFO 10632 --- [main] s.w.s.m.m.a.RequestMappingHandlerMapping : Mapped "{[/buss/list]}" onto public java.lang.String com.simba.buss.controller.BussController.list()
2018-07-26 10:59:13.388  INFO 10632 --- [main] s.w.s.m.m.a.RequestMappingHandlerMapping : Mapped "{[/buss/toAdd]}" onto public java.lang.String com.simba.buss.controller.BussController.toAdd()
2018-07-26 10:59:13.388  INFO 10632 --- [main] s.w.s.m.m.a.RequestMappingHandlerMapping : Mapped "{[/buss/showScript]}" onto public java.lang.String com.simba.buss.controller.BussController.showScript(java.lang.String,org.springframework.ui.ModelMap)
2018-07-26 10:59:13.389  INFO 10632 --- [main] s.w.s.m.m.a.RequestMappingHandlerMapping : Mapped "{[/buss/testScript]}" onto public java.lang.String com.simba.buss.controller.BussController.testScript(java.lang.String,org.springframework.ui.ModelMap)
2018-07-26 10:59:13.389  INFO 10632 --- [main] s.w.s.m.m.a.RequestMappingHandlerMapping : Mapped "{[/buss/getList]}" onto public java.lang.String com.simba.buss.controller.BussController.getList(com.simba.framework.util.jdbc.Pager,org.springframework.ui.ModelMap)
2018-07-26 10:59:13.393  INFO 10632 --- [main] s.w.s.m.m.a.RequestMappingHandlerMapping : Mapped "{[/buss/toUpdate]}" onto public java.lang.String com.simba.buss.controller.BussController.toUpdate(java.lang.String,org.springframework.ui.ModelMap) throws java.io.UnsupportedEncodingException
2018-07-26 10:59:13.393  INFO 10632 --- [main] s.w.s.m.m.a.RequestMappingHandlerMapping : Mapped "{[/buss/batchDelete]}" onto public com.simba.framework.util.json.JsonResult com.simba.buss.controller.BussController.batchDelete(java.lang.String[])
2018-07-26 10:59:13.395  INFO 10632 --- [main] s.w.s.m.m.a.RequestMappingHandlerMapping : Mapped "{[/exceptionInfo/add]}" onto public com.simba.framework.util.json.JsonResult com.simba.controller.ExceptionInfoController.add(com.simba.model.ExceptionInfo,javax.servlet.http.HttpServletRequest)
2018-07-26 10:59:13.395  INFO 10632 --- [main] s.w.s.m.m.a.RequestMappingHandlerMapping : Mapped "{[/exceptionInfo/count]}" onto public com.simba.framework.util.json.JsonResult com.simba.controller.ExceptionInfoController.count(com.simba.model.form.ExceptionInfoSearchForm)
2018-07-26 10:59:13.395  INFO 10632 --- [main] s.w.s.m.m.a.RequestMappingHandlerMapping : Mapped "{[/exceptionInfo/delete]}" onto public com.simba.framework.util.json.JsonResult com.simba.controller.ExceptionInfoController.delete(java.lang.Long,org.springframework.ui.ModelMap)
2018-07-26 10:59:13.395  INFO 10632 --- [main] s.w.s.m.m.a.RequestMappingHandlerMapping : Mapped "{[/exceptionInfo/list]}" onto public java.lang.String com.simba.controller.ExceptionInfoController.list()
2018-07-26 10:59:13.398  INFO 10632 --- [main] s.w.s.m.m.a.RequestMappingHandlerMapping : Mapped "{[/exceptionInfo/show]}" onto public java.lang.String com.simba.controller.ExceptionInfoController.show(long,org.springframework.ui.ModelMap)
2018-07-26 10:59:13.398  INFO 10632 --- [main] s.w.s.m.m.a.RequestMappingHandlerMapping : Mapped "{[/exceptionInfo/getList]}" onto public java.lang.String com.simba.controller.ExceptionInfoController.getList(com.simba.framework.util.jdbc.Pager,com.simba.model.form.ExceptionInfoSearchForm,org.springframework.ui.ModelMap)
2018-07-26 10:59:13.398  INFO 10632 --- [main] s.w.s.m.m.a.RequestMappingHandlerMapping : Mapped "{[/exceptionInfo/batchDelete]}" onto public com.simba.framework.util.json.JsonResult com.simba.controller.ExceptionInfoController.batchDelete(java.lang.Long[],org.springframework.ui.ModelMap)
2018-07-26 10:59:13.400  INFO 10632 --- [main] s.w.s.m.m.a.RequestMappingHandlerMapping : Mapped "{[/operLog/add]}" onto public java.lang.String com.simba.controller.OperLogController.add(com.simba.model.OperLog)
2018-07-26 10:59:13.400  INFO 10632 --- [main] s.w.s.m.m.a.RequestMappingHandlerMapping : Mapped "{[/operLog/count]}" onto public com.simba.framework.util.json.JsonResult com.simba.controller.OperLogController.count(com.simba.model.form.OperLogSearchForm)
2018-07-26 10:59:13.400  INFO 10632 --- [main] s.w.s.m.m.a.RequestMappingHandlerMapping : Mapped "{[/operLog/update]}" onto public java.lang.String com.simba.controller.OperLogController.update(com.simba.model.OperLog)
2018-07-26 10:59:13.400  INFO 10632 --- [main] s.w.s.m.m.a.RequestMappingHandlerMapping : Mapped "{[/operLog/delete]}" onto public com.simba.framework.util.json.JsonResult com.simba.controller.OperLogController.delete(java.lang.Long,org.springframework.ui.ModelMap)
2018-07-26 10:59:13.402  INFO 10632 --- [main] s.w.s.m.m.a.RequestMappingHandlerMapping : Mapped "{[/operLog/list]}" onto public java.lang.String com.simba.controller.OperLogController.list()
2018-07-26 10:59:13.404  INFO 10632 --- [main] s.w.s.m.m.a.RequestMappingHandlerMapping : Mapped "{[/operLog/toAdd]}" onto public java.lang.String com.simba.controller.OperLogController.toAdd()
2018-07-26 10:59:13.404  INFO 10632 --- [main] s.w.s.m.m.a.RequestMappingHandlerMapping : Mapped "{[/operLog/getList]}" onto public java.lang.String com.simba.controller.OperLogController.getList(com.simba.framework.util.jdbc.Pager,com.simba.model.form.OperLogSearchForm,org.springframework.ui.ModelMap)
2018-07-26 10:59:13.404  INFO 10632 --- [main] s.w.s.m.m.a.RequestMappingHandlerMapping : Mapped "{[/operLog/toUpdate]}" onto public java.lang.String com.simba.controller.OperLogController.toUpdate(java.lang.Long,org.springframework.ui.ModelMap)
2018-07-26 10:59:13.404  INFO 10632 --- [main] s.w.s.m.m.a.RequestMappingHandlerMapping : Mapped "{[/operLog/batchDelete]}" onto public com.simba.framework.util.json.JsonResult com.simba.controller.OperLogController.batchDelete(java.lang.Long[],org.springframework.ui.ModelMap)
2018-07-26 10:59:13.406  INFO 10632 --- [main] s.w.s.m.m.a.RequestMappingHandlerMapping : Mapped "{[/swagger-resources]}" onto public org.springframework.http.ResponseEntity<java.util.List<springfox.documentation.swagger.web.SwaggerResource>> springfox.documentation.swagger.web.ApiResourceController.swaggerResources()
2018-07-26 10:59:13.407  INFO 10632 --- [main] s.w.s.m.m.a.RequestMappingHandlerMapping : Mapped "{[/swagger-resources/configuration/ui]}" onto public org.springframework.http.ResponseEntity<springfox.documentation.swagger.web.UiConfiguration> springfox.documentation.swagger.web.ApiResourceController.uiConfiguration()
2018-07-26 10:59:13.408  INFO 10632 --- [main] s.w.s.m.m.a.RequestMappingHandlerMapping : Mapped "{[/swagger-resources/configuration/security]}" onto public org.springframework.http.ResponseEntity<springfox.documentation.swagger.web.SecurityConfiguration> springfox.documentation.swagger.web.ApiResourceController.securityConfiguration()
2018-07-26 10:59:13.410  INFO 10632 --- [main] s.w.s.m.m.a.RequestMappingHandlerMapping : Mapped "{[/error]}" onto public org.springframework.http.ResponseEntity<java.util.Map<java.lang.String, java.lang.Object>> org.springframework.boot.autoconfigure.web.BasicErrorController.error(javax.servlet.http.HttpServletRequest)
2018-07-26 10:59:13.410  INFO 10632 --- [main] s.w.s.m.m.a.RequestMappingHandlerMapping : Mapped "{[/error],produces=[text/html]}" onto public org.springframework.web.servlet.ModelAndView org.springframework.boot.autoconfigure.web.BasicErrorController.errorHtml(javax.servlet.http.HttpServletRequest,javax.servlet.http.HttpServletResponse)
2018-07-26 10:59:14.066  INFO 10632 --- [main] o.s.b.a.e.mvc.EndpointHandlerMapping     : Mapped "{[/logfile || /logfile.json],methods=[GET || HEAD]}" onto public void org.springframework.boot.actuate.endpoint.mvc.LogFileMvcEndpoint.invoke(javax.servlet.http.HttpServletRequest,javax.servlet.http.HttpServletResponse) throws javax.servlet.ServletException,java.io.IOException
2018-07-26 10:59:14.067  INFO 10632 --- [main] o.s.b.a.e.mvc.EndpointHandlerMapping     : Mapped "{[/env/{name:.*}],methods=[GET],produces=[application/vnd.spring-boot.actuator.v1+json || application/json]}" onto public java.lang.Object org.springframework.boot.actuate.endpoint.mvc.EnvironmentMvcEndpoint.value(java.lang.String)
2018-07-26 10:59:14.067  INFO 10632 --- [main] o.s.b.a.e.mvc.EndpointHandlerMapping     : Mapped "{[/env || /env.json],methods=[GET],produces=[application/vnd.spring-boot.actuator.v1+json || application/json]}" onto public java.lang.Object org.springframework.boot.actuate.endpoint.mvc.EndpointMvcAdapter.invoke()
2018-07-26 10:59:14.068  INFO 10632 --- [main] o.s.b.a.e.mvc.EndpointHandlerMapping     : Mapped "{[/trace || /trace.json],methods=[GET],produces=[application/vnd.spring-boot.actuator.v1+json || application/json]}" onto public java.lang.Object org.springframework.boot.actuate.endpoint.mvc.EndpointMvcAdapter.invoke()
2018-07-26 10:59:14.068  INFO 10632 --- [main] o.s.b.a.e.mvc.EndpointHandlerMapping     : Mapped "{[/dump || /dump.json],methods=[GET],produces=[application/vnd.spring-boot.actuator.v1+json || application/json]}" onto public java.lang.Object org.springframework.boot.actuate.endpoint.mvc.EndpointMvcAdapter.invoke()
2018-07-26 10:59:14.068  INFO 10632 --- [main] o.s.b.a.e.mvc.EndpointHandlerMapping     : Mapped "{[/health || /health.json],methods=[GET],produces=[application/vnd.spring-boot.actuator.v1+json || application/json]}" onto public java.lang.Object org.springframework.boot.actuate.endpoint.mvc.HealthMvcEndpoint.invoke(javax.servlet.http.HttpServletRequest,java.security.Principal)
2018-07-26 10:59:14.069  INFO 10632 --- [main] o.s.b.a.e.mvc.EndpointHandlerMapping     : Mapped "{[/mappings || /mappings.json],methods=[GET],produces=[application/vnd.spring-boot.actuator.v1+json || application/json]}" onto public java.lang.Object org.springframework.boot.actuate.endpoint.mvc.EndpointMvcAdapter.invoke()
2018-07-26 10:59:14.069  INFO 10632 --- [main] o.s.b.a.e.mvc.EndpointHandlerMapping     : Mapped "{[/configprops || /configprops.json],methods=[GET],produces=[application/vnd.spring-boot.actuator.v1+json || application/json]}" onto public java.lang.Object org.springframework.boot.actuate.endpoint.mvc.EndpointMvcAdapter.invoke()
2018-07-26 10:59:14.070  INFO 10632 --- [main] o.s.b.a.e.mvc.EndpointHandlerMapping     : Mapped "{[/heapdump || /heapdump.json],methods=[GET],produces=[application/octet-stream]}" onto public void org.springframework.boot.actuate.endpoint.mvc.HeapdumpMvcEndpoint.invoke(boolean,javax.servlet.http.HttpServletRequest,javax.servlet.http.HttpServletResponse) throws java.io.IOException,javax.servlet.ServletException
2018-07-26 10:59:14.070  INFO 10632 --- [main] o.s.b.a.e.mvc.EndpointHandlerMapping     : Mapped "{[/info || /info.json],methods=[GET],produces=[application/vnd.spring-boot.actuator.v1+json || application/json]}" onto public java.lang.Object org.springframework.boot.actuate.endpoint.mvc.EndpointMvcAdapter.invoke()
2018-07-26 10:59:14.071  INFO 10632 --- [main] o.s.b.a.e.mvc.EndpointHandlerMapping     : Mapped "{[/loggers/{name:.*}],methods=[GET],produces=[application/vnd.spring-boot.actuator.v1+json || application/json]}" onto public java.lang.Object org.springframework.boot.actuate.endpoint.mvc.LoggersMvcEndpoint.get(java.lang.String)
2018-07-26 10:59:14.072  INFO 10632 --- [main] o.s.b.a.e.mvc.EndpointHandlerMapping     : Mapped "{[/loggers/{name:.*}],methods=[POST],consumes=[application/vnd.spring-boot.actuator.v1+json || application/json],produces=[application/vnd.spring-boot.actuator.v1+json || application/json]}" onto public java.lang.Object org.springframework.boot.actuate.endpoint.mvc.LoggersMvcEndpoint.set(java.lang.String,java.util.Map<java.lang.String, java.lang.String>)
2018-07-26 10:59:14.072  INFO 10632 --- [main] o.s.b.a.e.mvc.EndpointHandlerMapping     : Mapped "{[/loggers || /loggers.json],methods=[GET],produces=[application/vnd.spring-boot.actuator.v1+json || application/json]}" onto public java.lang.Object org.springframework.boot.actuate.endpoint.mvc.EndpointMvcAdapter.invoke()
2018-07-26 10:59:14.072  INFO 10632 --- [main] o.s.b.a.e.mvc.EndpointHandlerMapping     : Mapped "{[/beans || /beans.json],methods=[GET],produces=[application/vnd.spring-boot.actuator.v1+json || application/json]}" onto public java.lang.Object org.springframework.boot.actuate.endpoint.mvc.EndpointMvcAdapter.invoke()
2018-07-26 10:59:14.073  INFO 10632 --- [main] o.s.b.a.e.mvc.EndpointHandlerMapping     : Mapped "{[/metrics/{name:.*}],methods=[GET],produces=[application/vnd.spring-boot.actuator.v1+json || application/json]}" onto public java.lang.Object org.springframework.boot.actuate.endpoint.mvc.MetricsMvcEndpoint.value(java.lang.String)
2018-07-26 10:59:14.073  INFO 10632 --- [main] o.s.b.a.e.mvc.EndpointHandlerMapping     : Mapped "{[/metrics || /metrics.json],methods=[GET],produces=[application/vnd.spring-boot.actuator.v1+json || application/json]}" onto public java.lang.Object org.springframework.boot.actuate.endpoint.mvc.EndpointMvcAdapter.invoke()
2018-07-26 10:59:14.073  INFO 10632 --- [main] o.s.b.a.e.mvc.EndpointHandlerMapping     : Mapped "{[/auditevents || /auditevents.json],methods=[GET],produces=[application/vnd.spring-boot.actuator.v1+json || application/json]}" onto public org.springframework.http.ResponseEntity<?> org.springframework.boot.actuate.endpoint.mvc.AuditEventsMvcEndpoint.findByPrincipalAndAfterAndType(java.lang.String,java.util.Date,java.lang.String)
2018-07-26 10:59:14.073  INFO 10632 --- [main] o.s.b.a.e.mvc.EndpointHandlerMapping     : Mapped "{[/autoconfig || /autoconfig.json],methods=[GET],produces=[application/vnd.spring-boot.actuator.v1+json || application/json]}" onto public java.lang.Object org.springframework.boot.actuate.endpoint.mvc.EndpointMvcAdapter.invoke()
2018-07-26 10:59:14.485  INFO 10632 --- [main] pertySourcedRequestMappingHandlerMapping : Mapped URL path [/v2/api-docs] onto method [public org.springframework.http.ResponseEntity<springfox.documentation.spring.web.json.Json> springfox.documentation.swagger2.web.Swagger2Controller.getDocumentation(java.lang.String,javax.servlet.http.HttpServletRequest)]
2018-07-26 10:59:14.500  INFO 10632 --- [main] com.simba.swagger2.SwaggerConfiguration  : *****************初始化swagger2完成*************************
2018-07-26 10:59:14.748  INFO 10632 --- [main] s.w.s.m.m.a.RequestMappingHandlerAdapter : Looking for @ControllerAdvice: org.springframework.boot.context.embedded.AnnotationConfigEmbeddedWebApplicationContext@4b5d6a01: startup date [Thu Jul 26 10:59:03 CST 2018]; root of context hierarchy
2018-07-26 10:59:14.754  INFO 10632 --- [main] s.w.s.m.m.a.RequestMappingHandlerAdapter : Detected ResponseBodyAdvice bean in jsonpAdvice
2018-07-26 10:59:14.855  INFO 10632 --- [main] o.s.w.s.handler.SimpleUrlHandlerMapping  : Mapped URL path [/webjars/**] onto handler of type [class org.springframework.web.servlet.resource.ResourceHttpRequestHandler]
2018-07-26 10:59:14.855  INFO 10632 --- [main] o.s.w.s.handler.SimpleUrlHandlerMapping  : Mapped URL path [/**] onto handler of type [class org.springframework.web.servlet.resource.ResourceHttpRequestHandler]
2018-07-26 10:59:14.882  INFO 10632 --- [main] .m.m.a.ExceptionHandlerExceptionResolver : Detected @ExceptionHandler methods in globalExceptionHandler
2018-07-26 10:59:14.882  INFO 10632 --- [main] .m.m.a.ExceptionHandlerExceptionResolver : Detected ResponseBodyAdvice implementation in jsonpAdvice
2018-07-26 10:59:14.945  INFO 10632 --- [main] o.s.w.s.handler.SimpleUrlHandlerMapping  : Mapped URL path [/**/favicon.ico] onto handler of type [class org.springframework.web.servlet.resource.ResourceHttpRequestHandler]
2018-07-26 10:59:16.030  INFO 10632 --- [main] o.s.ui.freemarker.SpringTemplateLoader   : SpringTemplateLoader for FreeMarker: using resource loader [org.springframework.boot.context.embedded.AnnotationConfigEmbeddedWebApplicationContext@4b5d6a01: startup date [Thu Jul 26 10:59:03 CST 2018]; root of context hierarchy] and template loader path [classpath:/templates/]
2018-07-26 10:59:16.031  INFO 10632 --- [main] o.s.w.s.v.f.FreeMarkerConfigurer         : ClassTemplateLoader for Spring macros added to FreeMarker configuration
2018-07-26 10:59:17.361  INFO 10632 --- [main] o.s.j.e.a.AnnotationMBeanExporter        : Registering beans for JMX exposure on startup
2018-07-26 10:59:17.365  INFO 10632 --- [main] o.s.j.e.a.AnnotationMBeanExporter        : Bean with name 'dataSource' has been autodetected for JMX exposure
2018-07-26 10:59:17.375  INFO 10632 --- [main] o.s.j.e.a.AnnotationMBeanExporter        : Located MBean 'dataSource': registering with JMX server as MBean [com.alibaba.druid.pool:name=dataSource,type=DruidDataSource]
2018-07-26 10:59:17.381  INFO 10632 --- [main] o.s.c.support.DefaultLifecycleProcessor  : Starting beans in phase 0
2018-07-26 10:59:17.444  INFO 10632 --- [main] o.s.c.support.DefaultLifecycleProcessor  : Starting beans in phase 2147483647
2018-07-26 10:59:17.444  INFO 10632 --- [main] d.s.w.p.DocumentationPluginsBootstrapper : Context refreshed
2018-07-26 10:59:17.475  INFO 10632 --- [main] d.s.w.p.DocumentationPluginsBootstrapper : Found 1 custom documentation plugin(s)
2018-07-26 10:59:17.534  INFO 10632 --- [main] s.d.s.w.s.ApiListingReferenceScanner     : Scanning for api listing references
2018-07-26 10:59:17.566  INFO 10632 --- [main] s.a.ScheduledAnnotationBeanPostProcessor : No TaskScheduler/ScheduledExecutorService bean found for scheduled processing
2018-07-26 10:59:17.611 ERROR 10632 --- [main] o.a.coyote.http11.Http11NioProtocol      : Failed to start end point associated with ProtocolHandler ["http-nio-9696"]

java.net.BindException: Address already in use: bind
	at sun.nio.ch.Net.bind0(Native Method) ~[na:1.8.0_73]
	at sun.nio.ch.Net.bind(Unknown Source) ~[na:1.8.0_73]
	at sun.nio.ch.Net.bind(Unknown Source) ~[na:1.8.0_73]
	at sun.nio.ch.ServerSocketChannelImpl.bind(Unknown Source) ~[na:1.8.0_73]
	at sun.nio.ch.ServerSocketAdaptor.bind(Unknown Source) ~[na:1.8.0_73]
	at org.apache.tomcat.util.net.NioEndpoint.bind(NioEndpoint.java:210) ~[tomcat-embed-core-8.5.14.jar:8.5.14]
	at org.apache.tomcat.util.net.AbstractEndpoint.start(AbstractEndpoint.java:978) ~[tomcat-embed-core-8.5.14.jar:8.5.14]
	at org.apache.coyote.AbstractProtocol.start(AbstractProtocol.java:628) ~[tomcat-embed-core-8.5.14.jar:8.5.14]
	at org.apache.catalina.connector.Connector.startInternal(Connector.java:993) [tomcat-embed-core-8.5.14.jar:8.5.14]
	at org.apache.catalina.util.LifecycleBase.start(LifecycleBase.java:150) [tomcat-embed-core-8.5.14.jar:8.5.14]
	at org.apache.catalina.core.StandardService.addConnector(StandardService.java:225) [tomcat-embed-core-8.5.14.jar:8.5.14]
	at org.springframework.boot.context.embedded.tomcat.TomcatEmbeddedServletContainer.addPreviouslyRemovedConnectors(TomcatEmbeddedServletContainer.java:247) [spring-boot-1.5.3.RELEASE.jar:1.5.3.RELEASE]
	at org.springframework.boot.context.embedded.tomcat.TomcatEmbeddedServletContainer.start(TomcatEmbeddedServletContainer.java:190) [spring-boot-1.5.3.RELEASE.jar:1.5.3.RELEASE]
	at org.springframework.boot.context.embedded.EmbeddedWebApplicationContext.startEmbeddedServletContainer(EmbeddedWebApplicationContext.java:297) [spring-boot-1.5.3.RELEASE.jar:1.5.3.RELEASE]
	at org.springframework.boot.context.embedded.EmbeddedWebApplicationContext.finishRefresh(EmbeddedWebApplicationContext.java:145) [spring-boot-1.5.3.RELEASE.jar:1.5.3.RELEASE]
	at org.springframework.context.support.AbstractApplicationContext.refresh(AbstractApplicationContext.java:545) [spring-context-4.3.8.RELEASE.jar:4.3.8.RELEASE]
	at org.springframework.boot.context.embedded.EmbeddedWebApplicationContext.refresh(EmbeddedWebApplicationContext.java:122) [spring-boot-1.5.3.RELEASE.jar:1.5.3.RELEASE]
	at org.springframework.boot.SpringApplication.refresh(SpringApplication.java:737) [spring-boot-1.5.3.RELEASE.jar:1.5.3.RELEASE]
	at org.springframework.boot.SpringApplication.refreshContext(SpringApplication.java:370) [spring-boot-1.5.3.RELEASE.jar:1.5.3.RELEASE]
	at org.springframework.boot.SpringApplication.run(SpringApplication.java:314) [spring-boot-1.5.3.RELEASE.jar:1.5.3.RELEASE]
	at org.springframework.boot.SpringApplication.run(SpringApplication.java:1162) [spring-boot-1.5.3.RELEASE.jar:1.5.3.RELEASE]
	at org.springframework.boot.SpringApplication.run(SpringApplication.java:1151) [spring-boot-1.5.3.RELEASE.jar:1.5.3.RELEASE]
	at com.simba.AutoDeployApplicationStart.main(AutoDeployApplicationStart.java:12) [classes/:na]

2018-07-26 10:59:17.611 ERROR 10632 --- [main] o.apache.catalina.core.StandardService   : Failed to start connector [Connector[HTTP/1.1-9696]]

org.apache.catalina.LifecycleException: Failed to start component [Connector[HTTP/1.1-9696]]
	at org.apache.catalina.util.LifecycleBase.start(LifecycleBase.java:167) ~[tomcat-embed-core-8.5.14.jar:8.5.14]
	at org.apache.catalina.core.StandardService.addConnector(StandardService.java:225) ~[tomcat-embed-core-8.5.14.jar:8.5.14]
	at org.springframework.boot.context.embedded.tomcat.TomcatEmbeddedServletContainer.addPreviouslyRemovedConnectors(TomcatEmbeddedServletContainer.java:247) [spring-boot-1.5.3.RELEASE.jar:1.5.3.RELEASE]
	at org.springframework.boot.context.embedded.tomcat.TomcatEmbeddedServletContainer.start(TomcatEmbeddedServletContainer.java:190) [spring-boot-1.5.3.RELEASE.jar:1.5.3.RELEASE]
	at org.springframework.boot.context.embedded.EmbeddedWebApplicationContext.startEmbeddedServletContainer(EmbeddedWebApplicationContext.java:297) [spring-boot-1.5.3.RELEASE.jar:1.5.3.RELEASE]
	at org.springframework.boot.context.embedded.EmbeddedWebApplicationContext.finishRefresh(EmbeddedWebApplicationContext.java:145) [spring-boot-1.5.3.RELEASE.jar:1.5.3.RELEASE]
	at org.springframework.context.support.AbstractApplicationContext.refresh(AbstractApplicationContext.java:545) [spring-context-4.3.8.RELEASE.jar:4.3.8.RELEASE]
	at org.springframework.boot.context.embedded.EmbeddedWebApplicationContext.refresh(EmbeddedWebApplicationContext.java:122) [spring-boot-1.5.3.RELEASE.jar:1.5.3.RELEASE]
	at org.springframework.boot.SpringApplication.refresh(SpringApplication.java:737) [spring-boot-1.5.3.RELEASE.jar:1.5.3.RELEASE]
	at org.springframework.boot.SpringApplication.refreshContext(SpringApplication.java:370) [spring-boot-1.5.3.RELEASE.jar:1.5.3.RELEASE]
	at org.springframework.boot.SpringApplication.run(SpringApplication.java:314) [spring-boot-1.5.3.RELEASE.jar:1.5.3.RELEASE]
	at org.springframework.boot.SpringApplication.run(SpringApplication.java:1162) [spring-boot-1.5.3.RELEASE.jar:1.5.3.RELEASE]
	at org.springframework.boot.SpringApplication.run(SpringApplication.java:1151) [spring-boot-1.5.3.RELEASE.jar:1.5.3.RELEASE]
	at com.simba.AutoDeployApplicationStart.main(AutoDeployApplicationStart.java:12) [classes/:na]
Caused by: org.apache.catalina.LifecycleException: service.getName(): "Tomcat";  Protocol handler start failed
	at org.apache.catalina.connector.Connector.startInternal(Connector.java:1000) ~[tomcat-embed-core-8.5.14.jar:8.5.14]
	at org.apache.catalina.util.LifecycleBase.start(LifecycleBase.java:150) ~[tomcat-embed-core-8.5.14.jar:8.5.14]
	... 13 common frames omitted
Caused by: java.net.BindException: Address already in use: bind
	at sun.nio.ch.Net.bind0(Native Method) ~[na:1.8.0_73]
	at sun.nio.ch.Net.bind(Unknown Source) ~[na:1.8.0_73]
	at sun.nio.ch.Net.bind(Unknown Source) ~[na:1.8.0_73]
	at sun.nio.ch.ServerSocketChannelImpl.bind(Unknown Source) ~[na:1.8.0_73]
	at sun.nio.ch.ServerSocketAdaptor.bind(Unknown Source) ~[na:1.8.0_73]
	at org.apache.tomcat.util.net.NioEndpoint.bind(NioEndpoint.java:210) ~[tomcat-embed-core-8.5.14.jar:8.5.14]
	at org.apache.tomcat.util.net.AbstractEndpoint.start(AbstractEndpoint.java:978) ~[tomcat-embed-core-8.5.14.jar:8.5.14]
	at org.apache.coyote.AbstractProtocol.start(AbstractProtocol.java:628) ~[tomcat-embed-core-8.5.14.jar:8.5.14]
	at org.apache.catalina.connector.Connector.startInternal(Connector.java:993) ~[tomcat-embed-core-8.5.14.jar:8.5.14]
	... 14 common frames omitted

2018-07-26 10:59:17.621  INFO 10632 --- [main] o.apache.catalina.core.StandardService   : Stopping service Tomcat
2018-07-26 10:59:17.652  INFO 10632 --- [main] utoConfigurationReportLoggingInitializer : 

Error starting ApplicationContext. To display the auto-configuration report re-run your application with 'debug' enabled.
2018-07-26 10:59:17.656 ERROR 10632 --- [main] o.s.b.d.LoggingFailureAnalysisReporter   : 

***************************
APPLICATION FAILED TO START
***************************

Description:

The Tomcat connector configured to listen on port 9696 failed to start. The port may already be in use or the connector may be misconfigured.

Action:

Verify the connector's configuration, identify and stop any process that's listening on port 9696, or configure this application to listen on another port.

2018-07-26 10:59:17.656  INFO 10632 --- [main] ationConfigEmbeddedWebApplicationContext : Closing org.springframework.boot.context.embedded.AnnotationConfigEmbeddedWebApplicationContext@4b5d6a01: startup date [Thu Jul 26 10:59:03 CST 2018]; root of context hierarchy
2018-07-26 10:59:17.658  INFO 10632 --- [main] o.s.c.support.DefaultLifecycleProcessor  : Stopping beans in phase 2147483647
2018-07-26 10:59:17.659  INFO 10632 --- [main] o.s.c.support.DefaultLifecycleProcessor  : Stopping beans in phase 0
2018-07-26 10:59:17.659  INFO 10632 --- [main] o.s.j.e.a.AnnotationMBeanExporter        : Unregistering JMX-exposed beans on shutdown
2018-07-26 10:59:17.659  INFO 10632 --- [main] o.s.j.e.a.AnnotationMBeanExporter        : Unregistering JMX-exposed beans
2018-07-26 10:59:17.663  INFO 10632 --- [main] com.simba.framework.util.jdbc.Jdbc       : destroy
2018-07-26 10:59:17.665  INFO 10632 --- [main] com.alibaba.druid.pool.DruidDataSource   : {dataSource-1} closed
2018-07-26 10:59:17.666  INFO 10632 --- [main] o.s.s.concurrent.ThreadPoolTaskExecutor  : Shutting down ExecutorService 'taskExecutor'
