2018-04-02 08:20:26.452  INFO 6580 --- [main] com.simba.ApplicationStart               : Starting ApplicationStart on caozhejun with PID 6580 (E:\Simba\trunk\simbaRoot\simba-user\target\classes started by caozhejun in E:\Simba\trunk\simbaRoot\simba-user)
2018-04-02 08:20:26.561  INFO 6580 --- [main] com.simba.ApplicationStart               : The following profiles are active: dev
2018-04-02 08:20:26.858  INFO 6580 --- [main] ationConfigEmbeddedWebApplicationContext : Refreshing org.springframework.boot.context.embedded.AnnotationConfigEmbeddedWebApplicationContext@14bdbc74: startup date [Mon Apr 02 08:20:26 CST 2018]; root of context hierarchy
2018-04-02 08:20:28.605  INFO 6580 --- [main] o.s.b.f.s.DefaultListableBeanFactory     : Overriding bean definition for bean 'druidServlet' with a different definition: replacing [Root bean: class [null]; scope=; abstract=false; lazyInit=false; autowireMode=3; dependencyCheck=0; autowireCandidate=true; primary=false; factoryBeanName=druidConfiguration; factoryMethodName=druidServlet; initMethodName=null; destroyMethodName=(inferred); defined in class path resource [com/simba/framework/util/jdbc/DruidConfiguration.class]] with [Root bean: class [null]; scope=; abstract=false; lazyInit=false; autowireMode=3; dependencyCheck=0; autowireCandidate=true; primary=false; factoryBeanName=kaptchaConfiguration; factoryMethodName=druidServlet; initMethodName=null; destroyMethodName=(inferred); defined in class path resource [com/simba/kaptcha/KaptchaConfiguration.class]]
2018-04-02 08:20:28.731  INFO 6580 --- [main] o.s.b.f.s.DefaultListableBeanFactory     : Overriding bean definition for bean 'filterRegistrationBean' with a different definition: replacing [Root bean: class [null]; scope=; abstract=false; lazyInit=false; autowireMode=3; dependencyCheck=0; autowireCandidate=true; primary=false; factoryBeanName=druidConfiguration; factoryMethodName=filterRegistrationBean; initMethodName=null; destroyMethodName=(inferred); defined in class path resource [com/simba/framework/util/jdbc/DruidConfiguration.class]] with [Root bean: class [null]; scope=; abstract=false; lazyInit=false; autowireMode=3; dependencyCheck=0; autowireCandidate=true; primary=false; factoryBeanName=sessionConfig; factoryMethodName=filterRegistrationBean; initMethodName=null; destroyMethodName=(inferred); defined in class path resource [com/simba/framework/session/config/SessionConfig.class]]
2018-04-02 08:20:29.184  INFO 6580 --- [main] .s.d.r.c.RepositoryConfigurationDelegate : Multiple Spring Data modules found, entering strict repository configuration mode!
2018-04-02 08:20:30.089  INFO 6580 --- [main] trationDelegate$BeanPostProcessorChecker : Bean 'org.springframework.transaction.annotation.ProxyTransactionManagementConfiguration' of type [org.springframework.transaction.annotation.ProxyTransactionManagementConfiguration$$EnhancerBySpringCGLIB$$fb208d09] is not eligible for getting processed by all BeanPostProcessors (for example: not eligible for auto-proxying)
2018-04-02 08:20:30.339  INFO 6580 --- [main] trationDelegate$BeanPostProcessorChecker : Bean 'org.springframework.cache.annotation.ProxyCachingConfiguration' of type [org.springframework.cache.annotation.ProxyCachingConfiguration$$EnhancerBySpringCGLIB$$4432c327] is not eligible for getting processed by all BeanPostProcessors (for example: not eligible for auto-proxying)
2018-04-02 08:20:30.370  INFO 6580 --- [main] trationDelegate$BeanPostProcessorChecker : Bean 'org.springframework.boot.autoconfigure.cache.CacheAutoConfiguration' of type [org.springframework.boot.autoconfigure.cache.CacheAutoConfiguration$$EnhancerBySpringCGLIB$$38a687cb] is not eligible for getting processed by all BeanPostProcessors (for example: not eligible for auto-proxying)
2018-04-02 08:20:30.402  INFO 6580 --- [main] trationDelegate$BeanPostProcessorChecker : Bean 'spring.cache-org.springframework.boot.autoconfigure.cache.CacheProperties' of type [org.springframework.boot.autoconfigure.cache.CacheProperties] is not eligible for getting processed by all BeanPostProcessors (for example: not eligible for auto-proxying)
2018-04-02 08:20:30.417  INFO 6580 --- [main] trationDelegate$BeanPostProcessorChecker : Bean 'cacheManagerCustomizers' of type [org.springframework.boot.autoconfigure.cache.CacheManagerCustomizers] is not eligible for getting processed by all BeanPostProcessors (for example: not eligible for auto-proxying)
2018-04-02 08:20:30.433  INFO 6580 --- [main] trationDelegate$BeanPostProcessorChecker : Bean 'org.springframework.boot.autoconfigure.cache.RedisCacheConfiguration' of type [org.springframework.boot.autoconfigure.cache.RedisCacheConfiguration$$EnhancerBySpringCGLIB$$e9382425] is not eligible for getting processed by all BeanPostProcessors (for example: not eligible for auto-proxying)
2018-04-02 08:20:30.448  INFO 6580 --- [main] trationDelegate$BeanPostProcessorChecker : Bean 'org.springframework.boot.autoconfigure.data.redis.RedisAutoConfiguration$RedisConfiguration' of type [org.springframework.boot.autoconfigure.data.redis.RedisAutoConfiguration$RedisConfiguration$$EnhancerBySpringCGLIB$$40c31296] is not eligible for getting processed by all BeanPostProcessors (for example: not eligible for auto-proxying)
2018-04-02 08:20:30.464  INFO 6580 --- [main] trationDelegate$BeanPostProcessorChecker : Bean 'spring.redis-org.springframework.boot.autoconfigure.data.redis.RedisProperties' of type [org.springframework.boot.autoconfigure.data.redis.RedisProperties] is not eligible for getting processed by all BeanPostProcessors (for example: not eligible for auto-proxying)
2018-04-02 08:20:30.480  INFO 6580 --- [main] trationDelegate$BeanPostProcessorChecker : Bean 'org.springframework.boot.autoconfigure.data.redis.RedisAutoConfiguration$RedisConnectionConfiguration' of type [org.springframework.boot.autoconfigure.data.redis.RedisAutoConfiguration$RedisConnectionConfiguration$$EnhancerBySpringCGLIB$$8f1ab418] is not eligible for getting processed by all BeanPostProcessors (for example: not eligible for auto-proxying)
2018-04-02 08:20:30.589  INFO 6580 --- [main] trationDelegate$BeanPostProcessorChecker : Bean 'redisConnectionFactory' of type [org.springframework.data.redis.connection.jedis.JedisConnectionFactory] is not eligible for getting processed by all BeanPostProcessors (for example: not eligible for auto-proxying)
2018-04-02 08:20:30.651  INFO 6580 --- [main] trationDelegate$BeanPostProcessorChecker : Bean 'redisTemplate' of type [org.springframework.data.redis.core.RedisTemplate] is not eligible for getting processed by all BeanPostProcessors (for example: not eligible for auto-proxying)
2018-04-02 08:20:30.745  INFO 6580 --- [main] trationDelegate$BeanPostProcessorChecker : Bean 'cacheManager' of type [org.springframework.data.redis.cache.RedisCacheManager] is not eligible for getting processed by all BeanPostProcessors (for example: not eligible for auto-proxying)
2018-04-02 08:20:30.745  INFO 6580 --- [main] trationDelegate$BeanPostProcessorChecker : Bean 'cacheAutoConfigurationValidator' of type [org.springframework.boot.autoconfigure.cache.CacheAutoConfiguration$CacheManagerValidator] is not eligible for getting processed by all BeanPostProcessors (for example: not eligible for auto-proxying)
2018-04-02 08:20:31.775  INFO 6580 --- [main] s.b.c.e.t.TomcatEmbeddedServletContainer : Tomcat initialized with port(s): 8889 (http)
2018-04-02 08:20:31.854  INFO 6580 --- [main] o.apache.catalina.core.StandardService   : Starting service Tomcat
2018-04-02 08:20:31.869  INFO 6580 --- [main] org.apache.catalina.core.StandardEngine  : Starting Servlet Engine: Apache Tomcat/8.5.14
2018-04-02 08:20:32.337  INFO 6580 --- [localhost-startStop-1] o.a.c.c.C.[Tomcat].[localhost].[/]       : Initializing Spring embedded WebApplicationContext
2018-04-02 08:20:32.337  INFO 6580 --- [localhost-startStop-1] o.s.web.context.ContextLoader            : Root WebApplicationContext: initialization completed in 5510 ms
2018-04-02 08:20:32.384  INFO 6580 --- [localhost-startStop-1] com.simba.kaptcha.KaptchaConfiguration   : =====================init google kaptcha Servlet Configuration =========================================
2018-04-02 08:20:32.447  INFO 6580 --- [localhost-startStop-1] c.s.f.session.config.SessionConfig       : =====================init session filter Configuration==============================
2018-04-02 08:20:32.462  INFO 6580 --- [localhost-startStop-1] c.s.f.session.config.SessionConfig       : =====================init session listener Configuration==============================
2018-04-02 08:20:32.993  INFO 6580 --- [localhost-startStop-1] o.s.b.w.servlet.ServletRegistrationBean  : Mapping servlet: 'kaptchaServlet' to [/kaptcha]
2018-04-02 08:20:32.993  INFO 6580 --- [localhost-startStop-1] o.s.b.w.servlet.ServletRegistrationBean  : Mapping servlet: 'dispatcherServlet' to [/]
2018-04-02 08:20:32.993  INFO 6580 --- [localhost-startStop-1] o.s.b.w.servlet.FilterRegistrationBean   : Mapping filter: 'metricsFilter' to: [/*]
2018-04-02 08:20:32.993  INFO 6580 --- [localhost-startStop-1] o.s.b.w.servlet.FilterRegistrationBean   : Mapping filter: 'characterEncodingFilter' to: [/*]
2018-04-02 08:20:32.993  INFO 6580 --- [localhost-startStop-1] o.s.b.w.servlet.FilterRegistrationBean   : Mapping filter: 'hiddenHttpMethodFilter' to: [/*]
2018-04-02 08:20:32.993  INFO 6580 --- [localhost-startStop-1] o.s.b.w.servlet.FilterRegistrationBean   : Mapping filter: 'httpPutFormContentFilter' to: [/*]
2018-04-02 08:20:32.993  INFO 6580 --- [localhost-startStop-1] o.s.b.w.servlet.FilterRegistrationBean   : Mapping filter: 'requestContextFilter' to: [/*]
2018-04-02 08:20:32.993  INFO 6580 --- [localhost-startStop-1] o.s.b.w.servlet.FilterRegistrationBean   : Mapping filter: 'webRequestLoggingFilter' to: [/*]
2018-04-02 08:20:32.993  INFO 6580 --- [localhost-startStop-1] o.s.b.w.servlet.FilterRegistrationBean   : Mapping filter: 'sessionFilter' to urls: [/*]
2018-04-02 08:20:32.993  INFO 6580 --- [localhost-startStop-1] o.s.b.w.servlet.FilterRegistrationBean   : Mapping filter: 'applicationContextIdFilter' to: [/*]
2018-04-02 08:20:33.056  INFO 6580 --- [localhost-startStop-1] c.simba.framework.session.SessionFilter  : *****************获取配置文件设置session过期时间为:1800000
2018-04-02 08:20:33.056  INFO 6580 --- [localhost-startStop-1] c.s.f.session.DisSessionRequestWrapper   : ****************设置session过期时间为1800000
2018-04-02 08:20:34.070  INFO 6580 --- [main] com.simba.framework.util.jdbc.Jdbc       : init
2018-04-02 08:20:34.149  INFO 6580 --- [main] o.s.s.concurrent.ThreadPoolTaskExecutor  : Initializing ExecutorService  'taskExecutor'
2018-04-02 08:20:34.430  INFO 6580 --- [main] c.s.f.distributed.DistributedUtil        : 订阅集群频道成功
2018-04-02 08:20:34.477  INFO 6580 --- [main] com.simba.cache.RedisUtil                : pool:redis.clients.jedis.JedisPool@305e95a4
2018-04-02 08:20:34.508  INFO 6580 --- [main] com.simba.cache.RedisClusterUtil         : 没有配置redis集群(redis.cluster.address)[ip1:port1,ip2:port2]，不启动redis集群客户端
2018-04-02 08:20:34.524  INFO 6580 --- [main] c.s.f.u.a.ApplicationContextUtil         : ****************************init ApplicationContext successfully:org.springframework.boot.context.embedded.AnnotationConfigEmbeddedWebApplicationContext
2018-04-02 08:20:34.539  INFO 6580 --- [main] c.s.f.u.b.PageParameterBeanPostProcessor : 注入集群方法:com.simba.cluster.registryTable.RegistryTableClusterExecute
2018-04-02 08:20:35.383  INFO 6580 --- [main] com.alibaba.druid.pool.DruidDataSource   : {dataSource-1} inited
2018-04-02 08:20:35.587  INFO 6580 --- [main] com.simba.framework.util.jdbc.Jdbc       : result size:9 sql:select * from registryTable
2018-04-02 08:20:37.303  INFO 6580 --- [main] s.w.s.m.m.a.RequestMappingHandlerMapping : Mapped "{[/download/download],methods=[GET]}" onto public void com.simba.controller.DownloadController.download(java.lang.String,javax.servlet.http.HttpServletResponse)
2018-04-02 08:20:37.303  INFO 6580 --- [main] s.w.s.m.m.a.RequestMappingHandlerMapping : Mapped "{[/myerror]}" onto public java.lang.String com.simba.controller.ErrorPageController.error()
2018-04-02 08:20:37.303  INFO 6580 --- [main] s.w.s.m.m.a.RequestMappingHandlerMapping : Mapped "{[/myforbid]}" onto public java.lang.String com.simba.controller.ErrorPageController.forbid()
2018-04-02 08:20:37.303  INFO 6580 --- [main] s.w.s.m.m.a.RequestMappingHandlerMapping : Mapped "{[/mynopage]}" onto public java.lang.String com.simba.controller.ErrorPageController.nopage()
2018-04-02 08:20:37.303  INFO 6580 --- [main] s.w.s.m.m.a.RequestMappingHandlerMapping : Mapped "{[/ping],methods=[GET]}" onto public java.lang.String com.simba.controller.PingController.ping()
2018-04-02 08:20:37.303  INFO 6580 --- [main] s.w.s.m.m.a.RequestMappingHandlerMapping : Mapped "{[/session/getSid],methods=[GET]}" onto public java.lang.String com.simba.controller.SessionController.getSid(javax.servlet.http.HttpServletRequest)
2018-04-02 08:20:37.303  INFO 6580 --- [main] s.w.s.m.m.a.RequestMappingHandlerMapping : Mapped "{[/kaptcha/check]}" onto public com.simba.framework.util.json.JsonResult com.simba.kaptcha.KaptchaController.check(java.lang.String,javax.servlet.http.HttpSession)
2018-04-02 08:20:37.303  INFO 6580 --- [main] s.w.s.m.m.a.RequestMappingHandlerMapping : Mapped "{[/registryTable/add]}" onto public java.lang.String com.simba.registry.controller.RegistryTableController.add(com.simba.registry.model.RegistryTable,org.springframework.ui.ModelMap)
2018-04-02 08:20:37.303  INFO 6580 --- [main] s.w.s.m.m.a.RequestMappingHandlerMapping : Mapped "{[/registryTable/count]}" onto public com.simba.framework.util.json.JsonResult com.simba.registry.controller.RegistryTableController.count(int)
2018-04-02 08:20:37.303  INFO 6580 --- [main] s.w.s.m.m.a.RequestMappingHandlerMapping : Mapped "{[/registryTable/update]}" onto public java.lang.String com.simba.registry.controller.RegistryTableController.update(com.simba.registry.model.RegistryTable,org.springframework.ui.ModelMap)
2018-04-02 08:20:37.303  INFO 6580 --- [main] s.w.s.m.m.a.RequestMappingHandlerMapping : Mapped "{[/registryTable/delete]}" onto public com.simba.framework.util.json.JsonResult com.simba.registry.controller.RegistryTableController.delete(int,org.springframework.ui.ModelMap)
2018-04-02 08:20:37.303  INFO 6580 --- [main] s.w.s.m.m.a.RequestMappingHandlerMapping : Mapped "{[/registryTable/list]}" onto public java.lang.String com.simba.registry.controller.RegistryTableController.list(java.lang.Integer,org.springframework.ui.ModelMap)
2018-04-02 08:20:37.303  INFO 6580 --- [main] s.w.s.m.m.a.RequestMappingHandlerMapping : Mapped "{[/registryTable/toAdd]}" onto public java.lang.String com.simba.registry.controller.RegistryTableController.toAdd(int,org.springframework.ui.ModelMap)
2018-04-02 08:20:37.303  INFO 6580 --- [main] s.w.s.m.m.a.RequestMappingHandlerMapping : Mapped "{[/registryTable/batchDelete]}" onto public com.simba.framework.util.json.JsonResult com.simba.registry.controller.RegistryTableController.batchDelete(java.lang.Integer[],org.springframework.ui.ModelMap)
2018-04-02 08:20:37.304  INFO 6580 --- [main] s.w.s.m.m.a.RequestMappingHandlerMapping : Mapped "{[/registryTable/getList]}" onto public java.lang.String com.simba.registry.controller.RegistryTableController.getList(int,com.simba.framework.util.jdbc.Pager,org.springframework.ui.ModelMap)
2018-04-02 08:20:37.304  INFO 6580 --- [main] s.w.s.m.m.a.RequestMappingHandlerMapping : Mapped "{[/registryTable/toUpdate]}" onto public java.lang.String com.simba.registry.controller.RegistryTableController.toUpdate(int,org.springframework.ui.ModelMap)
2018-04-02 08:20:37.304  INFO 6580 --- [main] s.w.s.m.m.a.RequestMappingHandlerMapping : Mapped "{[/registryTable/exportSql]}" onto public void com.simba.registry.controller.RegistryTableController.exportSql(javax.servlet.http.HttpServletResponse) throws freemarker.template.TemplateNotFoundException,freemarker.template.MalformedTemplateNameException,java.text.ParseException,java.io.IOException,freemarker.template.TemplateException
2018-04-02 08:20:37.304  INFO 6580 --- [main] s.w.s.m.m.a.RequestMappingHandlerMapping : Mapped "{[/registryType/add]}" onto public java.lang.String com.simba.registry.controller.RegistryTypeController.add(com.simba.registry.model.RegistryType)
2018-04-02 08:20:37.304  INFO 6580 --- [main] s.w.s.m.m.a.RequestMappingHandlerMapping : Mapped "{[/registryType/update]}" onto public java.lang.String com.simba.registry.controller.RegistryTypeController.update(com.simba.registry.model.RegistryType)
2018-04-02 08:20:37.304  INFO 6580 --- [main] s.w.s.m.m.a.RequestMappingHandlerMapping : Mapped "{[/registryType/delete]}" onto public com.simba.framework.util.json.JsonResult com.simba.registry.controller.RegistryTypeController.delete(int,org.springframework.ui.ModelMap)
2018-04-02 08:20:37.304  INFO 6580 --- [main] s.w.s.m.m.a.RequestMappingHandlerMapping : Mapped "{[/registryType/list]}" onto public java.lang.String com.simba.registry.controller.RegistryTypeController.list(java.lang.Integer,org.springframework.ui.ModelMap)
2018-04-02 08:20:37.304  INFO 6580 --- [main] s.w.s.m.m.a.RequestMappingHandlerMapping : Mapped "{[/registryType/toAdd]}" onto public java.lang.String com.simba.registry.controller.RegistryTypeController.toAdd(int,org.springframework.ui.ModelMap)
2018-04-02 08:20:37.304  INFO 6580 --- [main] s.w.s.m.m.a.RequestMappingHandlerMapping : Mapped "{[/registryType/batchDelete]}" onto public com.simba.framework.util.json.JsonResult com.simba.registry.controller.RegistryTypeController.batchDelete(java.lang.Integer[],org.springframework.ui.ModelMap)
2018-04-02 08:20:37.304  INFO 6580 --- [main] s.w.s.m.m.a.RequestMappingHandlerMapping : Mapped "{[/registryType/toUpdate]}" onto public java.lang.String com.simba.registry.controller.RegistryTypeController.toUpdate(int,org.springframework.ui.ModelMap)
2018-04-02 08:20:37.304  INFO 6580 --- [main] s.w.s.m.m.a.RequestMappingHandlerMapping : Mapped "{[/registryType/getRegistryTypeTree]}" onto public java.util.List<com.simba.bootstrap.model.TreeViewData> com.simba.registry.controller.RegistryTypeController.getRegistryTypeTree()
2018-04-02 08:20:37.304  INFO 6580 --- [main] s.w.s.m.m.a.RequestMappingHandlerMapping : Mapped "{[/registryType/getRegistryTypeList]}" onto public java.lang.String com.simba.registry.controller.RegistryTypeController.getRegistryTypeList(int,org.springframework.ui.ModelMap)
2018-04-02 08:20:37.304  INFO 6580 --- [main] s.w.s.m.m.a.RequestMappingHandlerMapping : Mapped "{[/swagger-resources/configuration/ui]}" onto public org.springframework.http.ResponseEntity<springfox.documentation.swagger.web.UiConfiguration> springfox.documentation.swagger.web.ApiResourceController.uiConfiguration()
2018-04-02 08:20:37.304  INFO 6580 --- [main] s.w.s.m.m.a.RequestMappingHandlerMapping : Mapped "{[/swagger-resources]}" onto public org.springframework.http.ResponseEntity<java.util.List<springfox.documentation.swagger.web.SwaggerResource>> springfox.documentation.swagger.web.ApiResourceController.swaggerResources()
2018-04-02 08:20:37.304  INFO 6580 --- [main] s.w.s.m.m.a.RequestMappingHandlerMapping : Mapped "{[/swagger-resources/configuration/security]}" onto public org.springframework.http.ResponseEntity<springfox.documentation.swagger.web.SecurityConfiguration> springfox.documentation.swagger.web.ApiResourceController.securityConfiguration()
2018-04-02 08:20:37.304  INFO 6580 --- [main] s.w.s.m.m.a.RequestMappingHandlerMapping : Mapped "{[/error]}" onto public org.springframework.http.ResponseEntity<java.util.Map<java.lang.String, java.lang.Object>> org.springframework.boot.autoconfigure.web.BasicErrorController.error(javax.servlet.http.HttpServletRequest)
2018-04-02 08:20:37.304  INFO 6580 --- [main] s.w.s.m.m.a.RequestMappingHandlerMapping : Mapped "{[/error],produces=[text/html]}" onto public org.springframework.web.servlet.ModelAndView org.springframework.boot.autoconfigure.web.BasicErrorController.errorHtml(javax.servlet.http.HttpServletRequest,javax.servlet.http.HttpServletResponse)
2018-04-02 08:20:38.053  INFO 6580 --- [main] o.s.b.a.e.mvc.EndpointHandlerMapping     : Mapped "{[/dump || /dump.json],methods=[GET],produces=[application/vnd.spring-boot.actuator.v1+json || application/json]}" onto public java.lang.Object org.springframework.boot.actuate.endpoint.mvc.EndpointMvcAdapter.invoke()
2018-04-02 08:20:38.053  INFO 6580 --- [main] o.s.b.a.e.mvc.EndpointHandlerMapping     : Mapped "{[/health || /health.json],methods=[GET],produces=[application/vnd.spring-boot.actuator.v1+json || application/json]}" onto public java.lang.Object org.springframework.boot.actuate.endpoint.mvc.HealthMvcEndpoint.invoke(javax.servlet.http.HttpServletRequest,java.security.Principal)
2018-04-02 08:20:38.053  INFO 6580 --- [main] o.s.b.a.e.mvc.EndpointHandlerMapping     : Mapped "{[/heapdump || /heapdump.json],methods=[GET],produces=[application/octet-stream]}" onto public void org.springframework.boot.actuate.endpoint.mvc.HeapdumpMvcEndpoint.invoke(boolean,javax.servlet.http.HttpServletRequest,javax.servlet.http.HttpServletResponse) throws java.io.IOException,javax.servlet.ServletException
2018-04-02 08:20:38.053  INFO 6580 --- [main] o.s.b.a.e.mvc.EndpointHandlerMapping     : Mapped "{[/beans || /beans.json],methods=[GET],produces=[application/vnd.spring-boot.actuator.v1+json || application/json]}" onto public java.lang.Object org.springframework.boot.actuate.endpoint.mvc.EndpointMvcAdapter.invoke()
2018-04-02 08:20:38.053  INFO 6580 --- [main] o.s.b.a.e.mvc.EndpointHandlerMapping     : Mapped "{[/info || /info.json],methods=[GET],produces=[application/vnd.spring-boot.actuator.v1+json || application/json]}" onto public java.lang.Object org.springframework.boot.actuate.endpoint.mvc.EndpointMvcAdapter.invoke()
2018-04-02 08:20:38.053  INFO 6580 --- [main] o.s.b.a.e.mvc.EndpointHandlerMapping     : Mapped "{[/configprops || /configprops.json],methods=[GET],produces=[application/vnd.spring-boot.actuator.v1+json || application/json]}" onto public java.lang.Object org.springframework.boot.actuate.endpoint.mvc.EndpointMvcAdapter.invoke()
2018-04-02 08:20:38.053  INFO 6580 --- [main] o.s.b.a.e.mvc.EndpointHandlerMapping     : Mapped "{[/mappings || /mappings.json],methods=[GET],produces=[application/vnd.spring-boot.actuator.v1+json || application/json]}" onto public java.lang.Object org.springframework.boot.actuate.endpoint.mvc.EndpointMvcAdapter.invoke()
2018-04-02 08:20:38.053  INFO 6580 --- [main] o.s.b.a.e.mvc.EndpointHandlerMapping     : Mapped "{[/logfile || /logfile.json],methods=[GET || HEAD]}" onto public void org.springframework.boot.actuate.endpoint.mvc.LogFileMvcEndpoint.invoke(javax.servlet.http.HttpServletRequest,javax.servlet.http.HttpServletResponse) throws javax.servlet.ServletException,java.io.IOException
2018-04-02 08:20:38.053  INFO 6580 --- [main] o.s.b.a.e.mvc.EndpointHandlerMapping     : Mapped "{[/autoconfig || /autoconfig.json],methods=[GET],produces=[application/vnd.spring-boot.actuator.v1+json || application/json]}" onto public java.lang.Object org.springframework.boot.actuate.endpoint.mvc.EndpointMvcAdapter.invoke()
2018-04-02 08:20:38.053  INFO 6580 --- [main] o.s.b.a.e.mvc.EndpointHandlerMapping     : Mapped "{[/env/{name:.*}],methods=[GET],produces=[application/vnd.spring-boot.actuator.v1+json || application/json]}" onto public java.lang.Object org.springframework.boot.actuate.endpoint.mvc.EnvironmentMvcEndpoint.value(java.lang.String)
2018-04-02 08:20:38.053  INFO 6580 --- [main] o.s.b.a.e.mvc.EndpointHandlerMapping     : Mapped "{[/env || /env.json],methods=[GET],produces=[application/vnd.spring-boot.actuator.v1+json || application/json]}" onto public java.lang.Object org.springframework.boot.actuate.endpoint.mvc.EndpointMvcAdapter.invoke()
2018-04-02 08:20:38.053  INFO 6580 --- [main] o.s.b.a.e.mvc.EndpointHandlerMapping     : Mapped "{[/loggers/{name:.*}],methods=[GET],produces=[application/vnd.spring-boot.actuator.v1+json || application/json]}" onto public java.lang.Object org.springframework.boot.actuate.endpoint.mvc.LoggersMvcEndpoint.get(java.lang.String)
2018-04-02 08:20:38.053  INFO 6580 --- [main] o.s.b.a.e.mvc.EndpointHandlerMapping     : Mapped "{[/loggers/{name:.*}],methods=[POST],consumes=[application/vnd.spring-boot.actuator.v1+json || application/json],produces=[application/vnd.spring-boot.actuator.v1+json || application/json]}" onto public java.lang.Object org.springframework.boot.actuate.endpoint.mvc.LoggersMvcEndpoint.set(java.lang.String,java.util.Map<java.lang.String, java.lang.String>)
2018-04-02 08:20:38.053  INFO 6580 --- [main] o.s.b.a.e.mvc.EndpointHandlerMapping     : Mapped "{[/loggers || /loggers.json],methods=[GET],produces=[application/vnd.spring-boot.actuator.v1+json || application/json]}" onto public java.lang.Object org.springframework.boot.actuate.endpoint.mvc.EndpointMvcAdapter.invoke()
2018-04-02 08:20:38.053  INFO 6580 --- [main] o.s.b.a.e.mvc.EndpointHandlerMapping     : Mapped "{[/metrics/{name:.*}],methods=[GET],produces=[application/vnd.spring-boot.actuator.v1+json || application/json]}" onto public java.lang.Object org.springframework.boot.actuate.endpoint.mvc.MetricsMvcEndpoint.value(java.lang.String)
2018-04-02 08:20:38.053  INFO 6580 --- [main] o.s.b.a.e.mvc.EndpointHandlerMapping     : Mapped "{[/metrics || /metrics.json],methods=[GET],produces=[application/vnd.spring-boot.actuator.v1+json || application/json]}" onto public java.lang.Object org.springframework.boot.actuate.endpoint.mvc.EndpointMvcAdapter.invoke()
2018-04-02 08:20:38.053  INFO 6580 --- [main] o.s.b.a.e.mvc.EndpointHandlerMapping     : Mapped "{[/trace || /trace.json],methods=[GET],produces=[application/vnd.spring-boot.actuator.v1+json || application/json]}" onto public java.lang.Object org.springframework.boot.actuate.endpoint.mvc.EndpointMvcAdapter.invoke()
2018-04-02 08:20:38.053  INFO 6580 --- [main] o.s.b.a.e.mvc.EndpointHandlerMapping     : Mapped "{[/auditevents || /auditevents.json],methods=[GET],produces=[application/vnd.spring-boot.actuator.v1+json || application/json]}" onto public org.springframework.http.ResponseEntity<?> org.springframework.boot.actuate.endpoint.mvc.AuditEventsMvcEndpoint.findByPrincipalAndAfterAndType(java.lang.String,java.util.Date,java.lang.String)
2018-04-02 08:20:38.474  INFO 6580 --- [main] pertySourcedRequestMappingHandlerMapping : Mapped URL path [/v2/api-docs] onto method [public org.springframework.http.ResponseEntity<springfox.documentation.spring.web.json.Json> springfox.documentation.swagger2.web.Swagger2Controller.getDocumentation(java.lang.String,javax.servlet.http.HttpServletRequest)]
2018-04-02 08:20:38.475  INFO 6580 --- [main] com.simba.swagger2.SwaggerConfiguration  : *****************初始化swagger2完成*************************
2018-04-02 08:20:38.756  INFO 6580 --- [main] s.w.s.m.m.a.RequestMappingHandlerAdapter : Looking for @ControllerAdvice: org.springframework.boot.context.embedded.AnnotationConfigEmbeddedWebApplicationContext@14bdbc74: startup date [Mon Apr 02 08:20:26 CST 2018]; root of context hierarchy
2018-04-02 08:20:38.771  INFO 6580 --- [main] s.w.s.m.m.a.RequestMappingHandlerAdapter : Detected ResponseBodyAdvice bean in jsonpAdvice
2018-04-02 08:20:38.896  INFO 6580 --- [main] o.s.w.s.handler.SimpleUrlHandlerMapping  : Mapped URL path [/webjars/**] onto handler of type [class org.springframework.web.servlet.resource.ResourceHttpRequestHandler]
2018-04-02 08:20:38.896  INFO 6580 --- [main] o.s.w.s.handler.SimpleUrlHandlerMapping  : Mapped URL path [/**] onto handler of type [class org.springframework.web.servlet.resource.ResourceHttpRequestHandler]
2018-04-02 08:20:38.927  INFO 6580 --- [main] .m.m.a.ExceptionHandlerExceptionResolver : Detected @ExceptionHandler methods in globalExceptionHandler
2018-04-02 08:20:38.927  INFO 6580 --- [main] .m.m.a.ExceptionHandlerExceptionResolver : Detected ResponseBodyAdvice implementation in jsonpAdvice
2018-04-02 08:20:38.974  INFO 6580 --- [main] o.s.w.s.handler.SimpleUrlHandlerMapping  : Mapped URL path [/**/favicon.ico] onto handler of type [class org.springframework.web.servlet.resource.ResourceHttpRequestHandler]
2018-04-02 08:20:40.191  INFO 6580 --- [main] o.s.ui.freemarker.SpringTemplateLoader   : SpringTemplateLoader for FreeMarker: using resource loader [org.springframework.boot.context.embedded.AnnotationConfigEmbeddedWebApplicationContext@14bdbc74: startup date [Mon Apr 02 08:20:26 CST 2018]; root of context hierarchy] and template loader path [classpath:/templates/]
2018-04-02 08:20:40.191  INFO 6580 --- [main] o.s.w.s.v.f.FreeMarkerConfigurer         : ClassTemplateLoader for Spring macros added to FreeMarker configuration
2018-04-02 08:20:40.894  INFO 6580 --- [main] o.s.j.e.a.AnnotationMBeanExporter        : Registering beans for JMX exposure on startup
2018-04-02 08:20:40.894  INFO 6580 --- [main] o.s.j.e.a.AnnotationMBeanExporter        : Bean with name 'dataSource' has been autodetected for JMX exposure
2018-04-02 08:20:40.910  INFO 6580 --- [main] o.s.j.e.a.AnnotationMBeanExporter        : Located MBean 'dataSource': registering with JMX server as MBean [com.alibaba.druid.pool:name=dataSource,type=DruidDataSource]
2018-04-02 08:20:40.926  INFO 6580 --- [main] o.s.c.support.DefaultLifecycleProcessor  : Starting beans in phase 0
2018-04-02 08:20:41.019  INFO 6580 --- [main] o.s.c.support.DefaultLifecycleProcessor  : Starting beans in phase 2147483647
2018-04-02 08:20:41.019  INFO 6580 --- [main] d.s.w.p.DocumentationPluginsBootstrapper : Context refreshed
2018-04-02 08:20:41.097  INFO 6580 --- [main] d.s.w.p.DocumentationPluginsBootstrapper : Found 1 custom documentation plugin(s)
2018-04-02 08:20:41.144  INFO 6580 --- [main] s.d.s.w.s.ApiListingReferenceScanner     : Scanning for api listing references
2018-04-02 08:20:41.175  INFO 6580 --- [main] s.a.ScheduledAnnotationBeanPostProcessor : No TaskScheduler/ScheduledExecutorService bean found for scheduled processing
2018-04-02 08:20:41.456  INFO 6580 --- [main] s.b.c.e.t.TomcatEmbeddedServletContainer : Tomcat started on port(s): 8889 (http)
2018-04-02 08:20:41.504  INFO 6580 --- [main] com.simba.ApplicationStart               : Started ApplicationStart in 15.833 seconds (JVM running for 19.001)
2018-04-02 08:21:14.572  INFO 6580 --- [http-nio-8889-exec-1] o.a.c.c.C.[Tomcat].[localhost].[/]       : Initializing Spring FrameworkServlet 'dispatcherServlet'
2018-04-02 08:21:14.572  INFO 6580 --- [http-nio-8889-exec-1] o.s.web.servlet.DispatcherServlet        : FrameworkServlet 'dispatcherServlet': initialization started
2018-04-02 08:21:14.626  INFO 6580 --- [http-nio-8889-exec-1] o.s.web.servlet.DispatcherServlet        : FrameworkServlet 'dispatcherServlet': initialization completed in 54 ms
2018-04-02 08:28:28.914  INFO 6580 --- [RMI TCP Connection(3)-127.0.0.1] inMXBeanRegistrar$SpringApplicationAdmin : Application shutdown requested.
2018-04-02 08:28:28.914  INFO 6580 --- [RMI TCP Connection(2)-127.0.0.1] inMXBeanRegistrar$SpringApplicationAdmin : Application shutdown requested.
2018-04-02 08:28:28.914  INFO 6580 --- [RMI TCP Connection(3)-127.0.0.1] ationConfigEmbeddedWebApplicationContext : Closing org.springframework.boot.context.embedded.AnnotationConfigEmbeddedWebApplicationContext@14bdbc74: startup date [Mon Apr 02 08:20:26 CST 2018]; root of context hierarchy
2018-04-02 08:28:28.924  INFO 6580 --- [RMI TCP Connection(3)-127.0.0.1] o.s.c.support.DefaultLifecycleProcessor  : Stopping beans in phase 2147483647
2018-04-02 08:28:28.945  INFO 6580 --- [RMI TCP Connection(3)-127.0.0.1] o.s.c.support.DefaultLifecycleProcessor  : Stopping beans in phase 0
2018-04-02 08:28:28.946  INFO 6580 --- [RMI TCP Connection(3)-127.0.0.1] o.s.j.e.a.AnnotationMBeanExporter        : Unregistering JMX-exposed beans on shutdown
2018-04-02 08:28:28.946  INFO 6580 --- [RMI TCP Connection(3)-127.0.0.1] o.s.j.e.a.AnnotationMBeanExporter        : Unregistering JMX-exposed beans
2018-04-02 08:28:28.948  INFO 6580 --- [RMI TCP Connection(3)-127.0.0.1] o.s.s.concurrent.ThreadPoolTaskExecutor  : Shutting down ExecutorService 'taskExecutor'
2018-04-02 08:28:28.948  INFO 6580 --- [RMI TCP Connection(3)-127.0.0.1] com.simba.framework.util.jdbc.Jdbc       : destroy
2018-04-02 08:28:28.954  INFO 6580 --- [RMI TCP Connection(3)-127.0.0.1] com.alibaba.druid.pool.DruidDataSource   : {dataSource-1} closed
2018-04-02 08:48:38.384  INFO 5236 --- [main] com.simba.ApplicationStart               : Starting ApplicationStart on caozhejun with PID 5236 (E:\Simba\trunk\simbaRoot\simba-user\target\classes started by caozhejun in E:\Simba\trunk\simbaRoot\simba-user)
2018-04-02 08:48:38.389  INFO 5236 --- [main] com.simba.ApplicationStart               : The following profiles are active: dev
2018-04-02 08:48:38.424  INFO 5236 --- [main] ationConfigEmbeddedWebApplicationContext : Refreshing org.springframework.boot.context.embedded.AnnotationConfigEmbeddedWebApplicationContext@14bdbc74: startup date [Mon Apr 02 08:48:38 CST 2018]; root of context hierarchy
2018-04-02 08:48:39.455  INFO 5236 --- [main] o.s.b.f.s.DefaultListableBeanFactory     : Overriding bean definition for bean 'druidServlet' with a different definition: replacing [Root bean: class [null]; scope=; abstract=false; lazyInit=false; autowireMode=3; dependencyCheck=0; autowireCandidate=true; primary=false; factoryBeanName=druidConfiguration; factoryMethodName=druidServlet; initMethodName=null; destroyMethodName=(inferred); defined in class path resource [com/simba/framework/util/jdbc/DruidConfiguration.class]] with [Root bean: class [null]; scope=; abstract=false; lazyInit=false; autowireMode=3; dependencyCheck=0; autowireCandidate=true; primary=false; factoryBeanName=kaptchaConfiguration; factoryMethodName=druidServlet; initMethodName=null; destroyMethodName=(inferred); defined in class path resource [com/simba/kaptcha/KaptchaConfiguration.class]]
2018-04-02 08:48:39.462  INFO 5236 --- [main] o.s.b.f.s.DefaultListableBeanFactory     : Overriding bean definition for bean 'filterRegistrationBean' with a different definition: replacing [Root bean: class [null]; scope=; abstract=false; lazyInit=false; autowireMode=3; dependencyCheck=0; autowireCandidate=true; primary=false; factoryBeanName=druidConfiguration; factoryMethodName=filterRegistrationBean; initMethodName=null; destroyMethodName=(inferred); defined in class path resource [com/simba/framework/util/jdbc/DruidConfiguration.class]] with [Root bean: class [null]; scope=; abstract=false; lazyInit=false; autowireMode=3; dependencyCheck=0; autowireCandidate=true; primary=false; factoryBeanName=sessionConfig; factoryMethodName=filterRegistrationBean; initMethodName=null; destroyMethodName=(inferred); defined in class path resource [com/simba/framework/session/config/SessionConfig.class]]
2018-04-02 08:48:39.727  INFO 5236 --- [main] .s.d.r.c.RepositoryConfigurationDelegate : Multiple Spring Data modules found, entering strict repository configuration mode!
2018-04-02 08:48:40.317  INFO 5236 --- [main] trationDelegate$BeanPostProcessorChecker : Bean 'org.springframework.transaction.annotation.ProxyTransactionManagementConfiguration' of type [org.springframework.transaction.annotation.ProxyTransactionManagementConfiguration$$EnhancerBySpringCGLIB$$5b901538] is not eligible for getting processed by all BeanPostProcessors (for example: not eligible for auto-proxying)
2018-04-02 08:48:40.450  INFO 5236 --- [main] trationDelegate$BeanPostProcessorChecker : Bean 'org.springframework.cache.annotation.ProxyCachingConfiguration' of type [org.springframework.cache.annotation.ProxyCachingConfiguration$$EnhancerBySpringCGLIB$$a4a24b56] is not eligible for getting processed by all BeanPostProcessors (for example: not eligible for auto-proxying)
2018-04-02 08:48:40.481  INFO 5236 --- [main] trationDelegate$BeanPostProcessorChecker : Bean 'org.springframework.boot.autoconfigure.cache.CacheAutoConfiguration' of type [org.springframework.boot.autoconfigure.cache.CacheAutoConfiguration$$EnhancerBySpringCGLIB$$99160ffa] is not eligible for getting processed by all BeanPostProcessors (for example: not eligible for auto-proxying)
2018-04-02 08:48:40.519  INFO 5236 --- [main] trationDelegate$BeanPostProcessorChecker : Bean 'spring.cache-org.springframework.boot.autoconfigure.cache.CacheProperties' of type [org.springframework.boot.autoconfigure.cache.CacheProperties] is not eligible for getting processed by all BeanPostProcessors (for example: not eligible for auto-proxying)
2018-04-02 08:48:40.537  INFO 5236 --- [main] trationDelegate$BeanPostProcessorChecker : Bean 'cacheManagerCustomizers' of type [org.springframework.boot.autoconfigure.cache.CacheManagerCustomizers] is not eligible for getting processed by all BeanPostProcessors (for example: not eligible for auto-proxying)
2018-04-02 08:48:40.545  INFO 5236 --- [main] trationDelegate$BeanPostProcessorChecker : Bean 'org.springframework.boot.autoconfigure.cache.RedisCacheConfiguration' of type [org.springframework.boot.autoconfigure.cache.RedisCacheConfiguration$$EnhancerBySpringCGLIB$$49a7ac54] is not eligible for getting processed by all BeanPostProcessors (for example: not eligible for auto-proxying)
2018-04-02 08:48:40.560  INFO 5236 --- [main] trationDelegate$BeanPostProcessorChecker : Bean 'org.springframework.boot.autoconfigure.data.redis.RedisAutoConfiguration$RedisConfiguration' of type [org.springframework.boot.autoconfigure.data.redis.RedisAutoConfiguration$RedisConfiguration$$EnhancerBySpringCGLIB$$a1329ac5] is not eligible for getting processed by all BeanPostProcessors (for example: not eligible for auto-proxying)
2018-04-02 08:48:40.582  INFO 5236 --- [main] trationDelegate$BeanPostProcessorChecker : Bean 'spring.redis-org.springframework.boot.autoconfigure.data.redis.RedisProperties' of type [org.springframework.boot.autoconfigure.data.redis.RedisProperties] is not eligible for getting processed by all BeanPostProcessors (for example: not eligible for auto-proxying)
2018-04-02 08:48:40.596  INFO 5236 --- [main] trationDelegate$BeanPostProcessorChecker : Bean 'org.springframework.boot.autoconfigure.data.redis.RedisAutoConfiguration$RedisConnectionConfiguration' of type [org.springframework.boot.autoconfigure.data.redis.RedisAutoConfiguration$RedisConnectionConfiguration$$EnhancerBySpringCGLIB$$ef8a3c47] is not eligible for getting processed by all BeanPostProcessors (for example: not eligible for auto-proxying)
2018-04-02 08:48:40.641  INFO 5236 --- [main] trationDelegate$BeanPostProcessorChecker : Bean 'redisConnectionFactory' of type [org.springframework.data.redis.connection.jedis.JedisConnectionFactory] is not eligible for getting processed by all BeanPostProcessors (for example: not eligible for auto-proxying)
2018-04-02 08:48:40.695  INFO 5236 --- [main] trationDelegate$BeanPostProcessorChecker : Bean 'redisTemplate' of type [org.springframework.data.redis.core.RedisTemplate] is not eligible for getting processed by all BeanPostProcessors (for example: not eligible for auto-proxying)
2018-04-02 08:48:40.783  INFO 5236 --- [main] trationDelegate$BeanPostProcessorChecker : Bean 'cacheManager' of type [org.springframework.data.redis.cache.RedisCacheManager] is not eligible for getting processed by all BeanPostProcessors (for example: not eligible for auto-proxying)
2018-04-02 08:48:40.795  INFO 5236 --- [main] trationDelegate$BeanPostProcessorChecker : Bean 'cacheAutoConfigurationValidator' of type [org.springframework.boot.autoconfigure.cache.CacheAutoConfiguration$CacheManagerValidator] is not eligible for getting processed by all BeanPostProcessors (for example: not eligible for auto-proxying)
2018-04-02 08:48:41.271  INFO 5236 --- [main] s.b.c.e.t.TomcatEmbeddedServletContainer : Tomcat initialized with port(s): 8889 (http)
2018-04-02 08:48:41.280  INFO 5236 --- [main] o.apache.catalina.core.StandardService   : Starting service Tomcat
2018-04-02 08:48:41.281  INFO 5236 --- [main] org.apache.catalina.core.StandardEngine  : Starting Servlet Engine: Apache Tomcat/8.5.14
2018-04-02 08:48:41.382  INFO 5236 --- [localhost-startStop-1] o.a.c.c.C.[Tomcat].[localhost].[/]       : Initializing Spring embedded WebApplicationContext
2018-04-02 08:48:41.383  INFO 5236 --- [localhost-startStop-1] o.s.web.context.ContextLoader            : Root WebApplicationContext: initialization completed in 2961 ms
2018-04-02 08:48:41.410  INFO 5236 --- [localhost-startStop-1] com.simba.kaptcha.KaptchaConfiguration   : =====================init google kaptcha Servlet Configuration =========================================
2018-04-02 08:48:41.456  INFO 5236 --- [localhost-startStop-1] c.s.f.session.config.SessionConfig       : =====================init session filter Configuration==============================
2018-04-02 08:48:41.475  INFO 5236 --- [localhost-startStop-1] c.s.f.session.config.SessionConfig       : =====================init session listener Configuration==============================
2018-04-02 08:48:41.986  INFO 5236 --- [localhost-startStop-1] o.s.b.w.servlet.ServletRegistrationBean  : Mapping servlet: 'kaptchaServlet' to [/kaptcha]
2018-04-02 08:48:41.987  INFO 5236 --- [localhost-startStop-1] o.s.b.w.servlet.ServletRegistrationBean  : Mapping servlet: 'dispatcherServlet' to [/]
2018-04-02 08:48:41.994  INFO 5236 --- [localhost-startStop-1] o.s.b.w.servlet.FilterRegistrationBean   : Mapping filter: 'metricsFilter' to: [/*]
2018-04-02 08:48:41.994  INFO 5236 --- [localhost-startStop-1] o.s.b.w.servlet.FilterRegistrationBean   : Mapping filter: 'characterEncodingFilter' to: [/*]
2018-04-02 08:48:41.994  INFO 5236 --- [localhost-startStop-1] o.s.b.w.servlet.FilterRegistrationBean   : Mapping filter: 'hiddenHttpMethodFilter' to: [/*]
2018-04-02 08:48:41.994  INFO 5236 --- [localhost-startStop-1] o.s.b.w.servlet.FilterRegistrationBean   : Mapping filter: 'httpPutFormContentFilter' to: [/*]
2018-04-02 08:48:41.994  INFO 5236 --- [localhost-startStop-1] o.s.b.w.servlet.FilterRegistrationBean   : Mapping filter: 'requestContextFilter' to: [/*]
2018-04-02 08:48:41.994  INFO 5236 --- [localhost-startStop-1] o.s.b.w.servlet.FilterRegistrationBean   : Mapping filter: 'webRequestLoggingFilter' to: [/*]
2018-04-02 08:48:41.994  INFO 5236 --- [localhost-startStop-1] o.s.b.w.servlet.FilterRegistrationBean   : Mapping filter: 'sessionFilter' to urls: [/*]
2018-04-02 08:48:41.994  INFO 5236 --- [localhost-startStop-1] o.s.b.w.servlet.FilterRegistrationBean   : Mapping filter: 'applicationContextIdFilter' to: [/*]
2018-04-02 08:48:42.030  INFO 5236 --- [localhost-startStop-1] c.simba.framework.session.SessionFilter  : *****************获取配置文件设置session过期时间为:1800000
2018-04-02 08:48:42.033  INFO 5236 --- [localhost-startStop-1] c.s.f.session.DisSessionRequestWrapper   : ****************设置session过期时间为1800000
2018-04-02 08:48:42.773  INFO 5236 --- [main] com.simba.framework.util.jdbc.Jdbc       : init
2018-04-02 08:48:42.853  INFO 5236 --- [main] o.s.s.concurrent.ThreadPoolTaskExecutor  : Initializing ExecutorService  'taskExecutor'
2018-04-02 08:48:43.003  INFO 5236 --- [main] c.s.f.distributed.DistributedUtil        : 订阅集群频道成功
2018-04-02 08:48:43.040  INFO 5236 --- [main] com.simba.cache.RedisUtil                : pool:redis.clients.jedis.JedisPool@1ad1be5d
2018-04-02 08:48:43.066  INFO 5236 --- [main] com.simba.cache.RedisClusterUtil         : 没有配置redis集群(redis.cluster.address)[ip1:port1,ip2:port2]，不启动redis集群客户端
2018-04-02 08:48:43.084  INFO 5236 --- [main] c.s.f.u.a.ApplicationContextUtil         : ****************************init ApplicationContext successfully:org.springframework.boot.context.embedded.AnnotationConfigEmbeddedWebApplicationContext
2018-04-02 08:48:43.102  INFO 5236 --- [main] c.s.f.u.b.PageParameterBeanPostProcessor : 注入集群方法:com.simba.cluster.registryTable.RegistryTableClusterExecute
2018-04-02 08:48:43.453  INFO 5236 --- [main] com.alibaba.druid.pool.DruidDataSource   : {dataSource-1} inited
2018-04-02 08:48:43.518  INFO 5236 --- [main] com.simba.framework.util.jdbc.Jdbc       : result size:9 sql:select * from registryTable
2018-04-02 08:48:45.018  INFO 5236 --- [main] s.w.s.m.m.a.RequestMappingHandlerMapping : Mapped "{[/download/download],methods=[GET]}" onto public void com.simba.controller.DownloadController.download(java.lang.String,javax.servlet.http.HttpServletResponse)
2018-04-02 08:48:45.019  INFO 5236 --- [main] s.w.s.m.m.a.RequestMappingHandlerMapping : Mapped "{[/myerror]}" onto public java.lang.String com.simba.controller.ErrorPageController.error()
2018-04-02 08:48:45.020  INFO 5236 --- [main] s.w.s.m.m.a.RequestMappingHandlerMapping : Mapped "{[/myforbid]}" onto public java.lang.String com.simba.controller.ErrorPageController.forbid()
2018-04-02 08:48:45.020  INFO 5236 --- [main] s.w.s.m.m.a.RequestMappingHandlerMapping : Mapped "{[/mynopage]}" onto public java.lang.String com.simba.controller.ErrorPageController.nopage()
2018-04-02 08:48:45.020  INFO 5236 --- [main] s.w.s.m.m.a.RequestMappingHandlerMapping : Mapped "{[/ping],methods=[GET]}" onto public java.lang.String com.simba.controller.PingController.ping()
2018-04-02 08:48:45.021  INFO 5236 --- [main] s.w.s.m.m.a.RequestMappingHandlerMapping : Mapped "{[/session/getSid],methods=[GET]}" onto public java.lang.String com.simba.controller.SessionController.getSid(javax.servlet.http.HttpServletRequest)
2018-04-02 08:48:45.021  INFO 5236 --- [main] s.w.s.m.m.a.RequestMappingHandlerMapping : Mapped "{[/kaptcha/check]}" onto public com.simba.framework.util.json.JsonResult com.simba.kaptcha.KaptchaController.check(java.lang.String,javax.servlet.http.HttpSession)
2018-04-02 08:48:45.024  INFO 5236 --- [main] s.w.s.m.m.a.RequestMappingHandlerMapping : Mapped "{[/registryTable/add]}" onto public java.lang.String com.simba.registry.controller.RegistryTableController.add(com.simba.registry.model.RegistryTable,org.springframework.ui.ModelMap)
2018-04-02 08:48:45.025  INFO 5236 --- [main] s.w.s.m.m.a.RequestMappingHandlerMapping : Mapped "{[/registryTable/count]}" onto public com.simba.framework.util.json.JsonResult com.simba.registry.controller.RegistryTableController.count(int)
2018-04-02 08:48:45.025  INFO 5236 --- [main] s.w.s.m.m.a.RequestMappingHandlerMapping : Mapped "{[/registryTable/update]}" onto public java.lang.String com.simba.registry.controller.RegistryTableController.update(com.simba.registry.model.RegistryTable,org.springframework.ui.ModelMap)
2018-04-02 08:48:45.025  INFO 5236 --- [main] s.w.s.m.m.a.RequestMappingHandlerMapping : Mapped "{[/registryTable/delete]}" onto public com.simba.framework.util.json.JsonResult com.simba.registry.controller.RegistryTableController.delete(int,org.springframework.ui.ModelMap)
2018-04-02 08:48:45.025  INFO 5236 --- [main] s.w.s.m.m.a.RequestMappingHandlerMapping : Mapped "{[/registryTable/list]}" onto public java.lang.String com.simba.registry.controller.RegistryTableController.list(java.lang.Integer,org.springframework.ui.ModelMap)
2018-04-02 08:48:45.025  INFO 5236 --- [main] s.w.s.m.m.a.RequestMappingHandlerMapping : Mapped "{[/registryTable/toAdd]}" onto public java.lang.String com.simba.registry.controller.RegistryTableController.toAdd(int,org.springframework.ui.ModelMap)
2018-04-02 08:48:45.025  INFO 5236 --- [main] s.w.s.m.m.a.RequestMappingHandlerMapping : Mapped "{[/registryTable/batchDelete]}" onto public com.simba.framework.util.json.JsonResult com.simba.registry.controller.RegistryTableController.batchDelete(java.lang.Integer[],org.springframework.ui.ModelMap)
2018-04-02 08:48:45.026  INFO 5236 --- [main] s.w.s.m.m.a.RequestMappingHandlerMapping : Mapped "{[/registryTable/getList]}" onto public java.lang.String com.simba.registry.controller.RegistryTableController.getList(int,com.simba.framework.util.jdbc.Pager,org.springframework.ui.ModelMap)
2018-04-02 08:48:45.026  INFO 5236 --- [main] s.w.s.m.m.a.RequestMappingHandlerMapping : Mapped "{[/registryTable/toUpdate]}" onto public java.lang.String com.simba.registry.controller.RegistryTableController.toUpdate(int,org.springframework.ui.ModelMap)
2018-04-02 08:48:45.026  INFO 5236 --- [main] s.w.s.m.m.a.RequestMappingHandlerMapping : Mapped "{[/registryTable/exportSql]}" onto public void com.simba.registry.controller.RegistryTableController.exportSql(javax.servlet.http.HttpServletResponse) throws freemarker.template.TemplateNotFoundException,freemarker.template.MalformedTemplateNameException,java.text.ParseException,java.io.IOException,freemarker.template.TemplateException
2018-04-02 08:48:45.028  INFO 5236 --- [main] s.w.s.m.m.a.RequestMappingHandlerMapping : Mapped "{[/registryType/add]}" onto public java.lang.String com.simba.registry.controller.RegistryTypeController.add(com.simba.registry.model.RegistryType)
2018-04-02 08:48:45.029  INFO 5236 --- [main] s.w.s.m.m.a.RequestMappingHandlerMapping : Mapped "{[/registryType/update]}" onto public java.lang.String com.simba.registry.controller.RegistryTypeController.update(com.simba.registry.model.RegistryType)
2018-04-02 08:48:45.029  INFO 5236 --- [main] s.w.s.m.m.a.RequestMappingHandlerMapping : Mapped "{[/registryType/delete]}" onto public com.simba.framework.util.json.JsonResult com.simba.registry.controller.RegistryTypeController.delete(int,org.springframework.ui.ModelMap)
2018-04-02 08:48:45.029  INFO 5236 --- [main] s.w.s.m.m.a.RequestMappingHandlerMapping : Mapped "{[/registryType/list]}" onto public java.lang.String com.simba.registry.controller.RegistryTypeController.list(java.lang.Integer,org.springframework.ui.ModelMap)
2018-04-02 08:48:45.029  INFO 5236 --- [main] s.w.s.m.m.a.RequestMappingHandlerMapping : Mapped "{[/registryType/toAdd]}" onto public java.lang.String com.simba.registry.controller.RegistryTypeController.toAdd(int,org.springframework.ui.ModelMap)
2018-04-02 08:48:45.029  INFO 5236 --- [main] s.w.s.m.m.a.RequestMappingHandlerMapping : Mapped "{[/registryType/getRegistryTypeTree]}" onto public java.util.List<com.simba.bootstrap.model.TreeViewData> com.simba.registry.controller.RegistryTypeController.getRegistryTypeTree()
2018-04-02 08:48:45.030  INFO 5236 --- [main] s.w.s.m.m.a.RequestMappingHandlerMapping : Mapped "{[/registryType/getRegistryTypeList]}" onto public java.lang.String com.simba.registry.controller.RegistryTypeController.getRegistryTypeList(int,org.springframework.ui.ModelMap)
2018-04-02 08:48:45.030  INFO 5236 --- [main] s.w.s.m.m.a.RequestMappingHandlerMapping : Mapped "{[/registryType/batchDelete]}" onto public com.simba.framework.util.json.JsonResult com.simba.registry.controller.RegistryTypeController.batchDelete(java.lang.Integer[],org.springframework.ui.ModelMap)
2018-04-02 08:48:45.030  INFO 5236 --- [main] s.w.s.m.m.a.RequestMappingHandlerMapping : Mapped "{[/registryType/toUpdate]}" onto public java.lang.String com.simba.registry.controller.RegistryTypeController.toUpdate(int,org.springframework.ui.ModelMap)
2018-04-02 08:48:45.032  INFO 5236 --- [main] s.w.s.m.m.a.RequestMappingHandlerMapping : Mapped "{[/swagger-resources/configuration/ui]}" onto public org.springframework.http.ResponseEntity<springfox.documentation.swagger.web.UiConfiguration> springfox.documentation.swagger.web.ApiResourceController.uiConfiguration()
2018-04-02 08:48:45.033  INFO 5236 --- [main] s.w.s.m.m.a.RequestMappingHandlerMapping : Mapped "{[/swagger-resources]}" onto public org.springframework.http.ResponseEntity<java.util.List<springfox.documentation.swagger.web.SwaggerResource>> springfox.documentation.swagger.web.ApiResourceController.swaggerResources()
2018-04-02 08:48:45.034  INFO 5236 --- [main] s.w.s.m.m.a.RequestMappingHandlerMapping : Mapped "{[/swagger-resources/configuration/security]}" onto public org.springframework.http.ResponseEntity<springfox.documentation.swagger.web.SecurityConfiguration> springfox.documentation.swagger.web.ApiResourceController.securityConfiguration()
2018-04-02 08:48:45.036  INFO 5236 --- [main] s.w.s.m.m.a.RequestMappingHandlerMapping : Mapped "{[/error]}" onto public org.springframework.http.ResponseEntity<java.util.Map<java.lang.String, java.lang.Object>> org.springframework.boot.autoconfigure.web.BasicErrorController.error(javax.servlet.http.HttpServletRequest)
2018-04-02 08:48:45.036  INFO 5236 --- [main] s.w.s.m.m.a.RequestMappingHandlerMapping : Mapped "{[/error],produces=[text/html]}" onto public org.springframework.web.servlet.ModelAndView org.springframework.boot.autoconfigure.web.BasicErrorController.errorHtml(javax.servlet.http.HttpServletRequest,javax.servlet.http.HttpServletResponse)
2018-04-02 08:48:45.637  INFO 5236 --- [main] o.s.b.a.e.mvc.EndpointHandlerMapping     : Mapped "{[/info || /info.json],methods=[GET],produces=[application/vnd.spring-boot.actuator.v1+json || application/json]}" onto public java.lang.Object org.springframework.boot.actuate.endpoint.mvc.EndpointMvcAdapter.invoke()
2018-04-02 08:48:45.638  INFO 5236 --- [main] o.s.b.a.e.mvc.EndpointHandlerMapping     : Mapped "{[/auditevents || /auditevents.json],methods=[GET],produces=[application/vnd.spring-boot.actuator.v1+json || application/json]}" onto public org.springframework.http.ResponseEntity<?> org.springframework.boot.actuate.endpoint.mvc.AuditEventsMvcEndpoint.findByPrincipalAndAfterAndType(java.lang.String,java.util.Date,java.lang.String)
2018-04-02 08:48:45.639  INFO 5236 --- [main] o.s.b.a.e.mvc.EndpointHandlerMapping     : Mapped "{[/autoconfig || /autoconfig.json],methods=[GET],produces=[application/vnd.spring-boot.actuator.v1+json || application/json]}" onto public java.lang.Object org.springframework.boot.actuate.endpoint.mvc.EndpointMvcAdapter.invoke()
2018-04-02 08:48:45.639  INFO 5236 --- [main] o.s.b.a.e.mvc.EndpointHandlerMapping     : Mapped "{[/dump || /dump.json],methods=[GET],produces=[application/vnd.spring-boot.actuator.v1+json || application/json]}" onto public java.lang.Object org.springframework.boot.actuate.endpoint.mvc.EndpointMvcAdapter.invoke()
2018-04-02 08:48:45.640  INFO 5236 --- [main] o.s.b.a.e.mvc.EndpointHandlerMapping     : Mapped "{[/logfile || /logfile.json],methods=[GET || HEAD]}" onto public void org.springframework.boot.actuate.endpoint.mvc.LogFileMvcEndpoint.invoke(javax.servlet.http.HttpServletRequest,javax.servlet.http.HttpServletResponse) throws javax.servlet.ServletException,java.io.IOException
2018-04-02 08:48:45.641  INFO 5236 --- [main] o.s.b.a.e.mvc.EndpointHandlerMapping     : Mapped "{[/heapdump || /heapdump.json],methods=[GET],produces=[application/octet-stream]}" onto public void org.springframework.boot.actuate.endpoint.mvc.HeapdumpMvcEndpoint.invoke(boolean,javax.servlet.http.HttpServletRequest,javax.servlet.http.HttpServletResponse) throws java.io.IOException,javax.servlet.ServletException
2018-04-02 08:48:45.642  INFO 5236 --- [main] o.s.b.a.e.mvc.EndpointHandlerMapping     : Mapped "{[/loggers/{name:.*}],methods=[GET],produces=[application/vnd.spring-boot.actuator.v1+json || application/json]}" onto public java.lang.Object org.springframework.boot.actuate.endpoint.mvc.LoggersMvcEndpoint.get(java.lang.String)
2018-04-02 08:48:45.642  INFO 5236 --- [main] o.s.b.a.e.mvc.EndpointHandlerMapping     : Mapped "{[/loggers/{name:.*}],methods=[POST],consumes=[application/vnd.spring-boot.actuator.v1+json || application/json],produces=[application/vnd.spring-boot.actuator.v1+json || application/json]}" onto public java.lang.Object org.springframework.boot.actuate.endpoint.mvc.LoggersMvcEndpoint.set(java.lang.String,java.util.Map<java.lang.String, java.lang.String>)
2018-04-02 08:48:45.642  INFO 5236 --- [main] o.s.b.a.e.mvc.EndpointHandlerMapping     : Mapped "{[/loggers || /loggers.json],methods=[GET],produces=[application/vnd.spring-boot.actuator.v1+json || application/json]}" onto public java.lang.Object org.springframework.boot.actuate.endpoint.mvc.EndpointMvcAdapter.invoke()
2018-04-02 08:48:45.643  INFO 5236 --- [main] o.s.b.a.e.mvc.EndpointHandlerMapping     : Mapped "{[/env/{name:.*}],methods=[GET],produces=[application/vnd.spring-boot.actuator.v1+json || application/json]}" onto public java.lang.Object org.springframework.boot.actuate.endpoint.mvc.EnvironmentMvcEndpoint.value(java.lang.String)
2018-04-02 08:48:45.643  INFO 5236 --- [main] o.s.b.a.e.mvc.EndpointHandlerMapping     : Mapped "{[/env || /env.json],methods=[GET],produces=[application/vnd.spring-boot.actuator.v1+json || application/json]}" onto public java.lang.Object org.springframework.boot.actuate.endpoint.mvc.EndpointMvcAdapter.invoke()
2018-04-02 08:48:45.644  INFO 5236 --- [main] o.s.b.a.e.mvc.EndpointHandlerMapping     : Mapped "{[/metrics/{name:.*}],methods=[GET],produces=[application/vnd.spring-boot.actuator.v1+json || application/json]}" onto public java.lang.Object org.springframework.boot.actuate.endpoint.mvc.MetricsMvcEndpoint.value(java.lang.String)
2018-04-02 08:48:45.644  INFO 5236 --- [main] o.s.b.a.e.mvc.EndpointHandlerMapping     : Mapped "{[/metrics || /metrics.json],methods=[GET],produces=[application/vnd.spring-boot.actuator.v1+json || application/json]}" onto public java.lang.Object org.springframework.boot.actuate.endpoint.mvc.EndpointMvcAdapter.invoke()
2018-04-02 08:48:45.644  INFO 5236 --- [main] o.s.b.a.e.mvc.EndpointHandlerMapping     : Mapped "{[/mappings || /mappings.json],methods=[GET],produces=[application/vnd.spring-boot.actuator.v1+json || application/json]}" onto public java.lang.Object org.springframework.boot.actuate.endpoint.mvc.EndpointMvcAdapter.invoke()
2018-04-02 08:48:45.645  INFO 5236 --- [main] o.s.b.a.e.mvc.EndpointHandlerMapping     : Mapped "{[/beans || /beans.json],methods=[GET],produces=[application/vnd.spring-boot.actuator.v1+json || application/json]}" onto public java.lang.Object org.springframework.boot.actuate.endpoint.mvc.EndpointMvcAdapter.invoke()
2018-04-02 08:48:45.645  INFO 5236 --- [main] o.s.b.a.e.mvc.EndpointHandlerMapping     : Mapped "{[/trace || /trace.json],methods=[GET],produces=[application/vnd.spring-boot.actuator.v1+json || application/json]}" onto public java.lang.Object org.springframework.boot.actuate.endpoint.mvc.EndpointMvcAdapter.invoke()
2018-04-02 08:48:45.646  INFO 5236 --- [main] o.s.b.a.e.mvc.EndpointHandlerMapping     : Mapped "{[/health || /health.json],methods=[GET],produces=[application/vnd.spring-boot.actuator.v1+json || application/json]}" onto public java.lang.Object org.springframework.boot.actuate.endpoint.mvc.HealthMvcEndpoint.invoke(javax.servlet.http.HttpServletRequest,java.security.Principal)
2018-04-02 08:48:45.646  INFO 5236 --- [main] o.s.b.a.e.mvc.EndpointHandlerMapping     : Mapped "{[/configprops || /configprops.json],methods=[GET],produces=[application/vnd.spring-boot.actuator.v1+json || application/json]}" onto public java.lang.Object org.springframework.boot.actuate.endpoint.mvc.EndpointMvcAdapter.invoke()
2018-04-02 08:48:46.004  INFO 5236 --- [main] pertySourcedRequestMappingHandlerMapping : Mapped URL path [/v2/api-docs] onto method [public org.springframework.http.ResponseEntity<springfox.documentation.spring.web.json.Json> springfox.documentation.swagger2.web.Swagger2Controller.getDocumentation(java.lang.String,javax.servlet.http.HttpServletRequest)]
2018-04-02 08:48:46.022  INFO 5236 --- [main] com.simba.swagger2.SwaggerConfiguration  : *****************初始化swagger2完成*************************
2018-04-02 08:48:46.253  INFO 5236 --- [main] s.w.s.m.m.a.RequestMappingHandlerAdapter : Looking for @ControllerAdvice: org.springframework.boot.context.embedded.AnnotationConfigEmbeddedWebApplicationContext@14bdbc74: startup date [Mon Apr 02 08:48:38 CST 2018]; root of context hierarchy
2018-04-02 08:48:46.262  INFO 5236 --- [main] s.w.s.m.m.a.RequestMappingHandlerAdapter : Detected ResponseBodyAdvice bean in jsonpAdvice
2018-04-02 08:48:46.373  INFO 5236 --- [main] o.s.w.s.handler.SimpleUrlHandlerMapping  : Mapped URL path [/webjars/**] onto handler of type [class org.springframework.web.servlet.resource.ResourceHttpRequestHandler]
2018-04-02 08:48:46.373  INFO 5236 --- [main] o.s.w.s.handler.SimpleUrlHandlerMapping  : Mapped URL path [/**] onto handler of type [class org.springframework.web.servlet.resource.ResourceHttpRequestHandler]
2018-04-02 08:48:46.405  INFO 5236 --- [main] .m.m.a.ExceptionHandlerExceptionResolver : Detected @ExceptionHandler methods in globalExceptionHandler
2018-04-02 08:48:46.406  INFO 5236 --- [main] .m.m.a.ExceptionHandlerExceptionResolver : Detected ResponseBodyAdvice implementation in jsonpAdvice
2018-04-02 08:48:46.457  INFO 5236 --- [main] o.s.w.s.handler.SimpleUrlHandlerMapping  : Mapped URL path [/**/favicon.ico] onto handler of type [class org.springframework.web.servlet.resource.ResourceHttpRequestHandler]
2018-04-02 08:48:47.205  INFO 5236 --- [main] o.s.ui.freemarker.SpringTemplateLoader   : SpringTemplateLoader for FreeMarker: using resource loader [org.springframework.boot.context.embedded.AnnotationConfigEmbeddedWebApplicationContext@14bdbc74: startup date [Mon Apr 02 08:48:38 CST 2018]; root of context hierarchy] and template loader path [classpath:/templates/]
2018-04-02 08:48:47.206  INFO 5236 --- [main] o.s.w.s.v.f.FreeMarkerConfigurer         : ClassTemplateLoader for Spring macros added to FreeMarker configuration
2018-04-02 08:48:47.961  INFO 5236 --- [main] o.s.j.e.a.AnnotationMBeanExporter        : Registering beans for JMX exposure on startup
2018-04-02 08:48:47.962  INFO 5236 --- [main] o.s.j.e.a.AnnotationMBeanExporter        : Bean with name 'dataSource' has been autodetected for JMX exposure
2018-04-02 08:48:47.970  INFO 5236 --- [main] o.s.j.e.a.AnnotationMBeanExporter        : Located MBean 'dataSource': registering with JMX server as MBean [com.alibaba.druid.pool:name=dataSource,type=DruidDataSource]
2018-04-02 08:48:47.975  INFO 5236 --- [main] o.s.c.support.DefaultLifecycleProcessor  : Starting beans in phase 0
2018-04-02 08:48:48.027  INFO 5236 --- [main] o.s.c.support.DefaultLifecycleProcessor  : Starting beans in phase 2147483647
2018-04-02 08:48:48.028  INFO 5236 --- [main] d.s.w.p.DocumentationPluginsBootstrapper : Context refreshed
2018-04-02 08:48:48.056  INFO 5236 --- [main] d.s.w.p.DocumentationPluginsBootstrapper : Found 1 custom documentation plugin(s)
2018-04-02 08:48:48.102  INFO 5236 --- [main] s.d.s.w.s.ApiListingReferenceScanner     : Scanning for api listing references
2018-04-02 08:48:48.130  INFO 5236 --- [main] s.a.ScheduledAnnotationBeanPostProcessor : No TaskScheduler/ScheduledExecutorService bean found for scheduled processing
2018-04-02 08:48:48.188  INFO 5236 --- [main] s.b.c.e.t.TomcatEmbeddedServletContainer : Tomcat started on port(s): 8889 (http)
2018-04-02 08:48:48.193  INFO 5236 --- [main] com.simba.ApplicationStart               : Started ApplicationStart in 10.077 seconds (JVM running for 10.702)
2018-04-02 08:49:11.354  INFO 5236 --- [http-nio-8889-exec-1] o.a.c.c.C.[Tomcat].[localhost].[/]       : Initializing Spring FrameworkServlet 'dispatcherServlet'
2018-04-02 08:49:11.355  INFO 5236 --- [http-nio-8889-exec-1] o.s.web.servlet.DispatcherServlet        : FrameworkServlet 'dispatcherServlet': initialization started
2018-04-02 08:49:11.392  INFO 5236 --- [http-nio-8889-exec-1] o.s.web.servlet.DispatcherServlet        : FrameworkServlet 'dispatcherServlet': initialization completed in 37 ms
2018-04-02 08:49:27.548  INFO 5236 --- [RMI TCP Connection(2)-127.0.0.1] inMXBeanRegistrar$SpringApplicationAdmin : Application shutdown requested.
2018-04-02 08:49:27.548  INFO 5236 --- [RMI TCP Connection(2)-127.0.0.1] ationConfigEmbeddedWebApplicationContext : Closing org.springframework.boot.context.embedded.AnnotationConfigEmbeddedWebApplicationContext@14bdbc74: startup date [Mon Apr 02 08:48:38 CST 2018]; root of context hierarchy
2018-04-02 08:49:27.548  INFO 5236 --- [RMI TCP Connection(2)-127.0.0.1] o.s.c.support.DefaultLifecycleProcessor  : Stopping beans in phase 2147483647
2018-04-02 08:49:27.548  INFO 5236 --- [RMI TCP Connection(2)-127.0.0.1] o.s.c.support.DefaultLifecycleProcessor  : Stopping beans in phase 0
2018-04-02 08:49:27.548  INFO 5236 --- [RMI TCP Connection(2)-127.0.0.1] o.s.j.e.a.AnnotationMBeanExporter        : Unregistering JMX-exposed beans on shutdown
2018-04-02 08:49:27.548  INFO 5236 --- [RMI TCP Connection(2)-127.0.0.1] o.s.j.e.a.AnnotationMBeanExporter        : Unregistering JMX-exposed beans
2018-04-02 08:49:27.548  INFO 5236 --- [RMI TCP Connection(2)-127.0.0.1] o.s.s.concurrent.ThreadPoolTaskExecutor  : Shutting down ExecutorService 'taskExecutor'
2018-04-02 08:49:27.548  INFO 5236 --- [RMI TCP Connection(2)-127.0.0.1] com.simba.framework.util.jdbc.Jdbc       : destroy
2018-04-02 08:49:27.549  INFO 5236 --- [RMI TCP Connection(2)-127.0.0.1] com.alibaba.druid.pool.DruidDataSource   : {dataSource-1} closed
